[0.195s] Invoking command in '/home/victoria_rotich/atom2024/build/diffdrive_arduino': AMENT_PREFIX_PATH=/home/victoria_rotich/atom2024/install/serial:${AMENT_PREFIX_PATH} CMAKE_PREFIX_PATH=/home/victoria_rotich/atom2024/install/serial:/home/victoria_rotich/cyclonedds_ws/install/rmw_cyclonedds_cpp:/home/victoria_rotich/cyclonedds_ws/install/cyclonedds:/home/victoria_rotich/dojo_robotics_2025/install/my_robot_pack2:/home/victoria_rotich/dojo_robotics_2025/install/cpp_pubsub:/home/victoria_rotich/ros2_ws/install/sllidar_ros2:/home/victoria_rotich/dojo_robotics_2025/install/talker:/home/victoria_rotich/dojo_robotics_2025/install/my_robot_package:/home/victoria_rotich/dojo_robotics_2025/install/listener:/home/victoria_rotich/dojo_robotics_2025/src/install/my_robot_package:/opt/ros/humble LD_LIBRARY_PATH=/home/victoria_rotich/atom2024/install/serial/lib:${LD_LIBRARY_PATH} /usr/bin/cmake /home/victoria_rotich/atom2024/diffdrive_arduino -DAMENT_CMAKE_SYMLINK_INSTALL=1 -DCMAKE_INSTALL_PREFIX=/home/victoria_rotich/atom2024/install/diffdrive_arduino
[1.072s] -- Found ament_cmake: 1.3.11 (/opt/ros/humble/share/ament_cmake/cmake)
[1.112s] -- Override CMake install command with custom implementation using symlinks instead of copying resources
[1.141s] -- Found serial: 1.2.1 (/home/victoria_rotich/atom2024/install/serial/share/serial/cmake)
[1.802s] -- Found hardware_interface: 2.50.0 (/opt/ros/humble/share/hardware_interface/cmake)
[3.337s] -- Found rosidl_generator_c: 3.1.6 (/opt/ros/humble/share/rosidl_generator_c/cmake)
[3.349s] -- Found rosidl_adapter: 3.1.6 (/opt/ros/humble/share/rosidl_adapter/cmake)
[3.385s] -- Found rosidl_generator_cpp: 3.1.6 (/opt/ros/humble/share/rosidl_generator_cpp/cmake)
[3.437s] -- Using all available rosidl_typesupport_c: rosidl_typesupport_fastrtps_c;rosidl_typesupport_introspection_c
[3.557s] -- Using all available rosidl_typesupport_cpp: rosidl_typesupport_fastrtps_cpp;rosidl_typesupport_introspection_cpp
[8.993s] -- Found rmw_implementation_cmake: 6.1.2 (/opt/ros/humble/share/rmw_implementation_cmake/cmake)
[8.998s] -- Found rmw_cyclonedds_cpp: 1.3.4 (/home/victoria_rotich/cyclonedds_ws/install/rmw_cyclonedds_cpp/share/rmw_cyclonedds_cpp/cmake)
[9.038s] -- Using RMW implementation 'rmw_cyclonedds_cpp' as default
[9.288s] -- Found controller_manager: 2.50.0 (/opt/ros/humble/share/controller_manager/cmake)
[9.804s] -- Configuring done
[11.239s] -- Generating done
[11.413s] -- Build files have been written to: /home/victoria_rotich/atom2024/build/diffdrive_arduino
[11.426s] Invoked command in '/home/victoria_rotich/atom2024/build/diffdrive_arduino' returned '0': AMENT_PREFIX_PATH=/home/victoria_rotich/atom2024/install/serial:${AMENT_PREFIX_PATH} CMAKE_PREFIX_PATH=/home/victoria_rotich/atom2024/install/serial:/home/victoria_rotich/cyclonedds_ws/install/rmw_cyclonedds_cpp:/home/victoria_rotich/cyclonedds_ws/install/cyclonedds:/home/victoria_rotich/dojo_robotics_2025/install/my_robot_pack2:/home/victoria_rotich/dojo_robotics_2025/install/cpp_pubsub:/home/victoria_rotich/ros2_ws/install/sllidar_ros2:/home/victoria_rotich/dojo_robotics_2025/install/talker:/home/victoria_rotich/dojo_robotics_2025/install/my_robot_package:/home/victoria_rotich/dojo_robotics_2025/install/listener:/home/victoria_rotich/dojo_robotics_2025/src/install/my_robot_package:/opt/ros/humble LD_LIBRARY_PATH=/home/victoria_rotich/atom2024/install/serial/lib:${LD_LIBRARY_PATH} /usr/bin/cmake /home/victoria_rotich/atom2024/diffdrive_arduino -DAMENT_CMAKE_SYMLINK_INSTALL=1 -DCMAKE_INSTALL_PREFIX=/home/victoria_rotich/atom2024/install/diffdrive_arduino
[11.430s] Invoking command in '/home/victoria_rotich/atom2024/build/diffdrive_arduino': AMENT_PREFIX_PATH=/home/victoria_rotich/atom2024/install/serial:${AMENT_PREFIX_PATH} CMAKE_PREFIX_PATH=/home/victoria_rotich/atom2024/install/serial:/home/victoria_rotich/cyclonedds_ws/install/rmw_cyclonedds_cpp:/home/victoria_rotich/cyclonedds_ws/install/cyclonedds:/home/victoria_rotich/dojo_robotics_2025/install/my_robot_pack2:/home/victoria_rotich/dojo_robotics_2025/install/cpp_pubsub:/home/victoria_rotich/ros2_ws/install/sllidar_ros2:/home/victoria_rotich/dojo_robotics_2025/install/talker:/home/victoria_rotich/dojo_robotics_2025/install/my_robot_package:/home/victoria_rotich/dojo_robotics_2025/install/listener:/home/victoria_rotich/dojo_robotics_2025/src/install/my_robot_package:/opt/ros/humble LD_LIBRARY_PATH=/home/victoria_rotich/atom2024/install/serial/lib:${LD_LIBRARY_PATH} /usr/bin/cmake --build /home/victoria_rotich/atom2024/build/diffdrive_arduino -- -j8 -l8
[11.506s] [35m[1mConsolidate compiler generated dependencies of target fake_robot[0m
[11.509s] [35m[1mConsolidate compiler generated dependencies of target diffdrive_arduino[0m
[11.543s] [ 14%] [32m[1mLinking CXX shared library libfake_robot.so[0m
[11.594s] [ 28%] [32m[1mLinking CXX shared library libdiffdrive_arduino.so[0m
[15.219s] [ 57%] Built target fake_robot
[15.416s] [100%] Built target diffdrive_arduino
[15.487s] Invoked command in '/home/victoria_rotich/atom2024/build/diffdrive_arduino' returned '0': AMENT_PREFIX_PATH=/home/victoria_rotich/atom2024/install/serial:${AMENT_PREFIX_PATH} CMAKE_PREFIX_PATH=/home/victoria_rotich/atom2024/install/serial:/home/victoria_rotich/cyclonedds_ws/install/rmw_cyclonedds_cpp:/home/victoria_rotich/cyclonedds_ws/install/cyclonedds:/home/victoria_rotich/dojo_robotics_2025/install/my_robot_pack2:/home/victoria_rotich/dojo_robotics_2025/install/cpp_pubsub:/home/victoria_rotich/ros2_ws/install/sllidar_ros2:/home/victoria_rotich/dojo_robotics_2025/install/talker:/home/victoria_rotich/dojo_robotics_2025/install/my_robot_package:/home/victoria_rotich/dojo_robotics_2025/install/listener:/home/victoria_rotich/dojo_robotics_2025/src/install/my_robot_package:/opt/ros/humble LD_LIBRARY_PATH=/home/victoria_rotich/atom2024/install/serial/lib:${LD_LIBRARY_PATH} /usr/bin/cmake --build /home/victoria_rotich/atom2024/build/diffdrive_arduino -- -j8 -l8
[15.491s] Invoking command in '/home/victoria_rotich/atom2024/build/diffdrive_arduino': AMENT_PREFIX_PATH=/home/victoria_rotich/atom2024/install/serial:${AMENT_PREFIX_PATH} CMAKE_PREFIX_PATH=/home/victoria_rotich/atom2024/install/serial:/home/victoria_rotich/cyclonedds_ws/install/rmw_cyclonedds_cpp:/home/victoria_rotich/cyclonedds_ws/install/cyclonedds:/home/victoria_rotich/dojo_robotics_2025/install/my_robot_pack2:/home/victoria_rotich/dojo_robotics_2025/install/cpp_pubsub:/home/victoria_rotich/ros2_ws/install/sllidar_ros2:/home/victoria_rotich/dojo_robotics_2025/install/talker:/home/victoria_rotich/dojo_robotics_2025/install/my_robot_package:/home/victoria_rotich/dojo_robotics_2025/install/listener:/home/victoria_rotich/dojo_robotics_2025/src/install/my_robot_package:/opt/ros/humble LD_LIBRARY_PATH=/home/victoria_rotich/atom2024/install/serial/lib:${LD_LIBRARY_PATH} /usr/bin/cmake --install /home/victoria_rotich/atom2024/build/diffdrive_arduino
[15.520s] -- Install configuration: ""
[15.521s] -- Execute custom install script
[15.521s] -- Symlinking: /home/victoria_rotich/atom2024/install/diffdrive_arduino/share/diffdrive_arduino//robot_hardware.xml
[16.076s] -- Symlinking: /home/victoria_rotich/atom2024/install/diffdrive_arduino/share/diffdrive_arduino//fake_robot_hardware.xml
[16.105s] -- Symlinking: /home/victoria_rotich/atom2024/install/diffdrive_arduino/lib/libdiffdrive_arduino.so
[16.132s] -- Symlinking: /home/victoria_rotich/atom2024/install/diffdrive_arduino/lib/libfake_robot.so
[16.161s] -- Symlinking: /home/victoria_rotich/atom2024/install/diffdrive_arduino/share/diffdrive_arduino/controllers/robot_controller_example.yaml
[16.209s] -- Symlinking: /home/victoria_rotich/atom2024/install/diffdrive_arduino/share/diffdrive_arduino/__pycache__/test_robot.launch.cpython-310.pyc
[16.351s] -- Symlinking: /home/victoria_rotich/atom2024/install/diffdrive_arduino/share/diffdrive_arduino/fake_robot.launch.py
[16.389s] -- Symlinking: /home/victoria_rotich/atom2024/install/diffdrive_arduino/share/diffdrive_arduino/test_robot.launch.py
[16.427s] -- Symlinking: /home/victoria_rotich/atom2024/install/diffdrive_arduino/share/diffdrive_arduino/environment/library_path.sh
[16.462s] -- Symlinking: /home/victoria_rotich/atom2024/install/diffdrive_arduino/share/diffdrive_arduino/environment/library_path.dsv
[16.491s] -- Symlinking: /home/victoria_rotich/atom2024/install/diffdrive_arduino/share/ament_index/resource_index/package_run_dependencies/diffdrive_arduino
[16.538s] -- Symlinking: /home/victoria_rotich/atom2024/install/diffdrive_arduino/share/ament_index/resource_index/parent_prefix_path/diffdrive_arduino
[16.571s] -- Symlinking: /home/victoria_rotich/atom2024/install/diffdrive_arduino/share/diffdrive_arduino/environment/ament_prefix_path.sh
[16.644s] -- Symlinking: /home/victoria_rotich/atom2024/install/diffdrive_arduino/share/diffdrive_arduino/environment/ament_prefix_path.dsv
[16.695s] -- Symlinking: /home/victoria_rotich/atom2024/install/diffdrive_arduino/share/diffdrive_arduino/environment/path.sh
[16.731s] -- Symlinking: /home/victoria_rotich/atom2024/install/diffdrive_arduino/share/diffdrive_arduino/environment/path.dsv
[16.773s] -- Symlinking: /home/victoria_rotich/atom2024/install/diffdrive_arduino/share/diffdrive_arduino/local_setup.bash
[16.824s] -- Symlinking: /home/victoria_rotich/atom2024/install/diffdrive_arduino/share/diffdrive_arduino/local_setup.sh
[16.885s] -- Symlinking: /home/victoria_rotich/atom2024/install/diffdrive_arduino/share/diffdrive_arduino/local_setup.zsh
[16.955s] -- Symlinking: /home/victoria_rotich/atom2024/install/diffdrive_arduino/share/diffdrive_arduino/local_setup.dsv
[16.990s] -- Symlinking: /home/victoria_rotich/atom2024/install/diffdrive_arduino/share/diffdrive_arduino/package.dsv
[17.029s] -- Symlinking: /home/victoria_rotich/atom2024/install/diffdrive_arduino/share/ament_index/resource_index/packages/diffdrive_arduino
[17.062s] -- Symlinking: /home/victoria_rotich/atom2024/install/diffdrive_arduino/share/ament_index/resource_index/hardware_interface__pluginlib__plugin/diffdrive_arduino
[17.086s] -- Symlinking: /home/victoria_rotich/atom2024/install/diffdrive_arduino/share/diffdrive_arduino/cmake/ament_cmake_export_libraries-extras.cmake
[17.118s] -- Symlinking: /home/victoria_rotich/atom2024/install/diffdrive_arduino/share/diffdrive_arduino/cmake/ament_cmake_export_dependencies-extras.cmake
[17.144s] -- Symlinking: /home/victoria_rotich/atom2024/install/diffdrive_arduino/share/diffdrive_arduino/cmake/diffdrive_arduinoConfig.cmake
[17.173s] -- Symlinking: /home/victoria_rotich/atom2024/install/diffdrive_arduino/share/diffdrive_arduino/cmake/diffdrive_arduinoConfig-version.cmake
[17.199s] -- Symlinking: /home/victoria_rotich/atom2024/install/diffdrive_arduino/share/diffdrive_arduino/package.xml
[17.229s] Invoked command in '/home/victoria_rotich/atom2024/build/diffdrive_arduino' returned '0': AMENT_PREFIX_PATH=/home/victoria_rotich/atom2024/install/serial:${AMENT_PREFIX_PATH} CMAKE_PREFIX_PATH=/home/victoria_rotich/atom2024/install/serial:/home/victoria_rotich/cyclonedds_ws/install/rmw_cyclonedds_cpp:/home/victoria_rotich/cyclonedds_ws/install/cyclonedds:/home/victoria_rotich/dojo_robotics_2025/install/my_robot_pack2:/home/victoria_rotich/dojo_robotics_2025/install/cpp_pubsub:/home/victoria_rotich/ros2_ws/install/sllidar_ros2:/home/victoria_rotich/dojo_robotics_2025/install/talker:/home/victoria_rotich/dojo_robotics_2025/install/my_robot_package:/home/victoria_rotich/dojo_robotics_2025/install/listener:/home/victoria_rotich/dojo_robotics_2025/src/install/my_robot_package:/opt/ros/humble LD_LIBRARY_PATH=/home/victoria_rotich/atom2024/install/serial/lib:${LD_LIBRARY_PATH} /usr/bin/cmake --install /home/victoria_rotich/atom2024/build/diffdrive_arduino
