[0.121s] Invoking command in '/home/victoria_rotich/atom2024/build/serial': CMAKE_PREFIX_PATH=${CMAKE_PREFIX_PATH}:/home/victoria_rotich/dojo_robotics_2025/install/talker:/home/victoria_rotich/dojo_robotics_2025/install/my_robot_package:/home/victoria_rotich/dojo_robotics_2025/install/listener:/home/victoria_rotich/dojo_robotics_2025/src/install/my_robot_package:/opt/ros/humble /usr/bin/cmake --build /home/victoria_rotich/atom2024/build/serial -- -j8 -l8
[1.324s] [ 14%] Built target gtest_main
[1.329s] [ 42%] Built target serial
[1.333s] [ 57%] Built target gtest
[1.435s] [ 71%] Built target serial_example
[1.439s] [ 85%] Built target serial-test-timer
[1.831s] [100%] Built target serial-test
[1.846s] Invoked command in '/home/victoria_rotich/atom2024/build/serial' returned '0': CMAKE_PREFIX_PATH=${CMAKE_PREFIX_PATH}:/home/victoria_rotich/dojo_robotics_2025/install/talker:/home/victoria_rotich/dojo_robotics_2025/install/my_robot_package:/home/victoria_rotich/dojo_robotics_2025/install/listener:/home/victoria_rotich/dojo_robotics_2025/src/install/my_robot_package:/opt/ros/humble /usr/bin/cmake --build /home/victoria_rotich/atom2024/build/serial -- -j8 -l8
[1.851s] Invoking command in '/home/victoria_rotich/atom2024/build/serial': CMAKE_PREFIX_PATH=${CMAKE_PREFIX_PATH}:/home/victoria_rotich/dojo_robotics_2025/install/talker:/home/victoria_rotich/dojo_robotics_2025/install/my_robot_package:/home/victoria_rotich/dojo_robotics_2025/install/listener:/home/victoria_rotich/dojo_robotics_2025/src/install/my_robot_package:/opt/ros/humble /usr/bin/cmake --install /home/victoria_rotich/atom2024/build/serial
[1.859s] -- Install configuration: ""
[1.859s] -- Up-to-date: /home/victoria_rotich/atom2024/install/serial/lib/libserial.a
[1.859s] -- Up-to-date: /home/victoria_rotich/atom2024/install/serial/include/serial/serial.h
[1.860s] -- Up-to-date: /home/victoria_rotich/atom2024/install/serial/include/serial/v8stdint.h
[1.860s] -- Up-to-date: /home/victoria_rotich/atom2024/install/serial/share/serial/environment/library_path.sh
[1.860s] -- Up-to-date: /home/victoria_rotich/atom2024/install/serial/share/serial/environment/library_path.dsv
[1.860s] -- Up-to-date: /home/victoria_rotich/atom2024/install/serial/share/ament_index/resource_index/package_run_dependencies/serial
[1.860s] -- Up-to-date: /home/victoria_rotich/atom2024/install/serial/share/ament_index/resource_index/parent_prefix_path/serial
[1.860s] -- Up-to-date: /home/victoria_rotich/atom2024/install/serial/share/serial/environment/ament_prefix_path.sh
[1.860s] -- Up-to-date: /home/victoria_rotich/atom2024/install/serial/share/serial/environment/ament_prefix_path.dsv
[1.860s] -- Up-to-date: /home/victoria_rotich/atom2024/install/serial/share/serial/environment/path.sh
[1.860s] -- Up-to-date: /home/victoria_rotich/atom2024/install/serial/share/serial/environment/path.dsv
[1.860s] -- Up-to-date: /home/victoria_rotich/atom2024/install/serial/share/serial/local_setup.bash
[1.860s] -- Up-to-date: /home/victoria_rotich/atom2024/install/serial/share/serial/local_setup.sh
[1.861s] -- Up-to-date: /home/victoria_rotich/atom2024/install/serial/share/serial/local_setup.zsh
[1.861s] -- Up-to-date: /home/victoria_rotich/atom2024/install/serial/share/serial/local_setup.dsv
[1.861s] -- Installing: /home/victoria_rotich/atom2024/install/serial/share/serial/package.dsv
[1.861s] -- Up-to-date: /home/victoria_rotich/atom2024/install/serial/share/ament_index/resource_index/packages/serial
[1.862s] -- Up-to-date: /home/victoria_rotich/atom2024/install/serial/share/serial/cmake/ament_cmake_export_include_directories-extras.cmake
[1.862s] -- Up-to-date: /home/victoria_rotich/atom2024/install/serial/share/serial/cmake/ament_cmake_export_libraries-extras.cmake
[1.862s] -- Up-to-date: /home/victoria_rotich/atom2024/install/serial/share/serial/cmake/serialConfig.cmake
[1.862s] -- Up-to-date: /home/victoria_rotich/atom2024/install/serial/share/serial/cmake/serialConfig-version.cmake
[1.862s] -- Up-to-date: /home/victoria_rotich/atom2024/install/serial/share/serial/package.xml
[1.869s] Invoked command in '/home/victoria_rotich/atom2024/build/serial' returned '0': CMAKE_PREFIX_PATH=${CMAKE_PREFIX_PATH}:/home/victoria_rotich/dojo_robotics_2025/install/talker:/home/victoria_rotich/dojo_robotics_2025/install/my_robot_package:/home/victoria_rotich/dojo_robotics_2025/install/listener:/home/victoria_rotich/dojo_robotics_2025/src/install/my_robot_package:/opt/ros/humble /usr/bin/cmake --install /home/victoria_rotich/atom2024/build/serial
