[0.059s] Invoking command in '/home/victoria_rotich/atom2024/build/diffdrive_arduino': CMAKE_PREFIX_PATH=/home/victoria_rotich/atom2024/install/serial:/home/victoria_rotich/atom2024/install/diffdrive_arduino:/home/victoria_rotich/atom2024/install/atom_qs:/home/victoria_rotich/cyclonedds_ws/install/rmw_cyclonedds_cpp:/home/victoria_rotich/cyclonedds_ws/install/cyclonedds:/home/victoria_rotich/dojo_robotics_2025/install/my_robot_pack2:/home/victoria_rotich/dojo_robotics_2025/install/cpp_pubsub:/home/victoria_rotich/ros2_ws/install/sllidar_ros2:/home/victoria_rotich/dojo_robotics_2025/install/talker:/home/victoria_rotich/dojo_robotics_2025/install/my_robot_package:/home/victoria_rotich/dojo_robotics_2025/install/listener:/home/victoria_rotich/dojo_robotics_2025/src/install/my_robot_package:/opt/ros/humble /usr/bin/cmake --build /home/victoria_rotich/atom2024/build/diffdrive_arduino -- -j8 -l8
[0.097s] [35m[1mConsolidate compiler generated dependencies of target fake_robot[0m
[0.097s] [35m[1mConsolidate compiler generated dependencies of target diffdrive_arduino[0m
[0.120s] [ 57%] Built target diffdrive_arduino
[0.120s] [100%] Built target fake_robot
[0.131s] Invoked command in '/home/victoria_rotich/atom2024/build/diffdrive_arduino' returned '0': CMAKE_PREFIX_PATH=/home/victoria_rotich/atom2024/install/serial:/home/victoria_rotich/atom2024/install/diffdrive_arduino:/home/victoria_rotich/atom2024/install/atom_qs:/home/victoria_rotich/cyclonedds_ws/install/rmw_cyclonedds_cpp:/home/victoria_rotich/cyclonedds_ws/install/cyclonedds:/home/victoria_rotich/dojo_robotics_2025/install/my_robot_pack2:/home/victoria_rotich/dojo_robotics_2025/install/cpp_pubsub:/home/victoria_rotich/ros2_ws/install/sllidar_ros2:/home/victoria_rotich/dojo_robotics_2025/install/talker:/home/victoria_rotich/dojo_robotics_2025/install/my_robot_package:/home/victoria_rotich/dojo_robotics_2025/install/listener:/home/victoria_rotich/dojo_robotics_2025/src/install/my_robot_package:/opt/ros/humble /usr/bin/cmake --build /home/victoria_rotich/atom2024/build/diffdrive_arduino -- -j8 -l8
[0.133s] Invoking command in '/home/victoria_rotich/atom2024/build/diffdrive_arduino': CMAKE_PREFIX_PATH=/home/victoria_rotich/atom2024/install/serial:/home/victoria_rotich/atom2024/install/diffdrive_arduino:/home/victoria_rotich/atom2024/install/atom_qs:/home/victoria_rotich/cyclonedds_ws/install/rmw_cyclonedds_cpp:/home/victoria_rotich/cyclonedds_ws/install/cyclonedds:/home/victoria_rotich/dojo_robotics_2025/install/my_robot_pack2:/home/victoria_rotich/dojo_robotics_2025/install/cpp_pubsub:/home/victoria_rotich/ros2_ws/install/sllidar_ros2:/home/victoria_rotich/dojo_robotics_2025/install/talker:/home/victoria_rotich/dojo_robotics_2025/install/my_robot_package:/home/victoria_rotich/dojo_robotics_2025/install/listener:/home/victoria_rotich/dojo_robotics_2025/src/install/my_robot_package:/opt/ros/humble /usr/bin/cmake --install /home/victoria_rotich/atom2024/build/diffdrive_arduino
[0.141s] -- Install configuration: ""
[0.141s] -- Up-to-date: /home/victoria_rotich/atom2024/install/diffdrive_arduino/share/diffdrive_arduino/robot_hardware.xml
[0.141s] -- Up-to-date: /home/victoria_rotich/atom2024/install/diffdrive_arduino/share/diffdrive_arduino/fake_robot_hardware.xml
[0.141s] -- Up-to-date: /home/victoria_rotich/atom2024/install/diffdrive_arduino/lib/libdiffdrive_arduino.so
[0.141s] -- Up-to-date: /home/victoria_rotich/atom2024/install/diffdrive_arduino/lib/libfake_robot.so
[0.142s] -- Up-to-date: /home/victoria_rotich/atom2024/install/diffdrive_arduino/share/diffdrive_arduino/controllers
[0.142s] -- Up-to-date: /home/victoria_rotich/atom2024/install/diffdrive_arduino/share/diffdrive_arduino/controllers/robot_controller_example.yaml
[0.142s] -- Up-to-date: /home/victoria_rotich/atom2024/install/diffdrive_arduino/share/diffdrive_arduino
[0.143s] -- Up-to-date: /home/victoria_rotich/atom2024/install/diffdrive_arduino/share/diffdrive_arduino/test_robot.launch.py
[0.143s] -- Up-to-date: /home/victoria_rotich/atom2024/install/diffdrive_arduino/share/diffdrive_arduino/fake_robot.launch.py
[0.143s] -- Up-to-date: /home/victoria_rotich/atom2024/install/diffdrive_arduino/share/diffdrive_arduino/__pycache__
[0.143s] -- Up-to-date: /home/victoria_rotich/atom2024/install/diffdrive_arduino/share/diffdrive_arduino/__pycache__/test_robot.launch.cpython-310.pyc
[0.143s] -- Up-to-date: /home/victoria_rotich/atom2024/install/diffdrive_arduino/share/diffdrive_arduino/environment/library_path.sh
[0.144s] -- Up-to-date: /home/victoria_rotich/atom2024/install/diffdrive_arduino/share/diffdrive_arduino/environment/library_path.dsv
[0.144s] -- Up-to-date: /home/victoria_rotich/atom2024/install/diffdrive_arduino/share/ament_index/resource_index/package_run_dependencies/diffdrive_arduino
[0.144s] -- Up-to-date: /home/victoria_rotich/atom2024/install/diffdrive_arduino/share/ament_index/resource_index/parent_prefix_path/diffdrive_arduino
[0.144s] -- Up-to-date: /home/victoria_rotich/atom2024/install/diffdrive_arduino/share/diffdrive_arduino/environment/ament_prefix_path.sh
[0.144s] -- Up-to-date: /home/victoria_rotich/atom2024/install/diffdrive_arduino/share/diffdrive_arduino/environment/ament_prefix_path.dsv
[0.144s] -- Up-to-date: /home/victoria_rotich/atom2024/install/diffdrive_arduino/share/diffdrive_arduino/environment/path.sh
[0.145s] -- Up-to-date: /home/victoria_rotich/atom2024/install/diffdrive_arduino/share/diffdrive_arduino/environment/path.dsv
[0.145s] -- Up-to-date: /home/victoria_rotich/atom2024/install/diffdrive_arduino/share/diffdrive_arduino/local_setup.bash
[0.145s] -- Up-to-date: /home/victoria_rotich/atom2024/install/diffdrive_arduino/share/diffdrive_arduino/local_setup.sh
[0.145s] -- Up-to-date: /home/victoria_rotich/atom2024/install/diffdrive_arduino/share/diffdrive_arduino/local_setup.zsh
[0.145s] -- Up-to-date: /home/victoria_rotich/atom2024/install/diffdrive_arduino/share/diffdrive_arduino/local_setup.dsv
[0.145s] -- Installing: /home/victoria_rotich/atom2024/install/diffdrive_arduino/share/diffdrive_arduino/package.dsv
[0.145s] -- Up-to-date: /home/victoria_rotich/atom2024/install/diffdrive_arduino/share/ament_index/resource_index/packages/diffdrive_arduino
[0.145s] -- Up-to-date: /home/victoria_rotich/atom2024/install/diffdrive_arduino/share/ament_index/resource_index/hardware_interface__pluginlib__plugin/diffdrive_arduino
[0.146s] -- Up-to-date: /home/victoria_rotich/atom2024/install/diffdrive_arduino/share/diffdrive_arduino/cmake/ament_cmake_export_libraries-extras.cmake
[0.146s] -- Up-to-date: /home/victoria_rotich/atom2024/install/diffdrive_arduino/share/diffdrive_arduino/cmake/ament_cmake_export_dependencies-extras.cmake
[0.147s] -- Up-to-date: /home/victoria_rotich/atom2024/install/diffdrive_arduino/share/diffdrive_arduino/cmake/diffdrive_arduinoConfig.cmake
[0.147s] -- Up-to-date: /home/victoria_rotich/atom2024/install/diffdrive_arduino/share/diffdrive_arduino/cmake/diffdrive_arduinoConfig-version.cmake
[0.149s] -- Up-to-date: /home/victoria_rotich/atom2024/install/diffdrive_arduino/share/diffdrive_arduino/package.xml
[0.149s] Invoked command in '/home/victoria_rotich/atom2024/build/diffdrive_arduino' returned '0': CMAKE_PREFIX_PATH=/home/victoria_rotich/atom2024/install/serial:/home/victoria_rotich/atom2024/install/diffdrive_arduino:/home/victoria_rotich/atom2024/install/atom_qs:/home/victoria_rotich/cyclonedds_ws/install/rmw_cyclonedds_cpp:/home/victoria_rotich/cyclonedds_ws/install/cyclonedds:/home/victoria_rotich/dojo_robotics_2025/install/my_robot_pack2:/home/victoria_rotich/dojo_robotics_2025/install/cpp_pubsub:/home/victoria_rotich/ros2_ws/install/sllidar_ros2:/home/victoria_rotich/dojo_robotics_2025/install/talker:/home/victoria_rotich/dojo_robotics_2025/install/my_robot_package:/home/victoria_rotich/dojo_robotics_2025/install/listener:/home/victoria_rotich/dojo_robotics_2025/src/install/my_robot_package:/opt/ros/humble /usr/bin/cmake --install /home/victoria_rotich/atom2024/build/diffdrive_arduino
