[0.162s] DEBUG:colcon:Command line arguments: ['/usr/bin/colcon', 'build']
[0.162s] DEBUG:colcon:Parsed command line arguments: Namespace(log_base=None, log_level=None, verb_name='build', build_base='build', install_base='install', merge_install=False, symlink_install=False, test_result_base=None, continue_on_error=False, executor='parallel', parallel_workers=8, event_handlers=None, ignore_user_meta=False, metas=['./colcon.meta'], base_paths=['.'], packages_ignore=None, packages_ignore_regex=None, paths=None, packages_up_to=None, packages_up_to_regex=None, packages_above=None, packages_above_and_dependencies=None, packages_above_depth=None, packages_select_by_dep=None, packages_skip_by_dep=None, packages_skip_up_to=None, packages_select_build_failed=False, packages_skip_build_finished=False, packages_select_test_failures=False, packages_skip_test_passed=False, packages_select=None, packages_skip=None, packages_select_regex=None, packages_skip_regex=None, packages_start=None, packages_end=None, allow_overriding=[], cmake_args=None, cmake_target=None, cmake_target_skip_unavailable=False, cmake_clean_cache=False, cmake_clean_first=False, cmake_force_configure=False, ament_cmake_args=None, catkin_cmake_args=None, catkin_skip_building_tests=False, mixin_files=None, mixin=None, verb_parser=<colcon_mixin.mixin.mixin_argument.MixinArgumentDecorator object at 0x79e8fa94faf0>, verb_extension=<colcon_core.verb.build.BuildVerb object at 0x79e8fa94f580>, main=<bound method BuildVerb.main of <colcon_core.verb.build.BuildVerb object at 0x79e8fa94f580>>, mixin_verb=('build',))
[0.322s] Level 1:colcon.colcon_core.package_discovery:discover_packages(colcon_meta) check parameters
[0.322s] Level 1:colcon.colcon_core.package_discovery:discover_packages(recursive) check parameters
[0.322s] Level 1:colcon.colcon_core.package_discovery:discover_packages(ignore) check parameters
[0.322s] Level 1:colcon.colcon_core.package_discovery:discover_packages(path) check parameters
[0.322s] Level 1:colcon.colcon_core.package_discovery:discover_packages(colcon_meta) discover
[0.322s] Level 1:colcon.colcon_core.package_discovery:discover_packages(recursive) discover
[0.322s] INFO:colcon.colcon_core.package_discovery:Crawling recursively for packages in '/home/victoria_rotich/atom2024'
[0.322s] Level 1:colcon.colcon_core.package_identification:_identify(.) by extensions ['ignore', 'ignore_ament_install']
[0.323s] Level 1:colcon.colcon_core.package_identification:_identify(.) by extension 'ignore'
[0.323s] Level 1:colcon.colcon_core.package_identification:_identify(.) by extension 'ignore_ament_install'
[0.323s] Level 1:colcon.colcon_core.package_identification:_identify(.) by extensions ['colcon_pkg']
[0.323s] Level 1:colcon.colcon_core.package_identification:_identify(.) by extension 'colcon_pkg'
[0.323s] Level 1:colcon.colcon_core.package_identification:_identify(.) by extensions ['colcon_meta']
[0.323s] Level 1:colcon.colcon_core.package_identification:_identify(.) by extension 'colcon_meta'
[0.323s] Level 1:colcon.colcon_core.package_identification:_identify(.) by extensions ['ros']
[0.323s] Level 1:colcon.colcon_core.package_identification:_identify(.) by extension 'ros'
[0.333s] Level 1:colcon.colcon_core.package_identification:_identify(.) by extensions ['cmake', 'python']
[0.333s] Level 1:colcon.colcon_core.package_identification:_identify(.) by extension 'cmake'
[0.333s] Level 1:colcon.colcon_core.package_identification:_identify(.) by extension 'python'
[0.333s] Level 1:colcon.colcon_core.package_identification:_identify(.) by extensions ['python_setup_py']
[0.333s] Level 1:colcon.colcon_core.package_identification:_identify(.) by extension 'python_setup_py'
[0.333s] Level 1:colcon.colcon_core.package_identification:_identify(Encoder) by extensions ['ignore', 'ignore_ament_install']
[0.333s] Level 1:colcon.colcon_core.package_identification:_identify(Encoder) by extension 'ignore'
[0.333s] Level 1:colcon.colcon_core.package_identification:_identify(Encoder) by extension 'ignore_ament_install'
[0.334s] Level 1:colcon.colcon_core.package_identification:_identify(Encoder) by extensions ['colcon_pkg']
[0.334s] Level 1:colcon.colcon_core.package_identification:_identify(Encoder) by extension 'colcon_pkg'
[0.334s] Level 1:colcon.colcon_core.package_identification:_identify(Encoder) by extensions ['colcon_meta']
[0.334s] Level 1:colcon.colcon_core.package_identification:_identify(Encoder) by extension 'colcon_meta'
[0.334s] Level 1:colcon.colcon_core.package_identification:_identify(Encoder) by extensions ['ros']
[0.334s] Level 1:colcon.colcon_core.package_identification:_identify(Encoder) by extension 'ros'
[0.334s] Level 1:colcon.colcon_core.package_identification:_identify(Encoder) by extensions ['cmake', 'python']
[0.334s] Level 1:colcon.colcon_core.package_identification:_identify(Encoder) by extension 'cmake'
[0.334s] Level 1:colcon.colcon_core.package_identification:_identify(Encoder) by extension 'python'
[0.334s] Level 1:colcon.colcon_core.package_identification:_identify(Encoder) by extensions ['python_setup_py']
[0.334s] Level 1:colcon.colcon_core.package_identification:_identify(Encoder) by extension 'python_setup_py'
[0.334s] Level 1:colcon.colcon_core.package_identification:_identify(Encoder/Encoder) by extensions ['ignore', 'ignore_ament_install']
[0.334s] Level 1:colcon.colcon_core.package_identification:_identify(Encoder/Encoder) by extension 'ignore'
[0.335s] Level 1:colcon.colcon_core.package_identification:_identify(Encoder/Encoder) by extension 'ignore_ament_install'
[0.335s] Level 1:colcon.colcon_core.package_identification:_identify(Encoder/Encoder) by extensions ['colcon_pkg']
[0.335s] Level 1:colcon.colcon_core.package_identification:_identify(Encoder/Encoder) by extension 'colcon_pkg'
[0.335s] Level 1:colcon.colcon_core.package_identification:_identify(Encoder/Encoder) by extensions ['colcon_meta']
[0.335s] Level 1:colcon.colcon_core.package_identification:_identify(Encoder/Encoder) by extension 'colcon_meta'
[0.335s] Level 1:colcon.colcon_core.package_identification:_identify(Encoder/Encoder) by extensions ['ros']
[0.335s] Level 1:colcon.colcon_core.package_identification:_identify(Encoder/Encoder) by extension 'ros'
[0.335s] Level 1:colcon.colcon_core.package_identification:_identify(Encoder/Encoder) by extensions ['cmake', 'python']
[0.335s] Level 1:colcon.colcon_core.package_identification:_identify(Encoder/Encoder) by extension 'cmake'
[0.335s] Level 1:colcon.colcon_core.package_identification:_identify(Encoder/Encoder) by extension 'python'
[0.335s] Level 1:colcon.colcon_core.package_identification:_identify(Encoder/Encoder) by extensions ['python_setup_py']
[0.335s] Level 1:colcon.colcon_core.package_identification:_identify(Encoder/Encoder) by extension 'python_setup_py'
[0.335s] Level 1:colcon.colcon_core.package_identification:_identify(Encoder/Encoder/examples) by extensions ['ignore', 'ignore_ament_install']
[0.335s] Level 1:colcon.colcon_core.package_identification:_identify(Encoder/Encoder/examples) by extension 'ignore'
[0.335s] Level 1:colcon.colcon_core.package_identification:_identify(Encoder/Encoder/examples) by extension 'ignore_ament_install'
[0.335s] Level 1:colcon.colcon_core.package_identification:_identify(Encoder/Encoder/examples) by extensions ['colcon_pkg']
[0.335s] Level 1:colcon.colcon_core.package_identification:_identify(Encoder/Encoder/examples) by extension 'colcon_pkg'
[0.335s] Level 1:colcon.colcon_core.package_identification:_identify(Encoder/Encoder/examples) by extensions ['colcon_meta']
[0.336s] Level 1:colcon.colcon_core.package_identification:_identify(Encoder/Encoder/examples) by extension 'colcon_meta'
[0.336s] Level 1:colcon.colcon_core.package_identification:_identify(Encoder/Encoder/examples) by extensions ['ros']
[0.336s] Level 1:colcon.colcon_core.package_identification:_identify(Encoder/Encoder/examples) by extension 'ros'
[0.336s] Level 1:colcon.colcon_core.package_identification:_identify(Encoder/Encoder/examples) by extensions ['cmake', 'python']
[0.336s] Level 1:colcon.colcon_core.package_identification:_identify(Encoder/Encoder/examples) by extension 'cmake'
[0.336s] Level 1:colcon.colcon_core.package_identification:_identify(Encoder/Encoder/examples) by extension 'python'
[0.336s] Level 1:colcon.colcon_core.package_identification:_identify(Encoder/Encoder/examples) by extensions ['python_setup_py']
[0.336s] Level 1:colcon.colcon_core.package_identification:_identify(Encoder/Encoder/examples) by extension 'python_setup_py'
[0.336s] Level 1:colcon.colcon_core.package_identification:_identify(Encoder/Encoder/examples/Basic) by extensions ['ignore', 'ignore_ament_install']
[0.336s] Level 1:colcon.colcon_core.package_identification:_identify(Encoder/Encoder/examples/Basic) by extension 'ignore'
[0.336s] Level 1:colcon.colcon_core.package_identification:_identify(Encoder/Encoder/examples/Basic) by extension 'ignore_ament_install'
[0.336s] Level 1:colcon.colcon_core.package_identification:_identify(Encoder/Encoder/examples/Basic) by extensions ['colcon_pkg']
[0.336s] Level 1:colcon.colcon_core.package_identification:_identify(Encoder/Encoder/examples/Basic) by extension 'colcon_pkg'
[0.336s] Level 1:colcon.colcon_core.package_identification:_identify(Encoder/Encoder/examples/Basic) by extensions ['colcon_meta']
[0.336s] Level 1:colcon.colcon_core.package_identification:_identify(Encoder/Encoder/examples/Basic) by extension 'colcon_meta'
[0.336s] Level 1:colcon.colcon_core.package_identification:_identify(Encoder/Encoder/examples/Basic) by extensions ['ros']
[0.336s] Level 1:colcon.colcon_core.package_identification:_identify(Encoder/Encoder/examples/Basic) by extension 'ros'
[0.337s] Level 1:colcon.colcon_core.package_identification:_identify(Encoder/Encoder/examples/Basic) by extensions ['cmake', 'python']
[0.337s] Level 1:colcon.colcon_core.package_identification:_identify(Encoder/Encoder/examples/Basic) by extension 'cmake'
[0.337s] Level 1:colcon.colcon_core.package_identification:_identify(Encoder/Encoder/examples/Basic) by extension 'python'
[0.337s] Level 1:colcon.colcon_core.package_identification:_identify(Encoder/Encoder/examples/Basic) by extensions ['python_setup_py']
[0.337s] Level 1:colcon.colcon_core.package_identification:_identify(Encoder/Encoder/examples/Basic) by extension 'python_setup_py'
[0.337s] Level 1:colcon.colcon_core.package_identification:_identify(Encoder/Encoder/examples/NoInterrupts) by extensions ['ignore', 'ignore_ament_install']
[0.337s] Level 1:colcon.colcon_core.package_identification:_identify(Encoder/Encoder/examples/NoInterrupts) by extension 'ignore'
[0.337s] Level 1:colcon.colcon_core.package_identification:_identify(Encoder/Encoder/examples/NoInterrupts) by extension 'ignore_ament_install'
[0.337s] Level 1:colcon.colcon_core.package_identification:_identify(Encoder/Encoder/examples/NoInterrupts) by extensions ['colcon_pkg']
[0.337s] Level 1:colcon.colcon_core.package_identification:_identify(Encoder/Encoder/examples/NoInterrupts) by extension 'colcon_pkg'
[0.337s] Level 1:colcon.colcon_core.package_identification:_identify(Encoder/Encoder/examples/NoInterrupts) by extensions ['colcon_meta']
[0.337s] Level 1:colcon.colcon_core.package_identification:_identify(Encoder/Encoder/examples/NoInterrupts) by extension 'colcon_meta'
[0.337s] Level 1:colcon.colcon_core.package_identification:_identify(Encoder/Encoder/examples/NoInterrupts) by extensions ['ros']
[0.337s] Level 1:colcon.colcon_core.package_identification:_identify(Encoder/Encoder/examples/NoInterrupts) by extension 'ros'
[0.337s] Level 1:colcon.colcon_core.package_identification:_identify(Encoder/Encoder/examples/NoInterrupts) by extensions ['cmake', 'python']
[0.338s] Level 1:colcon.colcon_core.package_identification:_identify(Encoder/Encoder/examples/NoInterrupts) by extension 'cmake'
[0.338s] Level 1:colcon.colcon_core.package_identification:_identify(Encoder/Encoder/examples/NoInterrupts) by extension 'python'
[0.338s] Level 1:colcon.colcon_core.package_identification:_identify(Encoder/Encoder/examples/NoInterrupts) by extensions ['python_setup_py']
[0.338s] Level 1:colcon.colcon_core.package_identification:_identify(Encoder/Encoder/examples/NoInterrupts) by extension 'python_setup_py'
[0.338s] Level 1:colcon.colcon_core.package_identification:_identify(Encoder/Encoder/examples/SpeedTest) by extensions ['ignore', 'ignore_ament_install']
[0.338s] Level 1:colcon.colcon_core.package_identification:_identify(Encoder/Encoder/examples/SpeedTest) by extension 'ignore'
[0.338s] Level 1:colcon.colcon_core.package_identification:_identify(Encoder/Encoder/examples/SpeedTest) by extension 'ignore_ament_install'
[0.338s] Level 1:colcon.colcon_core.package_identification:_identify(Encoder/Encoder/examples/SpeedTest) by extensions ['colcon_pkg']
[0.338s] Level 1:colcon.colcon_core.package_identification:_identify(Encoder/Encoder/examples/SpeedTest) by extension 'colcon_pkg'
[0.338s] Level 1:colcon.colcon_core.package_identification:_identify(Encoder/Encoder/examples/SpeedTest) by extensions ['colcon_meta']
[0.338s] Level 1:colcon.colcon_core.package_identification:_identify(Encoder/Encoder/examples/SpeedTest) by extension 'colcon_meta'
[0.338s] Level 1:colcon.colcon_core.package_identification:_identify(Encoder/Encoder/examples/SpeedTest) by extensions ['ros']
[0.338s] Level 1:colcon.colcon_core.package_identification:_identify(Encoder/Encoder/examples/SpeedTest) by extension 'ros'
[0.338s] Level 1:colcon.colcon_core.package_identification:_identify(Encoder/Encoder/examples/SpeedTest) by extensions ['cmake', 'python']
[0.338s] Level 1:colcon.colcon_core.package_identification:_identify(Encoder/Encoder/examples/SpeedTest) by extension 'cmake'
[0.338s] Level 1:colcon.colcon_core.package_identification:_identify(Encoder/Encoder/examples/SpeedTest) by extension 'python'
[0.339s] Level 1:colcon.colcon_core.package_identification:_identify(Encoder/Encoder/examples/SpeedTest) by extensions ['python_setup_py']
[0.339s] Level 1:colcon.colcon_core.package_identification:_identify(Encoder/Encoder/examples/SpeedTest) by extension 'python_setup_py'
[0.339s] Level 1:colcon.colcon_core.package_identification:_identify(Encoder/Encoder/examples/TwoKnobs) by extensions ['ignore', 'ignore_ament_install']
[0.339s] Level 1:colcon.colcon_core.package_identification:_identify(Encoder/Encoder/examples/TwoKnobs) by extension 'ignore'
[0.339s] Level 1:colcon.colcon_core.package_identification:_identify(Encoder/Encoder/examples/TwoKnobs) by extension 'ignore_ament_install'
[0.339s] Level 1:colcon.colcon_core.package_identification:_identify(Encoder/Encoder/examples/TwoKnobs) by extensions ['colcon_pkg']
[0.339s] Level 1:colcon.colcon_core.package_identification:_identify(Encoder/Encoder/examples/TwoKnobs) by extension 'colcon_pkg'
[0.339s] Level 1:colcon.colcon_core.package_identification:_identify(Encoder/Encoder/examples/TwoKnobs) by extensions ['colcon_meta']
[0.339s] Level 1:colcon.colcon_core.package_identification:_identify(Encoder/Encoder/examples/TwoKnobs) by extension 'colcon_meta'
[0.339s] Level 1:colcon.colcon_core.package_identification:_identify(Encoder/Encoder/examples/TwoKnobs) by extensions ['ros']
[0.339s] Level 1:colcon.colcon_core.package_identification:_identify(Encoder/Encoder/examples/TwoKnobs) by extension 'ros'
[0.339s] Level 1:colcon.colcon_core.package_identification:_identify(Encoder/Encoder/examples/TwoKnobs) by extensions ['cmake', 'python']
[0.339s] Level 1:colcon.colcon_core.package_identification:_identify(Encoder/Encoder/examples/TwoKnobs) by extension 'cmake'
[0.339s] Level 1:colcon.colcon_core.package_identification:_identify(Encoder/Encoder/examples/TwoKnobs) by extension 'python'
[0.339s] Level 1:colcon.colcon_core.package_identification:_identify(Encoder/Encoder/examples/TwoKnobs) by extensions ['python_setup_py']
[0.339s] Level 1:colcon.colcon_core.package_identification:_identify(Encoder/Encoder/examples/TwoKnobs) by extension 'python_setup_py'
[0.339s] Level 1:colcon.colcon_core.package_identification:_identify(Encoder/Encoder/utility) by extensions ['ignore', 'ignore_ament_install']
[0.340s] Level 1:colcon.colcon_core.package_identification:_identify(Encoder/Encoder/utility) by extension 'ignore'
[0.340s] Level 1:colcon.colcon_core.package_identification:_identify(Encoder/Encoder/utility) by extension 'ignore_ament_install'
[0.340s] Level 1:colcon.colcon_core.package_identification:_identify(Encoder/Encoder/utility) by extensions ['colcon_pkg']
[0.340s] Level 1:colcon.colcon_core.package_identification:_identify(Encoder/Encoder/utility) by extension 'colcon_pkg'
[0.340s] Level 1:colcon.colcon_core.package_identification:_identify(Encoder/Encoder/utility) by extensions ['colcon_meta']
[0.340s] Level 1:colcon.colcon_core.package_identification:_identify(Encoder/Encoder/utility) by extension 'colcon_meta'
[0.340s] Level 1:colcon.colcon_core.package_identification:_identify(Encoder/Encoder/utility) by extensions ['ros']
[0.340s] Level 1:colcon.colcon_core.package_identification:_identify(Encoder/Encoder/utility) by extension 'ros'
[0.340s] Level 1:colcon.colcon_core.package_identification:_identify(Encoder/Encoder/utility) by extensions ['cmake', 'python']
[0.340s] Level 1:colcon.colcon_core.package_identification:_identify(Encoder/Encoder/utility) by extension 'cmake'
[0.340s] Level 1:colcon.colcon_core.package_identification:_identify(Encoder/Encoder/utility) by extension 'python'
[0.340s] Level 1:colcon.colcon_core.package_identification:_identify(Encoder/Encoder/utility) by extensions ['python_setup_py']
[0.340s] Level 1:colcon.colcon_core.package_identification:_identify(Encoder/Encoder/utility) by extension 'python_setup_py'
[0.340s] Level 1:colcon.colcon_core.package_identification:_identify(Encoder/examples) by extensions ['ignore', 'ignore_ament_install']
[0.341s] Level 1:colcon.colcon_core.package_identification:_identify(Encoder/examples) by extension 'ignore'
[0.341s] Level 1:colcon.colcon_core.package_identification:_identify(Encoder/examples) by extension 'ignore_ament_install'
[0.341s] Level 1:colcon.colcon_core.package_identification:_identify(Encoder/examples) by extensions ['colcon_pkg']
[0.341s] Level 1:colcon.colcon_core.package_identification:_identify(Encoder/examples) by extension 'colcon_pkg'
[0.341s] Level 1:colcon.colcon_core.package_identification:_identify(Encoder/examples) by extensions ['colcon_meta']
[0.341s] Level 1:colcon.colcon_core.package_identification:_identify(Encoder/examples) by extension 'colcon_meta'
[0.341s] Level 1:colcon.colcon_core.package_identification:_identify(Encoder/examples) by extensions ['ros']
[0.341s] Level 1:colcon.colcon_core.package_identification:_identify(Encoder/examples) by extension 'ros'
[0.341s] Level 1:colcon.colcon_core.package_identification:_identify(Encoder/examples) by extensions ['cmake', 'python']
[0.341s] Level 1:colcon.colcon_core.package_identification:_identify(Encoder/examples) by extension 'cmake'
[0.341s] Level 1:colcon.colcon_core.package_identification:_identify(Encoder/examples) by extension 'python'
[0.341s] Level 1:colcon.colcon_core.package_identification:_identify(Encoder/examples) by extensions ['python_setup_py']
[0.341s] Level 1:colcon.colcon_core.package_identification:_identify(Encoder/examples) by extension 'python_setup_py'
[0.341s] Level 1:colcon.colcon_core.package_identification:_identify(Encoder/examples/Basic) by extensions ['ignore', 'ignore_ament_install']
[0.341s] Level 1:colcon.colcon_core.package_identification:_identify(Encoder/examples/Basic) by extension 'ignore'
[0.342s] Level 1:colcon.colcon_core.package_identification:_identify(Encoder/examples/Basic) by extension 'ignore_ament_install'
[0.342s] Level 1:colcon.colcon_core.package_identification:_identify(Encoder/examples/Basic) by extensions ['colcon_pkg']
[0.342s] Level 1:colcon.colcon_core.package_identification:_identify(Encoder/examples/Basic) by extension 'colcon_pkg'
[0.342s] Level 1:colcon.colcon_core.package_identification:_identify(Encoder/examples/Basic) by extensions ['colcon_meta']
[0.342s] Level 1:colcon.colcon_core.package_identification:_identify(Encoder/examples/Basic) by extension 'colcon_meta'
[0.342s] Level 1:colcon.colcon_core.package_identification:_identify(Encoder/examples/Basic) by extensions ['ros']
[0.342s] Level 1:colcon.colcon_core.package_identification:_identify(Encoder/examples/Basic) by extension 'ros'
[0.342s] Level 1:colcon.colcon_core.package_identification:_identify(Encoder/examples/Basic) by extensions ['cmake', 'python']
[0.342s] Level 1:colcon.colcon_core.package_identification:_identify(Encoder/examples/Basic) by extension 'cmake'
[0.342s] Level 1:colcon.colcon_core.package_identification:_identify(Encoder/examples/Basic) by extension 'python'
[0.342s] Level 1:colcon.colcon_core.package_identification:_identify(Encoder/examples/Basic) by extensions ['python_setup_py']
[0.342s] Level 1:colcon.colcon_core.package_identification:_identify(Encoder/examples/Basic) by extension 'python_setup_py'
[0.342s] Level 1:colcon.colcon_core.package_identification:_identify(Encoder/examples/NoInterrupts) by extensions ['ignore', 'ignore_ament_install']
[0.342s] Level 1:colcon.colcon_core.package_identification:_identify(Encoder/examples/NoInterrupts) by extension 'ignore'
[0.342s] Level 1:colcon.colcon_core.package_identification:_identify(Encoder/examples/NoInterrupts) by extension 'ignore_ament_install'
[0.342s] Level 1:colcon.colcon_core.package_identification:_identify(Encoder/examples/NoInterrupts) by extensions ['colcon_pkg']
[0.342s] Level 1:colcon.colcon_core.package_identification:_identify(Encoder/examples/NoInterrupts) by extension 'colcon_pkg'
[0.343s] Level 1:colcon.colcon_core.package_identification:_identify(Encoder/examples/NoInterrupts) by extensions ['colcon_meta']
[0.343s] Level 1:colcon.colcon_core.package_identification:_identify(Encoder/examples/NoInterrupts) by extension 'colcon_meta'
[0.343s] Level 1:colcon.colcon_core.package_identification:_identify(Encoder/examples/NoInterrupts) by extensions ['ros']
[0.343s] Level 1:colcon.colcon_core.package_identification:_identify(Encoder/examples/NoInterrupts) by extension 'ros'
[0.343s] Level 1:colcon.colcon_core.package_identification:_identify(Encoder/examples/NoInterrupts) by extensions ['cmake', 'python']
[0.343s] Level 1:colcon.colcon_core.package_identification:_identify(Encoder/examples/NoInterrupts) by extension 'cmake'
[0.343s] Level 1:colcon.colcon_core.package_identification:_identify(Encoder/examples/NoInterrupts) by extension 'python'
[0.343s] Level 1:colcon.colcon_core.package_identification:_identify(Encoder/examples/NoInterrupts) by extensions ['python_setup_py']
[0.343s] Level 1:colcon.colcon_core.package_identification:_identify(Encoder/examples/NoInterrupts) by extension 'python_setup_py'
[0.343s] Level 1:colcon.colcon_core.package_identification:_identify(Encoder/examples/SpeedTest) by extensions ['ignore', 'ignore_ament_install']
[0.343s] Level 1:colcon.colcon_core.package_identification:_identify(Encoder/examples/SpeedTest) by extension 'ignore'
[0.343s] Level 1:colcon.colcon_core.package_identification:_identify(Encoder/examples/SpeedTest) by extension 'ignore_ament_install'
[0.343s] Level 1:colcon.colcon_core.package_identification:_identify(Encoder/examples/SpeedTest) by extensions ['colcon_pkg']
[0.343s] Level 1:colcon.colcon_core.package_identification:_identify(Encoder/examples/SpeedTest) by extension 'colcon_pkg'
[0.343s] Level 1:colcon.colcon_core.package_identification:_identify(Encoder/examples/SpeedTest) by extensions ['colcon_meta']
[0.343s] Level 1:colcon.colcon_core.package_identification:_identify(Encoder/examples/SpeedTest) by extension 'colcon_meta'
[0.343s] Level 1:colcon.colcon_core.package_identification:_identify(Encoder/examples/SpeedTest) by extensions ['ros']
[0.343s] Level 1:colcon.colcon_core.package_identification:_identify(Encoder/examples/SpeedTest) by extension 'ros'
[0.344s] Level 1:colcon.colcon_core.package_identification:_identify(Encoder/examples/SpeedTest) by extensions ['cmake', 'python']
[0.344s] Level 1:colcon.colcon_core.package_identification:_identify(Encoder/examples/SpeedTest) by extension 'cmake'
[0.344s] Level 1:colcon.colcon_core.package_identification:_identify(Encoder/examples/SpeedTest) by extension 'python'
[0.344s] Level 1:colcon.colcon_core.package_identification:_identify(Encoder/examples/SpeedTest) by extensions ['python_setup_py']
[0.344s] Level 1:colcon.colcon_core.package_identification:_identify(Encoder/examples/SpeedTest) by extension 'python_setup_py'
[0.344s] Level 1:colcon.colcon_core.package_identification:_identify(Encoder/examples/TwoKnobs) by extensions ['ignore', 'ignore_ament_install']
[0.344s] Level 1:colcon.colcon_core.package_identification:_identify(Encoder/examples/TwoKnobs) by extension 'ignore'
[0.344s] Level 1:colcon.colcon_core.package_identification:_identify(Encoder/examples/TwoKnobs) by extension 'ignore_ament_install'
[0.344s] Level 1:colcon.colcon_core.package_identification:_identify(Encoder/examples/TwoKnobs) by extensions ['colcon_pkg']
[0.344s] Level 1:colcon.colcon_core.package_identification:_identify(Encoder/examples/TwoKnobs) by extension 'colcon_pkg'
[0.344s] Level 1:colcon.colcon_core.package_identification:_identify(Encoder/examples/TwoKnobs) by extensions ['colcon_meta']
[0.344s] Level 1:colcon.colcon_core.package_identification:_identify(Encoder/examples/TwoKnobs) by extension 'colcon_meta'
[0.344s] Level 1:colcon.colcon_core.package_identification:_identify(Encoder/examples/TwoKnobs) by extensions ['ros']
[0.344s] Level 1:colcon.colcon_core.package_identification:_identify(Encoder/examples/TwoKnobs) by extension 'ros'
[0.344s] Level 1:colcon.colcon_core.package_identification:_identify(Encoder/examples/TwoKnobs) by extensions ['cmake', 'python']
[0.344s] Level 1:colcon.colcon_core.package_identification:_identify(Encoder/examples/TwoKnobs) by extension 'cmake'
[0.344s] Level 1:colcon.colcon_core.package_identification:_identify(Encoder/examples/TwoKnobs) by extension 'python'
[0.344s] Level 1:colcon.colcon_core.package_identification:_identify(Encoder/examples/TwoKnobs) by extensions ['python_setup_py']
[0.345s] Level 1:colcon.colcon_core.package_identification:_identify(Encoder/examples/TwoKnobs) by extension 'python_setup_py'
[0.345s] Level 1:colcon.colcon_core.package_identification:_identify(Encoder/utility) by extensions ['ignore', 'ignore_ament_install']
[0.345s] Level 1:colcon.colcon_core.package_identification:_identify(Encoder/utility) by extension 'ignore'
[0.345s] Level 1:colcon.colcon_core.package_identification:_identify(Encoder/utility) by extension 'ignore_ament_install'
[0.345s] Level 1:colcon.colcon_core.package_identification:_identify(Encoder/utility) by extensions ['colcon_pkg']
[0.345s] Level 1:colcon.colcon_core.package_identification:_identify(Encoder/utility) by extension 'colcon_pkg'
[0.345s] Level 1:colcon.colcon_core.package_identification:_identify(Encoder/utility) by extensions ['colcon_meta']
[0.345s] Level 1:colcon.colcon_core.package_identification:_identify(Encoder/utility) by extension 'colcon_meta'
[0.345s] Level 1:colcon.colcon_core.package_identification:_identify(Encoder/utility) by extensions ['ros']
[0.345s] Level 1:colcon.colcon_core.package_identification:_identify(Encoder/utility) by extension 'ros'
[0.345s] Level 1:colcon.colcon_core.package_identification:_identify(Encoder/utility) by extensions ['cmake', 'python']
[0.345s] Level 1:colcon.colcon_core.package_identification:_identify(Encoder/utility) by extension 'cmake'
[0.345s] Level 1:colcon.colcon_core.package_identification:_identify(Encoder/utility) by extension 'python'
[0.345s] Level 1:colcon.colcon_core.package_identification:_identify(Encoder/utility) by extensions ['python_setup_py']
[0.345s] Level 1:colcon.colcon_core.package_identification:_identify(Encoder/utility) by extension 'python_setup_py'
[0.345s] Level 1:colcon.colcon_core.package_identification:_identify(build) by extensions ['ignore', 'ignore_ament_install']
[0.346s] Level 1:colcon.colcon_core.package_identification:_identify(build) by extension 'ignore'
[0.346s] Level 1:colcon.colcon_core.package_identification:_identify(build) ignored
[0.346s] Level 1:colcon.colcon_core.package_identification:_identify(diffdrive_arduino) by extensions ['ignore', 'ignore_ament_install']
[0.346s] Level 1:colcon.colcon_core.package_identification:_identify(diffdrive_arduino) by extension 'ignore'
[0.346s] Level 1:colcon.colcon_core.package_identification:_identify(diffdrive_arduino) by extension 'ignore_ament_install'
[0.346s] Level 1:colcon.colcon_core.package_identification:_identify(diffdrive_arduino) by extensions ['colcon_pkg']
[0.346s] Level 1:colcon.colcon_core.package_identification:_identify(diffdrive_arduino) by extension 'colcon_pkg'
[0.346s] Level 1:colcon.colcon_core.package_identification:_identify(diffdrive_arduino) by extensions ['colcon_meta']
[0.346s] Level 1:colcon.colcon_core.package_identification:_identify(diffdrive_arduino) by extension 'colcon_meta'
[0.346s] Level 1:colcon.colcon_core.package_identification:_identify(diffdrive_arduino) by extensions ['ros']
[0.346s] Level 1:colcon.colcon_core.package_identification:_identify(diffdrive_arduino) by extension 'ros'
[0.349s] DEBUG:colcon.colcon_core.package_identification:Package 'diffdrive_arduino' with type 'ros.ament_cmake' and name 'diffdrive_arduino'
[0.349s] Level 1:colcon.colcon_core.package_identification:_identify(install) by extensions ['ignore', 'ignore_ament_install']
[0.349s] Level 1:colcon.colcon_core.package_identification:_identify(install) by extension 'ignore'
[0.349s] Level 1:colcon.colcon_core.package_identification:_identify(install) ignored
[0.349s] Level 1:colcon.colcon_core.package_identification:_identify(log) by extensions ['ignore', 'ignore_ament_install']
[0.349s] Level 1:colcon.colcon_core.package_identification:_identify(log) by extension 'ignore'
[0.349s] Level 1:colcon.colcon_core.package_identification:_identify(log) ignored
[0.349s] Level 1:colcon.colcon_core.package_identification:_identify(motor control) by extensions ['ignore', 'ignore_ament_install']
[0.350s] Level 1:colcon.colcon_core.package_identification:_identify(motor control) by extension 'ignore'
[0.350s] Level 1:colcon.colcon_core.package_identification:_identify(motor control) by extension 'ignore_ament_install'
[0.350s] Level 1:colcon.colcon_core.package_identification:_identify(motor control) by extensions ['colcon_pkg']
[0.350s] Level 1:colcon.colcon_core.package_identification:_identify(motor control) by extension 'colcon_pkg'
[0.350s] Level 1:colcon.colcon_core.package_identification:_identify(motor control) by extensions ['colcon_meta']
[0.350s] Level 1:colcon.colcon_core.package_identification:_identify(motor control) by extension 'colcon_meta'
[0.350s] Level 1:colcon.colcon_core.package_identification:_identify(motor control) by extensions ['ros']
[0.350s] Level 1:colcon.colcon_core.package_identification:_identify(motor control) by extension 'ros'
[0.350s] Level 1:colcon.colcon_core.package_identification:_identify(motor control) by extensions ['cmake', 'python']
[0.350s] Level 1:colcon.colcon_core.package_identification:_identify(motor control) by extension 'cmake'
[0.350s] Level 1:colcon.colcon_core.package_identification:_identify(motor control) by extension 'python'
[0.350s] Level 1:colcon.colcon_core.package_identification:_identify(motor control) by extensions ['python_setup_py']
[0.350s] Level 1:colcon.colcon_core.package_identification:_identify(motor control) by extension 'python_setup_py'
[0.350s] Level 1:colcon.colcon_core.package_identification:_identify(motor control/src) by extensions ['ignore', 'ignore_ament_install']
[0.350s] Level 1:colcon.colcon_core.package_identification:_identify(motor control/src) by extension 'ignore'
[0.350s] Level 1:colcon.colcon_core.package_identification:_identify(motor control/src) by extension 'ignore_ament_install'
[0.351s] Level 1:colcon.colcon_core.package_identification:_identify(motor control/src) by extensions ['colcon_pkg']
[0.351s] Level 1:colcon.colcon_core.package_identification:_identify(motor control/src) by extension 'colcon_pkg'
[0.351s] Level 1:colcon.colcon_core.package_identification:_identify(motor control/src) by extensions ['colcon_meta']
[0.351s] Level 1:colcon.colcon_core.package_identification:_identify(motor control/src) by extension 'colcon_meta'
[0.351s] Level 1:colcon.colcon_core.package_identification:_identify(motor control/src) by extensions ['ros']
[0.351s] Level 1:colcon.colcon_core.package_identification:_identify(motor control/src) by extension 'ros'
[0.351s] Level 1:colcon.colcon_core.package_identification:_identify(motor control/src) by extensions ['cmake', 'python']
[0.351s] Level 1:colcon.colcon_core.package_identification:_identify(motor control/src) by extension 'cmake'
[0.351s] Level 1:colcon.colcon_core.package_identification:_identify(motor control/src) by extension 'python'
[0.351s] Level 1:colcon.colcon_core.package_identification:_identify(motor control/src) by extensions ['python_setup_py']
[0.351s] Level 1:colcon.colcon_core.package_identification:_identify(motor control/src) by extension 'python_setup_py'
[0.351s] Level 1:colcon.colcon_core.package_identification:_identify(serial) by extensions ['ignore', 'ignore_ament_install']
[0.351s] Level 1:colcon.colcon_core.package_identification:_identify(serial) by extension 'ignore'
[0.351s] Level 1:colcon.colcon_core.package_identification:_identify(serial) by extension 'ignore_ament_install'
[0.351s] Level 1:colcon.colcon_core.package_identification:_identify(serial) by extensions ['colcon_pkg']
[0.351s] Level 1:colcon.colcon_core.package_identification:_identify(serial) by extension 'colcon_pkg'
[0.351s] Level 1:colcon.colcon_core.package_identification:_identify(serial) by extensions ['colcon_meta']
[0.352s] Level 1:colcon.colcon_core.package_identification:_identify(serial) by extension 'colcon_meta'
[0.352s] Level 1:colcon.colcon_core.package_identification:_identify(serial) by extensions ['ros']
[0.352s] Level 1:colcon.colcon_core.package_identification:_identify(serial) by extension 'ros'
[0.352s] DEBUG:colcon.colcon_core.package_identification:Package 'serial' with type 'ros.ament_cmake' and name 'serial'
[0.352s] Level 1:colcon.colcon_core.package_identification:_identify(src) by extensions ['ignore', 'ignore_ament_install']
[0.352s] Level 1:colcon.colcon_core.package_identification:_identify(src) by extension 'ignore'
[0.352s] Level 1:colcon.colcon_core.package_identification:_identify(src) by extension 'ignore_ament_install'
[0.352s] Level 1:colcon.colcon_core.package_identification:_identify(src) by extensions ['colcon_pkg']
[0.352s] Level 1:colcon.colcon_core.package_identification:_identify(src) by extension 'colcon_pkg'
[0.353s] Level 1:colcon.colcon_core.package_identification:_identify(src) by extensions ['colcon_meta']
[0.353s] Level 1:colcon.colcon_core.package_identification:_identify(src) by extension 'colcon_meta'
[0.353s] Level 1:colcon.colcon_core.package_identification:_identify(src) by extensions ['ros']
[0.353s] Level 1:colcon.colcon_core.package_identification:_identify(src) by extension 'ros'
[0.353s] Level 1:colcon.colcon_core.package_identification:_identify(src) by extensions ['cmake', 'python']
[0.353s] Level 1:colcon.colcon_core.package_identification:_identify(src) by extension 'cmake'
[0.353s] Level 1:colcon.colcon_core.package_identification:_identify(src) by extension 'python'
[0.353s] Level 1:colcon.colcon_core.package_identification:_identify(src) by extensions ['python_setup_py']
[0.353s] Level 1:colcon.colcon_core.package_identification:_identify(src) by extension 'python_setup_py'
[0.353s] Level 1:colcon.colcon_core.package_identification:_identify(src/atom_qs) by extensions ['ignore', 'ignore_ament_install']
[0.353s] Level 1:colcon.colcon_core.package_identification:_identify(src/atom_qs) by extension 'ignore'
[0.353s] Level 1:colcon.colcon_core.package_identification:_identify(src/atom_qs) by extension 'ignore_ament_install'
[0.353s] Level 1:colcon.colcon_core.package_identification:_identify(src/atom_qs) by extensions ['colcon_pkg']
[0.353s] Level 1:colcon.colcon_core.package_identification:_identify(src/atom_qs) by extension 'colcon_pkg'
[0.353s] Level 1:colcon.colcon_core.package_identification:_identify(src/atom_qs) by extensions ['colcon_meta']
[0.353s] Level 1:colcon.colcon_core.package_identification:_identify(src/atom_qs) by extension 'colcon_meta'
[0.353s] Level 1:colcon.colcon_core.package_identification:_identify(src/atom_qs) by extensions ['ros']
[0.353s] Level 1:colcon.colcon_core.package_identification:_identify(src/atom_qs) by extension 'ros'
[0.354s] DEBUG:colcon.colcon_core.package_identification:Package 'src/atom_qs' with type 'ros.ament_cmake' and name 'atom_qs'
[0.354s] Level 1:colcon.colcon_core.package_discovery:discover_packages(recursive) using defaults
[0.354s] Level 1:colcon.colcon_core.package_discovery:discover_packages(ignore) discover
[0.354s] Level 1:colcon.colcon_core.package_discovery:discover_packages(ignore) using defaults
[0.354s] Level 1:colcon.colcon_core.package_discovery:discover_packages(path) discover
[0.354s] Level 1:colcon.colcon_core.package_discovery:discover_packages(path) using defaults
[0.381s] Level 1:colcon.colcon_core.package_discovery:discover_packages(prefix_path) check parameters
[0.381s] Level 1:colcon.colcon_core.package_discovery:discover_packages(prefix_path) discover
[0.383s] DEBUG:colcon.colcon_installed_package_information.package_discovery:Found 3 installed packages in /home/victoria_rotich/atom2024/install
[0.383s] DEBUG:colcon.colcon_installed_package_information.package_discovery:Found 2 installed packages in /home/victoria_rotich/cyclonedds_ws/install
[0.384s] DEBUG:colcon.colcon_installed_package_information.package_discovery:Found 5 installed packages in /home/victoria_rotich/dojo_robotics_2025/install
[0.384s] DEBUG:colcon.colcon_installed_package_information.package_discovery:Found 1 installed packages in /home/victoria_rotich/ros2_ws/install
[0.385s] DEBUG:colcon.colcon_installed_package_information.package_discovery:Found 1 installed packages in /home/victoria_rotich/dojo_robotics_2025/src/install
[0.386s] DEBUG:colcon.colcon_installed_package_information.package_discovery:Found 374 installed packages in /opt/ros/humble
[0.388s] Level 1:colcon.colcon_core.package_discovery:discover_packages(prefix_path) using defaults
[0.430s] Level 5:colcon.colcon_core.verb:set package 'atom_qs' build argument 'cmake_args' from command line to 'None'
[0.430s] Level 5:colcon.colcon_core.verb:set package 'atom_qs' build argument 'cmake_target' from command line to 'None'
[0.430s] Level 5:colcon.colcon_core.verb:set package 'atom_qs' build argument 'cmake_target_skip_unavailable' from command line to 'False'
[0.430s] Level 5:colcon.colcon_core.verb:set package 'atom_qs' build argument 'cmake_clean_cache' from command line to 'False'
[0.430s] Level 5:colcon.colcon_core.verb:set package 'atom_qs' build argument 'cmake_clean_first' from command line to 'False'
[0.430s] Level 5:colcon.colcon_core.verb:set package 'atom_qs' build argument 'cmake_force_configure' from command line to 'False'
[0.430s] Level 5:colcon.colcon_core.verb:set package 'atom_qs' build argument 'ament_cmake_args' from command line to 'None'
[0.430s] Level 5:colcon.colcon_core.verb:set package 'atom_qs' build argument 'catkin_cmake_args' from command line to 'None'
[0.430s] Level 5:colcon.colcon_core.verb:set package 'atom_qs' build argument 'catkin_skip_building_tests' from command line to 'False'
[0.430s] DEBUG:colcon.colcon_core.verb:Building package 'atom_qs' with the following arguments: {'ament_cmake_args': None, 'build_base': '/home/victoria_rotich/atom2024/build/atom_qs', 'catkin_cmake_args': None, 'catkin_skip_building_tests': False, 'cmake_args': None, 'cmake_clean_cache': False, 'cmake_clean_first': False, 'cmake_force_configure': False, 'cmake_target': None, 'cmake_target_skip_unavailable': False, 'install_base': '/home/victoria_rotich/atom2024/install/atom_qs', 'merge_install': False, 'path': '/home/victoria_rotich/atom2024/src/atom_qs', 'symlink_install': False, 'test_result_base': None}
[0.430s] Level 5:colcon.colcon_core.verb:set package 'serial' build argument 'cmake_args' from command line to 'None'
[0.430s] Level 5:colcon.colcon_core.verb:set package 'serial' build argument 'cmake_target' from command line to 'None'
[0.430s] Level 5:colcon.colcon_core.verb:set package 'serial' build argument 'cmake_target_skip_unavailable' from command line to 'False'
[0.430s] Level 5:colcon.colcon_core.verb:set package 'serial' build argument 'cmake_clean_cache' from command line to 'False'
[0.430s] Level 5:colcon.colcon_core.verb:set package 'serial' build argument 'cmake_clean_first' from command line to 'False'
[0.430s] Level 5:colcon.colcon_core.verb:set package 'serial' build argument 'cmake_force_configure' from command line to 'False'
[0.430s] Level 5:colcon.colcon_core.verb:set package 'serial' build argument 'ament_cmake_args' from command line to 'None'
[0.430s] Level 5:colcon.colcon_core.verb:set package 'serial' build argument 'catkin_cmake_args' from command line to 'None'
[0.430s] Level 5:colcon.colcon_core.verb:set package 'serial' build argument 'catkin_skip_building_tests' from command line to 'False'
[0.431s] DEBUG:colcon.colcon_core.verb:Building package 'serial' with the following arguments: {'ament_cmake_args': None, 'build_base': '/home/victoria_rotich/atom2024/build/serial', 'catkin_cmake_args': None, 'catkin_skip_building_tests': False, 'cmake_args': None, 'cmake_clean_cache': False, 'cmake_clean_first': False, 'cmake_force_configure': False, 'cmake_target': None, 'cmake_target_skip_unavailable': False, 'install_base': '/home/victoria_rotich/atom2024/install/serial', 'merge_install': False, 'path': '/home/victoria_rotich/atom2024/serial', 'symlink_install': False, 'test_result_base': None}
[0.431s] Level 5:colcon.colcon_core.verb:set package 'diffdrive_arduino' build argument 'cmake_args' from command line to 'None'
[0.431s] Level 5:colcon.colcon_core.verb:set package 'diffdrive_arduino' build argument 'cmake_target' from command line to 'None'
[0.431s] Level 5:colcon.colcon_core.verb:set package 'diffdrive_arduino' build argument 'cmake_target_skip_unavailable' from command line to 'False'
[0.431s] Level 5:colcon.colcon_core.verb:set package 'diffdrive_arduino' build argument 'cmake_clean_cache' from command line to 'False'
[0.431s] Level 5:colcon.colcon_core.verb:set package 'diffdrive_arduino' build argument 'cmake_clean_first' from command line to 'False'
[0.431s] Level 5:colcon.colcon_core.verb:set package 'diffdrive_arduino' build argument 'cmake_force_configure' from command line to 'False'
[0.431s] Level 5:colcon.colcon_core.verb:set package 'diffdrive_arduino' build argument 'ament_cmake_args' from command line to 'None'
[0.431s] Level 5:colcon.colcon_core.verb:set package 'diffdrive_arduino' build argument 'catkin_cmake_args' from command line to 'None'
[0.431s] Level 5:colcon.colcon_core.verb:set package 'diffdrive_arduino' build argument 'catkin_skip_building_tests' from command line to 'False'
[0.431s] DEBUG:colcon.colcon_core.verb:Building package 'diffdrive_arduino' with the following arguments: {'ament_cmake_args': None, 'build_base': '/home/victoria_rotich/atom2024/build/diffdrive_arduino', 'catkin_cmake_args': None, 'catkin_skip_building_tests': False, 'cmake_args': None, 'cmake_clean_cache': False, 'cmake_clean_first': False, 'cmake_force_configure': False, 'cmake_target': None, 'cmake_target_skip_unavailable': False, 'install_base': '/home/victoria_rotich/atom2024/install/diffdrive_arduino', 'merge_install': False, 'path': '/home/victoria_rotich/atom2024/diffdrive_arduino', 'symlink_install': False, 'test_result_base': None}
[0.431s] INFO:colcon.colcon_core.executor:Executing jobs using 'parallel' executor
[0.432s] DEBUG:colcon.colcon_parallel_executor.executor.parallel:run_until_complete
[0.432s] INFO:colcon.colcon_ros.task.ament_cmake.build:Building ROS package in '/home/victoria_rotich/atom2024/serial' with build type 'ament_cmake'
[0.432s] INFO:colcon.colcon_cmake.task.cmake.build:Building CMake package in '/home/victoria_rotich/atom2024/serial'
[0.435s] INFO:colcon.colcon_core.plugin_system:Skipping extension 'colcon_core.shell.bat': Not used on non-Windows systems
[0.435s] INFO:colcon.colcon_core.shell:Skip shell extension 'powershell' for command environment: Not usable outside of PowerShell
[0.436s] DEBUG:colcon.colcon_core.shell:Skip shell extension 'dsv' for command environment
[0.441s] INFO:colcon.colcon_ros.task.ament_cmake.build:Building ROS package in '/home/victoria_rotich/atom2024/src/atom_qs' with build type 'ament_cmake'
[0.441s] INFO:colcon.colcon_cmake.task.cmake.build:Building CMake package in '/home/victoria_rotich/atom2024/src/atom_qs'
[0.442s] INFO:colcon.colcon_core.shell:Skip shell extension 'powershell' for command environment: Not usable outside of PowerShell
[0.443s] DEBUG:colcon.colcon_core.shell:Skip shell extension 'dsv' for command environment
[0.455s] DEBUG:colcon.colcon_core.event_handler.log_command:Invoking command in '/home/victoria_rotich/atom2024/build/serial': CMAKE_PREFIX_PATH=${CMAKE_PREFIX_PATH}:/home/victoria_rotich/dojo_robotics_2025/install/talker:/home/victoria_rotich/dojo_robotics_2025/install/my_robot_package:/home/victoria_rotich/dojo_robotics_2025/install/listener:/home/victoria_rotich/dojo_robotics_2025/src/install/my_robot_package:/opt/ros/humble /usr/bin/cmake --build /home/victoria_rotich/atom2024/build/serial -- -j8 -l8
[0.462s] DEBUG:colcon.colcon_core.event_handler.log_command:Invoking command in '/home/victoria_rotich/atom2024/build/atom_qs': CMAKE_PREFIX_PATH=${CMAKE_PREFIX_PATH}:/home/victoria_rotich/dojo_robotics_2025/install/talker:/home/victoria_rotich/dojo_robotics_2025/install/my_robot_package:/home/victoria_rotich/dojo_robotics_2025/install/listener:/home/victoria_rotich/dojo_robotics_2025/src/install/my_robot_package:/opt/ros/humble /usr/bin/cmake --build /home/victoria_rotich/atom2024/build/atom_qs -- -j8 -l8
[0.503s] DEBUG:colcon.colcon_core.event_handler.log_command:Invoked command in '/home/victoria_rotich/atom2024/build/atom_qs' returned '0': CMAKE_PREFIX_PATH=${CMAKE_PREFIX_PATH}:/home/victoria_rotich/dojo_robotics_2025/install/talker:/home/victoria_rotich/dojo_robotics_2025/install/my_robot_package:/home/victoria_rotich/dojo_robotics_2025/install/listener:/home/victoria_rotich/dojo_robotics_2025/src/install/my_robot_package:/opt/ros/humble /usr/bin/cmake --build /home/victoria_rotich/atom2024/build/atom_qs -- -j8 -l8
[0.520s] DEBUG:colcon.colcon_core.event_handler.log_command:Invoking command in '/home/victoria_rotich/atom2024/build/atom_qs': CMAKE_PREFIX_PATH=${CMAKE_PREFIX_PATH}:/home/victoria_rotich/dojo_robotics_2025/install/talker:/home/victoria_rotich/dojo_robotics_2025/install/my_robot_package:/home/victoria_rotich/dojo_robotics_2025/install/listener:/home/victoria_rotich/dojo_robotics_2025/src/install/my_robot_package:/opt/ros/humble /usr/bin/cmake --install /home/victoria_rotich/atom2024/build/atom_qs
[0.545s] Level 1:colcon.colcon_core.environment:create_environment_scripts_only(atom_qs)
[0.546s] DEBUG:colcon.colcon_core.event_handler.log_command:Invoked command in '/home/victoria_rotich/atom2024/build/atom_qs' returned '0': CMAKE_PREFIX_PATH=${CMAKE_PREFIX_PATH}:/home/victoria_rotich/dojo_robotics_2025/install/talker:/home/victoria_rotich/dojo_robotics_2025/install/my_robot_package:/home/victoria_rotich/dojo_robotics_2025/install/listener:/home/victoria_rotich/dojo_robotics_2025/src/install/my_robot_package:/opt/ros/humble /usr/bin/cmake --install /home/victoria_rotich/atom2024/build/atom_qs
[0.550s] Level 1:colcon.colcon_core.environment:checking '/home/victoria_rotich/atom2024/install/atom_qs' for CMake module files
[0.551s] Level 1:colcon.colcon_core.environment:checking '/home/victoria_rotich/atom2024/install/atom_qs' for CMake config files
[0.551s] Level 1:colcon.colcon_core.shell:create_environment_hook('atom_qs', 'cmake_prefix_path')
[0.552s] INFO:colcon.colcon_core.shell:Creating environment hook '/home/victoria_rotich/atom2024/install/atom_qs/share/atom_qs/hook/cmake_prefix_path.ps1'
[0.553s] INFO:colcon.colcon_core.shell:Creating environment descriptor '/home/victoria_rotich/atom2024/install/atom_qs/share/atom_qs/hook/cmake_prefix_path.dsv'
[0.554s] INFO:colcon.colcon_core.shell:Creating environment hook '/home/victoria_rotich/atom2024/install/atom_qs/share/atom_qs/hook/cmake_prefix_path.sh'
[0.555s] Level 1:colcon.colcon_core.environment:checking '/home/victoria_rotich/atom2024/install/atom_qs/bin'
[0.555s] Level 1:colcon.colcon_core.environment:checking '/home/victoria_rotich/atom2024/install/atom_qs/lib/pkgconfig/atom_qs.pc'
[0.556s] Level 1:colcon.colcon_core.environment:checking '/home/victoria_rotich/atom2024/install/atom_qs/lib/python3.10/site-packages'
[0.556s] Level 1:colcon.colcon_core.environment:checking '/home/victoria_rotich/atom2024/install/atom_qs/bin'
[0.557s] INFO:colcon.colcon_core.shell:Creating package script '/home/victoria_rotich/atom2024/install/atom_qs/share/atom_qs/package.ps1'
[0.559s] INFO:colcon.colcon_core.shell:Creating package descriptor '/home/victoria_rotich/atom2024/install/atom_qs/share/atom_qs/package.dsv'
[0.560s] INFO:colcon.colcon_core.shell:Creating package script '/home/victoria_rotich/atom2024/install/atom_qs/share/atom_qs/package.sh'
[0.561s] INFO:colcon.colcon_core.shell:Creating package script '/home/victoria_rotich/atom2024/install/atom_qs/share/atom_qs/package.bash'
[0.562s] INFO:colcon.colcon_core.shell:Creating package script '/home/victoria_rotich/atom2024/install/atom_qs/share/atom_qs/package.zsh'
[0.563s] Level 1:colcon.colcon_core.environment:create_file_with_runtime_dependencies(/home/victoria_rotich/atom2024/install/atom_qs/share/colcon-core/packages/atom_qs)
[0.564s] Level 1:colcon.colcon_core.environment:create_environment_scripts_only(atom_qs)
[0.564s] Level 1:colcon.colcon_core.environment:checking '/home/victoria_rotich/atom2024/install/atom_qs' for CMake module files
[0.564s] Level 1:colcon.colcon_core.environment:checking '/home/victoria_rotich/atom2024/install/atom_qs' for CMake config files
[0.564s] Level 1:colcon.colcon_core.shell:create_environment_hook('atom_qs', 'cmake_prefix_path')
[0.565s] INFO:colcon.colcon_core.shell:Creating environment hook '/home/victoria_rotich/atom2024/install/atom_qs/share/atom_qs/hook/cmake_prefix_path.ps1'
[0.565s] INFO:colcon.colcon_core.shell:Creating environment descriptor '/home/victoria_rotich/atom2024/install/atom_qs/share/atom_qs/hook/cmake_prefix_path.dsv'
[0.566s] INFO:colcon.colcon_core.shell:Creating environment hook '/home/victoria_rotich/atom2024/install/atom_qs/share/atom_qs/hook/cmake_prefix_path.sh'
[0.566s] Level 1:colcon.colcon_core.environment:checking '/home/victoria_rotich/atom2024/install/atom_qs/bin'
[0.566s] Level 1:colcon.colcon_core.environment:checking '/home/victoria_rotich/atom2024/install/atom_qs/lib/pkgconfig/atom_qs.pc'
[0.566s] Level 1:colcon.colcon_core.environment:checking '/home/victoria_rotich/atom2024/install/atom_qs/lib/python3.10/site-packages'
[0.567s] Level 1:colcon.colcon_core.environment:checking '/home/victoria_rotich/atom2024/install/atom_qs/bin'
[0.567s] INFO:colcon.colcon_core.shell:Creating package script '/home/victoria_rotich/atom2024/install/atom_qs/share/atom_qs/package.ps1'
[0.568s] INFO:colcon.colcon_core.shell:Creating package descriptor '/home/victoria_rotich/atom2024/install/atom_qs/share/atom_qs/package.dsv'
[0.568s] INFO:colcon.colcon_core.shell:Creating package script '/home/victoria_rotich/atom2024/install/atom_qs/share/atom_qs/package.sh'
[0.569s] INFO:colcon.colcon_core.shell:Creating package script '/home/victoria_rotich/atom2024/install/atom_qs/share/atom_qs/package.bash'
[0.569s] INFO:colcon.colcon_core.shell:Creating package script '/home/victoria_rotich/atom2024/install/atom_qs/share/atom_qs/package.zsh'
[0.570s] Level 1:colcon.colcon_core.environment:create_file_with_runtime_dependencies(/home/victoria_rotich/atom2024/install/atom_qs/share/colcon-core/packages/atom_qs)
[0.574s] DEBUG:colcon.colcon_core.event_handler.log_command:Invoked command in '/home/victoria_rotich/atom2024/build/serial' returned '0': CMAKE_PREFIX_PATH=${CMAKE_PREFIX_PATH}:/home/victoria_rotich/dojo_robotics_2025/install/talker:/home/victoria_rotich/dojo_robotics_2025/install/my_robot_package:/home/victoria_rotich/dojo_robotics_2025/install/listener:/home/victoria_rotich/dojo_robotics_2025/src/install/my_robot_package:/opt/ros/humble /usr/bin/cmake --build /home/victoria_rotich/atom2024/build/serial -- -j8 -l8
[0.577s] DEBUG:colcon.colcon_core.event_handler.log_command:Invoking command in '/home/victoria_rotich/atom2024/build/serial': CMAKE_PREFIX_PATH=${CMAKE_PREFIX_PATH}:/home/victoria_rotich/dojo_robotics_2025/install/talker:/home/victoria_rotich/dojo_robotics_2025/install/my_robot_package:/home/victoria_rotich/dojo_robotics_2025/install/listener:/home/victoria_rotich/dojo_robotics_2025/src/install/my_robot_package:/opt/ros/humble /usr/bin/cmake --install /home/victoria_rotich/atom2024/build/serial
[0.588s] Level 1:colcon.colcon_core.environment:create_environment_scripts_only(serial)
[0.589s] DEBUG:colcon.colcon_core.event_handler.log_command:Invoked command in '/home/victoria_rotich/atom2024/build/serial' returned '0': CMAKE_PREFIX_PATH=${CMAKE_PREFIX_PATH}:/home/victoria_rotich/dojo_robotics_2025/install/talker:/home/victoria_rotich/dojo_robotics_2025/install/my_robot_package:/home/victoria_rotich/dojo_robotics_2025/install/listener:/home/victoria_rotich/dojo_robotics_2025/src/install/my_robot_package:/opt/ros/humble /usr/bin/cmake --install /home/victoria_rotich/atom2024/build/serial
[0.589s] Level 1:colcon.colcon_core.environment:checking '/home/victoria_rotich/atom2024/install/serial' for CMake module files
[0.590s] Level 1:colcon.colcon_core.environment:checking '/home/victoria_rotich/atom2024/install/serial' for CMake config files
[0.590s] Level 1:colcon.colcon_core.shell:create_environment_hook('serial', 'cmake_prefix_path')
[0.590s] INFO:colcon.colcon_core.shell:Creating environment hook '/home/victoria_rotich/atom2024/install/serial/share/serial/hook/cmake_prefix_path.ps1'
[0.591s] INFO:colcon.colcon_core.shell:Creating environment descriptor '/home/victoria_rotich/atom2024/install/serial/share/serial/hook/cmake_prefix_path.dsv'
[0.591s] INFO:colcon.colcon_core.shell:Creating environment hook '/home/victoria_rotich/atom2024/install/serial/share/serial/hook/cmake_prefix_path.sh'
[0.592s] Level 1:colcon.colcon_core.environment:checking '/home/victoria_rotich/atom2024/install/serial/lib'
[0.592s] Level 1:colcon.colcon_core.environment:checking '/home/victoria_rotich/atom2024/install/serial/bin'
[0.592s] Level 1:colcon.colcon_core.environment:checking '/home/victoria_rotich/atom2024/install/serial/lib/pkgconfig/serial.pc'
[0.593s] Level 1:colcon.colcon_core.environment:checking '/home/victoria_rotich/atom2024/install/serial/lib/python3.10/site-packages'
[0.593s] Level 1:colcon.colcon_core.environment:checking '/home/victoria_rotich/atom2024/install/serial/bin'
[0.593s] INFO:colcon.colcon_core.shell:Creating package script '/home/victoria_rotich/atom2024/install/serial/share/serial/package.ps1'
[0.594s] INFO:colcon.colcon_core.shell:Creating package descriptor '/home/victoria_rotich/atom2024/install/serial/share/serial/package.dsv'
[0.594s] INFO:colcon.colcon_core.shell:Creating package script '/home/victoria_rotich/atom2024/install/serial/share/serial/package.sh'
[0.594s] INFO:colcon.colcon_core.shell:Creating package script '/home/victoria_rotich/atom2024/install/serial/share/serial/package.bash'
[0.595s] INFO:colcon.colcon_core.shell:Creating package script '/home/victoria_rotich/atom2024/install/serial/share/serial/package.zsh'
[0.595s] Level 1:colcon.colcon_core.environment:create_file_with_runtime_dependencies(/home/victoria_rotich/atom2024/install/serial/share/colcon-core/packages/serial)
[0.595s] Level 1:colcon.colcon_core.environment:create_environment_scripts_only(serial)
[0.596s] Level 1:colcon.colcon_core.environment:checking '/home/victoria_rotich/atom2024/install/serial' for CMake module files
[0.596s] Level 1:colcon.colcon_core.environment:checking '/home/victoria_rotich/atom2024/install/serial' for CMake config files
[0.596s] Level 1:colcon.colcon_core.shell:create_environment_hook('serial', 'cmake_prefix_path')
[0.596s] INFO:colcon.colcon_core.shell:Creating environment hook '/home/victoria_rotich/atom2024/install/serial/share/serial/hook/cmake_prefix_path.ps1'
[0.597s] INFO:colcon.colcon_core.shell:Creating environment descriptor '/home/victoria_rotich/atom2024/install/serial/share/serial/hook/cmake_prefix_path.dsv'
[0.597s] INFO:colcon.colcon_core.shell:Creating environment hook '/home/victoria_rotich/atom2024/install/serial/share/serial/hook/cmake_prefix_path.sh'
[0.598s] Level 1:colcon.colcon_core.environment:checking '/home/victoria_rotich/atom2024/install/serial/lib'
[0.598s] Level 1:colcon.colcon_core.environment:checking '/home/victoria_rotich/atom2024/install/serial/bin'
[0.598s] Level 1:colcon.colcon_core.environment:checking '/home/victoria_rotich/atom2024/install/serial/lib/pkgconfig/serial.pc'
[0.598s] Level 1:colcon.colcon_core.environment:checking '/home/victoria_rotich/atom2024/install/serial/lib/python3.10/site-packages'
[0.598s] Level 1:colcon.colcon_core.environment:checking '/home/victoria_rotich/atom2024/install/serial/bin'
[0.598s] INFO:colcon.colcon_core.shell:Creating package script '/home/victoria_rotich/atom2024/install/serial/share/serial/package.ps1'
[0.599s] INFO:colcon.colcon_core.shell:Creating package descriptor '/home/victoria_rotich/atom2024/install/serial/share/serial/package.dsv'
[0.599s] INFO:colcon.colcon_core.shell:Creating package script '/home/victoria_rotich/atom2024/install/serial/share/serial/package.sh'
[0.600s] INFO:colcon.colcon_core.shell:Creating package script '/home/victoria_rotich/atom2024/install/serial/share/serial/package.bash'
[0.600s] INFO:colcon.colcon_core.shell:Creating package script '/home/victoria_rotich/atom2024/install/serial/share/serial/package.zsh'
[0.600s] Level 1:colcon.colcon_core.environment:create_file_with_runtime_dependencies(/home/victoria_rotich/atom2024/install/serial/share/colcon-core/packages/serial)
[0.601s] INFO:colcon.colcon_ros.task.ament_cmake.build:Building ROS package in '/home/victoria_rotich/atom2024/diffdrive_arduino' with build type 'ament_cmake'
[0.601s] INFO:colcon.colcon_cmake.task.cmake.build:Building CMake package in '/home/victoria_rotich/atom2024/diffdrive_arduino'
[0.601s] INFO:colcon.colcon_core.shell:Skip shell extension 'powershell' for command environment: Not usable outside of PowerShell
[0.601s] DEBUG:colcon.colcon_core.shell:Skip shell extension 'dsv' for command environment
[0.661s] DEBUG:colcon.colcon_core.event_handler.log_command:Invoking command in '/home/victoria_rotich/atom2024/build/diffdrive_arduino': CMAKE_PREFIX_PATH=/home/victoria_rotich/atom2024/install/serial:/home/victoria_rotich/atom2024/install/diffdrive_arduino:/home/victoria_rotich/atom2024/install/atom_qs:/home/victoria_rotich/cyclonedds_ws/install/rmw_cyclonedds_cpp:/home/victoria_rotich/cyclonedds_ws/install/cyclonedds:/home/victoria_rotich/dojo_robotics_2025/install/my_robot_pack2:/home/victoria_rotich/dojo_robotics_2025/install/cpp_pubsub:/home/victoria_rotich/ros2_ws/install/sllidar_ros2:/home/victoria_rotich/dojo_robotics_2025/install/talker:/home/victoria_rotich/dojo_robotics_2025/install/my_robot_package:/home/victoria_rotich/dojo_robotics_2025/install/listener:/home/victoria_rotich/dojo_robotics_2025/src/install/my_robot_package:/opt/ros/humble /usr/bin/cmake --build /home/victoria_rotich/atom2024/build/diffdrive_arduino -- -j8 -l8
[0.734s] DEBUG:colcon.colcon_core.event_handler.log_command:Invoked command in '/home/victoria_rotich/atom2024/build/diffdrive_arduino' returned '0': CMAKE_PREFIX_PATH=/home/victoria_rotich/atom2024/install/serial:/home/victoria_rotich/atom2024/install/diffdrive_arduino:/home/victoria_rotich/atom2024/install/atom_qs:/home/victoria_rotich/cyclonedds_ws/install/rmw_cyclonedds_cpp:/home/victoria_rotich/cyclonedds_ws/install/cyclonedds:/home/victoria_rotich/dojo_robotics_2025/install/my_robot_pack2:/home/victoria_rotich/dojo_robotics_2025/install/cpp_pubsub:/home/victoria_rotich/ros2_ws/install/sllidar_ros2:/home/victoria_rotich/dojo_robotics_2025/install/talker:/home/victoria_rotich/dojo_robotics_2025/install/my_robot_package:/home/victoria_rotich/dojo_robotics_2025/install/listener:/home/victoria_rotich/dojo_robotics_2025/src/install/my_robot_package:/opt/ros/humble /usr/bin/cmake --build /home/victoria_rotich/atom2024/build/diffdrive_arduino -- -j8 -l8
[0.735s] DEBUG:colcon.colcon_core.event_handler.log_command:Invoking command in '/home/victoria_rotich/atom2024/build/diffdrive_arduino': CMAKE_PREFIX_PATH=/home/victoria_rotich/atom2024/install/serial:/home/victoria_rotich/atom2024/install/diffdrive_arduino:/home/victoria_rotich/atom2024/install/atom_qs:/home/victoria_rotich/cyclonedds_ws/install/rmw_cyclonedds_cpp:/home/victoria_rotich/cyclonedds_ws/install/cyclonedds:/home/victoria_rotich/dojo_robotics_2025/install/my_robot_pack2:/home/victoria_rotich/dojo_robotics_2025/install/cpp_pubsub:/home/victoria_rotich/ros2_ws/install/sllidar_ros2:/home/victoria_rotich/dojo_robotics_2025/install/talker:/home/victoria_rotich/dojo_robotics_2025/install/my_robot_package:/home/victoria_rotich/dojo_robotics_2025/install/listener:/home/victoria_rotich/dojo_robotics_2025/src/install/my_robot_package:/opt/ros/humble /usr/bin/cmake --install /home/victoria_rotich/atom2024/build/diffdrive_arduino
[0.751s] Level 1:colcon.colcon_core.environment:create_environment_scripts_only(diffdrive_arduino)
[0.751s] Level 1:colcon.colcon_core.environment:checking '/home/victoria_rotich/atom2024/install/diffdrive_arduino' for CMake module files
[0.752s] DEBUG:colcon.colcon_core.event_handler.log_command:Invoked command in '/home/victoria_rotich/atom2024/build/diffdrive_arduino' returned '0': CMAKE_PREFIX_PATH=/home/victoria_rotich/atom2024/install/serial:/home/victoria_rotich/atom2024/install/diffdrive_arduino:/home/victoria_rotich/atom2024/install/atom_qs:/home/victoria_rotich/cyclonedds_ws/install/rmw_cyclonedds_cpp:/home/victoria_rotich/cyclonedds_ws/install/cyclonedds:/home/victoria_rotich/dojo_robotics_2025/install/my_robot_pack2:/home/victoria_rotich/dojo_robotics_2025/install/cpp_pubsub:/home/victoria_rotich/ros2_ws/install/sllidar_ros2:/home/victoria_rotich/dojo_robotics_2025/install/talker:/home/victoria_rotich/dojo_robotics_2025/install/my_robot_package:/home/victoria_rotich/dojo_robotics_2025/install/listener:/home/victoria_rotich/dojo_robotics_2025/src/install/my_robot_package:/opt/ros/humble /usr/bin/cmake --install /home/victoria_rotich/atom2024/build/diffdrive_arduino
[0.752s] Level 1:colcon.colcon_core.environment:checking '/home/victoria_rotich/atom2024/install/diffdrive_arduino' for CMake config files
[0.752s] Level 1:colcon.colcon_core.shell:create_environment_hook('diffdrive_arduino', 'cmake_prefix_path')
[0.753s] INFO:colcon.colcon_core.shell:Creating environment hook '/home/victoria_rotich/atom2024/install/diffdrive_arduino/share/diffdrive_arduino/hook/cmake_prefix_path.ps1'
[0.753s] INFO:colcon.colcon_core.shell:Creating environment descriptor '/home/victoria_rotich/atom2024/install/diffdrive_arduino/share/diffdrive_arduino/hook/cmake_prefix_path.dsv'
[0.754s] INFO:colcon.colcon_core.shell:Creating environment hook '/home/victoria_rotich/atom2024/install/diffdrive_arduino/share/diffdrive_arduino/hook/cmake_prefix_path.sh'
[0.754s] Level 1:colcon.colcon_core.environment:checking '/home/victoria_rotich/atom2024/install/diffdrive_arduino/lib'
[0.755s] Level 1:colcon.colcon_core.shell:create_environment_hook('diffdrive_arduino', 'ld_library_path_lib')
[0.755s] INFO:colcon.colcon_core.shell:Creating environment hook '/home/victoria_rotich/atom2024/install/diffdrive_arduino/share/diffdrive_arduino/hook/ld_library_path_lib.ps1'
[0.756s] INFO:colcon.colcon_core.shell:Creating environment descriptor '/home/victoria_rotich/atom2024/install/diffdrive_arduino/share/diffdrive_arduino/hook/ld_library_path_lib.dsv'
[0.756s] INFO:colcon.colcon_core.shell:Creating environment hook '/home/victoria_rotich/atom2024/install/diffdrive_arduino/share/diffdrive_arduino/hook/ld_library_path_lib.sh'
[0.757s] Level 1:colcon.colcon_core.environment:checking '/home/victoria_rotich/atom2024/install/diffdrive_arduino/bin'
[0.757s] Level 1:colcon.colcon_core.environment:checking '/home/victoria_rotich/atom2024/install/diffdrive_arduino/lib/pkgconfig/diffdrive_arduino.pc'
[0.757s] Level 1:colcon.colcon_core.environment:checking '/home/victoria_rotich/atom2024/install/diffdrive_arduino/lib/python3.10/site-packages'
[0.758s] Level 1:colcon.colcon_core.environment:checking '/home/victoria_rotich/atom2024/install/diffdrive_arduino/bin'
[0.758s] INFO:colcon.colcon_core.shell:Creating package script '/home/victoria_rotich/atom2024/install/diffdrive_arduino/share/diffdrive_arduino/package.ps1'
[0.758s] INFO:colcon.colcon_core.shell:Creating package descriptor '/home/victoria_rotich/atom2024/install/diffdrive_arduino/share/diffdrive_arduino/package.dsv'
[0.759s] INFO:colcon.colcon_core.shell:Creating package script '/home/victoria_rotich/atom2024/install/diffdrive_arduino/share/diffdrive_arduino/package.sh'
[0.759s] INFO:colcon.colcon_core.shell:Creating package script '/home/victoria_rotich/atom2024/install/diffdrive_arduino/share/diffdrive_arduino/package.bash'
[0.760s] INFO:colcon.colcon_core.shell:Creating package script '/home/victoria_rotich/atom2024/install/diffdrive_arduino/share/diffdrive_arduino/package.zsh'
[0.760s] Level 1:colcon.colcon_core.environment:create_file_with_runtime_dependencies(/home/victoria_rotich/atom2024/install/diffdrive_arduino/share/colcon-core/packages/diffdrive_arduino)
[0.761s] Level 1:colcon.colcon_core.environment:create_environment_scripts_only(diffdrive_arduino)
[0.761s] Level 1:colcon.colcon_core.environment:checking '/home/victoria_rotich/atom2024/install/diffdrive_arduino' for CMake module files
[0.762s] Level 1:colcon.colcon_core.environment:checking '/home/victoria_rotich/atom2024/install/diffdrive_arduino' for CMake config files
[0.762s] Level 1:colcon.colcon_core.shell:create_environment_hook('diffdrive_arduino', 'cmake_prefix_path')
[0.762s] INFO:colcon.colcon_core.shell:Creating environment hook '/home/victoria_rotich/atom2024/install/diffdrive_arduino/share/diffdrive_arduino/hook/cmake_prefix_path.ps1'
[0.763s] INFO:colcon.colcon_core.shell:Creating environment descriptor '/home/victoria_rotich/atom2024/install/diffdrive_arduino/share/diffdrive_arduino/hook/cmake_prefix_path.dsv'
[0.763s] INFO:colcon.colcon_core.shell:Creating environment hook '/home/victoria_rotich/atom2024/install/diffdrive_arduino/share/diffdrive_arduino/hook/cmake_prefix_path.sh'
[0.764s] Level 1:colcon.colcon_core.environment:checking '/home/victoria_rotich/atom2024/install/diffdrive_arduino/lib'
[0.764s] Level 1:colcon.colcon_core.shell:create_environment_hook('diffdrive_arduino', 'ld_library_path_lib')
[0.765s] INFO:colcon.colcon_core.shell:Creating environment hook '/home/victoria_rotich/atom2024/install/diffdrive_arduino/share/diffdrive_arduino/hook/ld_library_path_lib.ps1'
[0.765s] INFO:colcon.colcon_core.shell:Creating environment descriptor '/home/victoria_rotich/atom2024/install/diffdrive_arduino/share/diffdrive_arduino/hook/ld_library_path_lib.dsv'
[0.765s] INFO:colcon.colcon_core.shell:Creating environment hook '/home/victoria_rotich/atom2024/install/diffdrive_arduino/share/diffdrive_arduino/hook/ld_library_path_lib.sh'
[0.766s] Level 1:colcon.colcon_core.environment:checking '/home/victoria_rotich/atom2024/install/diffdrive_arduino/bin'
[0.766s] Level 1:colcon.colcon_core.environment:checking '/home/victoria_rotich/atom2024/install/diffdrive_arduino/lib/pkgconfig/diffdrive_arduino.pc'
[0.766s] Level 1:colcon.colcon_core.environment:checking '/home/victoria_rotich/atom2024/install/diffdrive_arduino/lib/python3.10/site-packages'
[0.766s] Level 1:colcon.colcon_core.environment:checking '/home/victoria_rotich/atom2024/install/diffdrive_arduino/bin'
[0.767s] INFO:colcon.colcon_core.shell:Creating package script '/home/victoria_rotich/atom2024/install/diffdrive_arduino/share/diffdrive_arduino/package.ps1'
[0.767s] INFO:colcon.colcon_core.shell:Creating package descriptor '/home/victoria_rotich/atom2024/install/diffdrive_arduino/share/diffdrive_arduino/package.dsv'
[0.768s] INFO:colcon.colcon_core.shell:Creating package script '/home/victoria_rotich/atom2024/install/diffdrive_arduino/share/diffdrive_arduino/package.sh'
[0.768s] INFO:colcon.colcon_core.shell:Creating package script '/home/victoria_rotich/atom2024/install/diffdrive_arduino/share/diffdrive_arduino/package.bash'
[0.769s] INFO:colcon.colcon_core.shell:Creating package script '/home/victoria_rotich/atom2024/install/diffdrive_arduino/share/diffdrive_arduino/package.zsh'
[0.769s] Level 1:colcon.colcon_core.environment:create_file_with_runtime_dependencies(/home/victoria_rotich/atom2024/install/diffdrive_arduino/share/colcon-core/packages/diffdrive_arduino)
[0.770s] DEBUG:colcon.colcon_parallel_executor.executor.parallel:closing loop
[0.770s] DEBUG:colcon.colcon_parallel_executor.executor.parallel:loop closed
[0.770s] DEBUG:colcon.colcon_parallel_executor.executor.parallel:run_until_complete finished with '0'
[0.771s] DEBUG:colcon.colcon_core.event_reactor:joining thread
[0.828s] INFO:colcon.colcon_core.plugin_system:Skipping extension 'colcon_notification.desktop_notification.notify_send': Could not find 'notify-send'
[0.828s] INFO:colcon.colcon_core.plugin_system:Skipping extension 'colcon_notification.desktop_notification.terminal_notifier': Not used on non-Darwin systems
[0.828s] INFO:colcon.colcon_core.plugin_system:Skipping extension 'colcon_notification.desktop_notification.win32': Not used on non-Windows systems
[0.828s] INFO:colcon.colcon_notification.desktop_notification:Sending desktop notification using 'notify2'
[0.829s] DEBUG:colcon.colcon_notification.desktop_notification.notify2:Failed to initialize notify2: org.freedesktop.DBus.Error.FileNotFound: Failed to connect to socket /run/user/1000/bus: No such file or directory
[0.829s] DEBUG:colcon.colcon_core.event_reactor:joined thread
[0.829s] INFO:colcon.colcon_core.shell:Creating prefix script '/home/victoria_rotich/atom2024/install/local_setup.ps1'
[0.830s] INFO:colcon.colcon_core.shell:Creating prefix util module '/home/victoria_rotich/atom2024/install/_local_setup_util_ps1.py'
[0.832s] INFO:colcon.colcon_core.shell:Creating prefix chain script '/home/victoria_rotich/atom2024/install/setup.ps1'
[0.835s] INFO:colcon.colcon_core.shell:Creating prefix script '/home/victoria_rotich/atom2024/install/local_setup.sh'
[0.836s] INFO:colcon.colcon_core.shell:Creating prefix util module '/home/victoria_rotich/atom2024/install/_local_setup_util_sh.py'
[0.838s] INFO:colcon.colcon_core.shell:Creating prefix chain script '/home/victoria_rotich/atom2024/install/setup.sh'
[0.842s] INFO:colcon.colcon_core.shell:Creating prefix script '/home/victoria_rotich/atom2024/install/local_setup.bash'
[0.843s] INFO:colcon.colcon_core.shell:Creating prefix chain script '/home/victoria_rotich/atom2024/install/setup.bash'
[0.849s] INFO:colcon.colcon_core.shell:Creating prefix script '/home/victoria_rotich/atom2024/install/local_setup.zsh'
[0.850s] INFO:colcon.colcon_core.shell:Creating prefix chain script '/home/victoria_rotich/atom2024/install/setup.zsh'
