[0.058s] Invoking command in '/home/victoria_rotich/atom2024/build/atom_qs': CMAKE_PREFIX_PATH=${CMAKE_PREFIX_PATH}:/home/victoria_rotich/dojo_robotics_2025/install/talker:/home/victoria_rotich/dojo_robotics_2025/install/my_robot_package:/home/victoria_rotich/dojo_robotics_2025/install/listener:/home/victoria_rotich/dojo_robotics_2025/src/install/my_robot_package:/opt/ros/humble /usr/bin/cmake /home/victoria_rotich/atom2024/src/atom_qs -DAMENT_CMAKE_SYMLINK_INSTALL=1 -DCMAKE_INSTALL_PREFIX=/home/victoria_rotich/atom2024/install/atom_qs
[0.621s] -- Found ament_cmake: 1.3.11 (/opt/ros/humble/share/ament_cmake/cmake)
[1.638s] -- Override CMake install command with custom implementation using symlinks instead of copying resources
[2.007s] -- Found ament_lint_auto: 0.12.12 (/opt/ros/humble/share/ament_lint_auto/cmake)
[2.527s] -- Added test 'copyright' to check source files copyright and LICENSE
[2.680s] -- Added test 'flake8' to check Python code syntax and style conventions
[2.683s] -- Added test 'lint_cmake' to check CMake code style
[2.686s] -- Added test 'pep257' to check Python code against some of the docstring style conventions in PEP 257
[2.709s] -- Added test 'xmllint' to check XML markup files
[2.714s] -- Configuring done
[2.728s] -- Generating done
[2.738s] -- Build files have been written to: /home/victoria_rotich/atom2024/build/atom_qs
[2.748s] Invoked command in '/home/victoria_rotich/atom2024/build/atom_qs' returned '0': CMAKE_PREFIX_PATH=${CMAKE_PREFIX_PATH}:/home/victoria_rotich/dojo_robotics_2025/install/talker:/home/victoria_rotich/dojo_robotics_2025/install/my_robot_package:/home/victoria_rotich/dojo_robotics_2025/install/listener:/home/victoria_rotich/dojo_robotics_2025/src/install/my_robot_package:/opt/ros/humble /usr/bin/cmake /home/victoria_rotich/atom2024/src/atom_qs -DAMENT_CMAKE_SYMLINK_INSTALL=1 -DCMAKE_INSTALL_PREFIX=/home/victoria_rotich/atom2024/install/atom_qs
[2.750s] Invoking command in '/home/victoria_rotich/atom2024/build/atom_qs': CMAKE_PREFIX_PATH=${CMAKE_PREFIX_PATH}:/home/victoria_rotich/dojo_robotics_2025/install/talker:/home/victoria_rotich/dojo_robotics_2025/install/my_robot_package:/home/victoria_rotich/dojo_robotics_2025/install/listener:/home/victoria_rotich/dojo_robotics_2025/src/install/my_robot_package:/opt/ros/humble /usr/bin/cmake --build /home/victoria_rotich/atom2024/build/atom_qs -- -j8 -l8
[2.888s] Invoked command in '/home/victoria_rotich/atom2024/build/atom_qs' returned '0': CMAKE_PREFIX_PATH=${CMAKE_PREFIX_PATH}:/home/victoria_rotich/dojo_robotics_2025/install/talker:/home/victoria_rotich/dojo_robotics_2025/install/my_robot_package:/home/victoria_rotich/dojo_robotics_2025/install/listener:/home/victoria_rotich/dojo_robotics_2025/src/install/my_robot_package:/opt/ros/humble /usr/bin/cmake --build /home/victoria_rotich/atom2024/build/atom_qs -- -j8 -l8
[2.894s] Invoking command in '/home/victoria_rotich/atom2024/build/atom_qs': CMAKE_PREFIX_PATH=${CMAKE_PREFIX_PATH}:/home/victoria_rotich/dojo_robotics_2025/install/talker:/home/victoria_rotich/dojo_robotics_2025/install/my_robot_package:/home/victoria_rotich/dojo_robotics_2025/install/listener:/home/victoria_rotich/dojo_robotics_2025/src/install/my_robot_package:/opt/ros/humble /usr/bin/cmake --install /home/victoria_rotich/atom2024/build/atom_qs
[2.921s] -- Install configuration: ""
[2.922s] -- Execute custom install script
[2.923s] -- Symlinking: /home/victoria_rotich/atom2024/install/atom_qs/share/atom_qs/config/empty.yaml
[2.944s] -- Symlinking: /home/victoria_rotich/atom2024/install/atom_qs/share/atom_qs/config/gaz_ros2_ctl_use_sim.yaml
[2.967s] -- Symlinking: /home/victoria_rotich/atom2024/install/atom_qs/share/atom_qs/config/gazebo_params.yaml
[2.993s] -- Symlinking: /home/victoria_rotich/atom2024/install/atom_qs/share/atom_qs/config/joystick.yaml
[3.023s] -- Symlinking: /home/victoria_rotich/atom2024/install/atom_qs/share/atom_qs/config/mapper_params_online_async.yaml
[3.046s] -- Symlinking: /home/victoria_rotich/atom2024/install/atom_qs/share/atom_qs/config/my_controllers.yaml
[3.073s] -- Symlinking: /home/victoria_rotich/atom2024/install/atom_qs/share/atom_qs/config/twist_mux.yaml
[3.096s] -- Symlinking: /home/victoria_rotich/atom2024/install/atom_qs/share/atom_qs/config/view_atom.rviz
[3.125s] -- Symlinking: /home/victoria_rotich/atom2024/install/atom_qs/share/atom_qs/description/gazebo_control.xacro
[3.144s] -- Symlinking: /home/victoria_rotich/atom2024/install/atom_qs/share/atom_qs/description/inertia_macros.xacro
[3.162s] -- Symlinking: /home/victoria_rotich/atom2024/install/atom_qs/share/atom_qs/description/lidar.xacro
[3.184s] -- Symlinking: /home/victoria_rotich/atom2024/install/atom_qs/share/atom_qs/description/robot.urdf.xacro
[3.202s] -- Symlinking: /home/victoria_rotich/atom2024/install/atom_qs/share/atom_qs/description/robot_core.xacro
[3.226s] -- Symlinking: /home/victoria_rotich/atom2024/install/atom_qs/share/atom_qs/description/ros2_control.xacro
[3.251s] -- Symlinking: /home/victoria_rotich/atom2024/install/atom_qs/share/atom_qs/launch/joystick.launch.py
[3.275s] -- Symlinking: /home/victoria_rotich/atom2024/install/atom_qs/share/atom_qs/launch/launch_robot.launch.py
[3.295s] -- Symlinking: /home/victoria_rotich/atom2024/install/atom_qs/share/atom_qs/launch/launch_sim.launch.py
[3.316s] -- Symlinking: /home/victoria_rotich/atom2024/install/atom_qs/share/atom_qs/launch/rplidar.launch.py
[3.341s] -- Symlinking: /home/victoria_rotich/atom2024/install/atom_qs/share/atom_qs/launch/rsp.launch.py
[3.363s] -- Symlinking: /home/victoria_rotich/atom2024/install/atom_qs/share/atom_qs/worlds/dojo2024.world
[3.385s] -- Symlinking: /home/victoria_rotich/atom2024/install/atom_qs/share/atom_qs/worlds/empty.world
[3.403s] -- Symlinking: /home/victoria_rotich/atom2024/install/atom_qs/share/ament_index/resource_index/package_run_dependencies/atom_qs
[3.425s] -- Symlinking: /home/victoria_rotich/atom2024/install/atom_qs/share/ament_index/resource_index/parent_prefix_path/atom_qs
[3.444s] -- Symlinking: /home/victoria_rotich/atom2024/install/atom_qs/share/atom_qs/environment/ament_prefix_path.sh
[3.463s] -- Symlinking: /home/victoria_rotich/atom2024/install/atom_qs/share/atom_qs/environment/ament_prefix_path.dsv
[3.481s] -- Symlinking: /home/victoria_rotich/atom2024/install/atom_qs/share/atom_qs/environment/path.sh
[3.499s] -- Symlinking: /home/victoria_rotich/atom2024/install/atom_qs/share/atom_qs/environment/path.dsv
[3.518s] -- Symlinking: /home/victoria_rotich/atom2024/install/atom_qs/share/atom_qs/local_setup.bash
[3.537s] -- Symlinking: /home/victoria_rotich/atom2024/install/atom_qs/share/atom_qs/local_setup.sh
[3.554s] -- Symlinking: /home/victoria_rotich/atom2024/install/atom_qs/share/atom_qs/local_setup.zsh
[3.570s] -- Symlinking: /home/victoria_rotich/atom2024/install/atom_qs/share/atom_qs/local_setup.dsv
[3.586s] -- Symlinking: /home/victoria_rotich/atom2024/install/atom_qs/share/atom_qs/package.dsv
[3.602s] -- Symlinking: /home/victoria_rotich/atom2024/install/atom_qs/share/ament_index/resource_index/packages/atom_qs
[3.623s] -- Symlinking: /home/victoria_rotich/atom2024/install/atom_qs/share/atom_qs/cmake/atom_qsConfig.cmake
[3.640s] -- Symlinking: /home/victoria_rotich/atom2024/install/atom_qs/share/atom_qs/cmake/atom_qsConfig-version.cmake
[3.659s] -- Symlinking: /home/victoria_rotich/atom2024/install/atom_qs/share/atom_qs/package.xml
[4.025s] Invoked command in '/home/victoria_rotich/atom2024/build/atom_qs' returned '0': CMAKE_PREFIX_PATH=${CMAKE_PREFIX_PATH}:/home/victoria_rotich/dojo_robotics_2025/install/talker:/home/victoria_rotich/dojo_robotics_2025/install/my_robot_package:/home/victoria_rotich/dojo_robotics_2025/install/listener:/home/victoria_rotich/dojo_robotics_2025/src/install/my_robot_package:/opt/ros/humble /usr/bin/cmake --install /home/victoria_rotich/atom2024/build/atom_qs
