[1.353s] DEBUG:colcon:Command line arguments: ['/usr/bin/colcon', 'build']
[1.353s] DEBUG:colcon:Parsed command line arguments: Namespace(log_base=None, log_level=None, verb_name='build', build_base='build', install_base='install', merge_install=False, symlink_install=False, test_result_base=None, continue_on_error=False, executor='parallel', parallel_workers=8, event_handlers=None, ignore_user_meta=False, metas=['./colcon.meta'], base_paths=['.'], packages_ignore=None, packages_ignore_regex=None, paths=None, packages_up_to=None, packages_up_to_regex=None, packages_above=None, packages_above_and_dependencies=None, packages_above_depth=None, packages_select_by_dep=None, packages_skip_by_dep=None, packages_skip_up_to=None, packages_select_build_failed=False, packages_skip_build_finished=False, packages_select_test_failures=False, packages_skip_test_passed=False, packages_select=None, packages_skip=None, packages_select_regex=None, packages_skip_regex=None, packages_start=None, packages_end=None, allow_overriding=[], cmake_args=None, cmake_target=None, cmake_target_skip_unavailable=False, cmake_clean_cache=False, cmake_clean_first=False, cmake_force_configure=False, ament_cmake_args=None, catkin_cmake_args=None, catkin_skip_building_tests=False, mixin_files=None, mixin=None, verb_parser=<colcon_mixin.mixin.mixin_argument.MixinArgumentDecorator object at 0x744ac7e43b50>, verb_extension=<colcon_core.verb.build.BuildVerb object at 0x744ac7e435e0>, main=<bound method BuildVerb.main of <colcon_core.verb.build.BuildVerb object at 0x744ac7e435e0>>, mixin_verb=('build',))
[4.647s] Level 1:colcon.colcon_core.package_discovery:discover_packages(colcon_meta) check parameters
[4.648s] Level 1:colcon.colcon_core.package_discovery:discover_packages(recursive) check parameters
[4.648s] Level 1:colcon.colcon_core.package_discovery:discover_packages(ignore) check parameters
[4.648s] Level 1:colcon.colcon_core.package_discovery:discover_packages(path) check parameters
[4.648s] Level 1:colcon.colcon_core.package_discovery:discover_packages(colcon_meta) discover
[4.648s] Level 1:colcon.colcon_core.package_discovery:discover_packages(recursive) discover
[4.649s] INFO:colcon.colcon_core.package_discovery:Crawling recursively for packages in '/home/victoria_rotich/atom2024'
[4.649s] Level 1:colcon.colcon_core.package_identification:_identify(.) by extensions ['ignore', 'ignore_ament_install']
[4.650s] Level 1:colcon.colcon_core.package_identification:_identify(.) by extension 'ignore'
[4.650s] Level 1:colcon.colcon_core.package_identification:_identify(.) by extension 'ignore_ament_install'
[4.650s] Level 1:colcon.colcon_core.package_identification:_identify(.) by extensions ['colcon_pkg']
[4.651s] Level 1:colcon.colcon_core.package_identification:_identify(.) by extension 'colcon_pkg'
[4.651s] Level 1:colcon.colcon_core.package_identification:_identify(.) by extensions ['colcon_meta']
[4.651s] Level 1:colcon.colcon_core.package_identification:_identify(.) by extension 'colcon_meta'
[4.651s] Level 1:colcon.colcon_core.package_identification:_identify(.) by extensions ['ros']
[4.651s] Level 1:colcon.colcon_core.package_identification:_identify(.) by extension 'ros'
[4.672s] Level 1:colcon.colcon_core.package_identification:_identify(.) by extensions ['cmake', 'python']
[4.672s] Level 1:colcon.colcon_core.package_identification:_identify(.) by extension 'cmake'
[4.672s] Level 1:colcon.colcon_core.package_identification:_identify(.) by extension 'python'
[4.672s] Level 1:colcon.colcon_core.package_identification:_identify(.) by extensions ['python_setup_py']
[4.672s] Level 1:colcon.colcon_core.package_identification:_identify(.) by extension 'python_setup_py'
[4.672s] Level 1:colcon.colcon_core.package_identification:_identify(Encoder) by extensions ['ignore', 'ignore_ament_install']
[4.672s] Level 1:colcon.colcon_core.package_identification:_identify(Encoder) by extension 'ignore'
[4.673s] Level 1:colcon.colcon_core.package_identification:_identify(Encoder) by extension 'ignore_ament_install'
[4.673s] Level 1:colcon.colcon_core.package_identification:_identify(Encoder) by extensions ['colcon_pkg']
[4.673s] Level 1:colcon.colcon_core.package_identification:_identify(Encoder) by extension 'colcon_pkg'
[4.673s] Level 1:colcon.colcon_core.package_identification:_identify(Encoder) by extensions ['colcon_meta']
[4.673s] Level 1:colcon.colcon_core.package_identification:_identify(Encoder) by extension 'colcon_meta'
[4.673s] Level 1:colcon.colcon_core.package_identification:_identify(Encoder) by extensions ['ros']
[4.673s] Level 1:colcon.colcon_core.package_identification:_identify(Encoder) by extension 'ros'
[4.673s] Level 1:colcon.colcon_core.package_identification:_identify(Encoder) by extensions ['cmake', 'python']
[4.673s] Level 1:colcon.colcon_core.package_identification:_identify(Encoder) by extension 'cmake'
[4.673s] Level 1:colcon.colcon_core.package_identification:_identify(Encoder) by extension 'python'
[4.673s] Level 1:colcon.colcon_core.package_identification:_identify(Encoder) by extensions ['python_setup_py']
[4.673s] Level 1:colcon.colcon_core.package_identification:_identify(Encoder) by extension 'python_setup_py'
[4.674s] Level 1:colcon.colcon_core.package_identification:_identify(Encoder/Encoder) by extensions ['ignore', 'ignore_ament_install']
[4.674s] Level 1:colcon.colcon_core.package_identification:_identify(Encoder/Encoder) by extension 'ignore'
[4.674s] Level 1:colcon.colcon_core.package_identification:_identify(Encoder/Encoder) by extension 'ignore_ament_install'
[4.674s] Level 1:colcon.colcon_core.package_identification:_identify(Encoder/Encoder) by extensions ['colcon_pkg']
[4.674s] Level 1:colcon.colcon_core.package_identification:_identify(Encoder/Encoder) by extension 'colcon_pkg'
[4.674s] Level 1:colcon.colcon_core.package_identification:_identify(Encoder/Encoder) by extensions ['colcon_meta']
[4.674s] Level 1:colcon.colcon_core.package_identification:_identify(Encoder/Encoder) by extension 'colcon_meta'
[4.674s] Level 1:colcon.colcon_core.package_identification:_identify(Encoder/Encoder) by extensions ['ros']
[4.674s] Level 1:colcon.colcon_core.package_identification:_identify(Encoder/Encoder) by extension 'ros'
[4.675s] Level 1:colcon.colcon_core.package_identification:_identify(Encoder/Encoder) by extensions ['cmake', 'python']
[4.675s] Level 1:colcon.colcon_core.package_identification:_identify(Encoder/Encoder) by extension 'cmake'
[4.675s] Level 1:colcon.colcon_core.package_identification:_identify(Encoder/Encoder) by extension 'python'
[4.675s] Level 1:colcon.colcon_core.package_identification:_identify(Encoder/Encoder) by extensions ['python_setup_py']
[4.675s] Level 1:colcon.colcon_core.package_identification:_identify(Encoder/Encoder) by extension 'python_setup_py'
[4.675s] Level 1:colcon.colcon_core.package_identification:_identify(Encoder/Encoder/examples) by extensions ['ignore', 'ignore_ament_install']
[4.675s] Level 1:colcon.colcon_core.package_identification:_identify(Encoder/Encoder/examples) by extension 'ignore'
[4.675s] Level 1:colcon.colcon_core.package_identification:_identify(Encoder/Encoder/examples) by extension 'ignore_ament_install'
[4.675s] Level 1:colcon.colcon_core.package_identification:_identify(Encoder/Encoder/examples) by extensions ['colcon_pkg']
[4.675s] Level 1:colcon.colcon_core.package_identification:_identify(Encoder/Encoder/examples) by extension 'colcon_pkg'
[4.676s] Level 1:colcon.colcon_core.package_identification:_identify(Encoder/Encoder/examples) by extensions ['colcon_meta']
[4.676s] Level 1:colcon.colcon_core.package_identification:_identify(Encoder/Encoder/examples) by extension 'colcon_meta'
[4.676s] Level 1:colcon.colcon_core.package_identification:_identify(Encoder/Encoder/examples) by extensions ['ros']
[4.676s] Level 1:colcon.colcon_core.package_identification:_identify(Encoder/Encoder/examples) by extension 'ros'
[4.676s] Level 1:colcon.colcon_core.package_identification:_identify(Encoder/Encoder/examples) by extensions ['cmake', 'python']
[4.676s] Level 1:colcon.colcon_core.package_identification:_identify(Encoder/Encoder/examples) by extension 'cmake'
[4.676s] Level 1:colcon.colcon_core.package_identification:_identify(Encoder/Encoder/examples) by extension 'python'
[4.676s] Level 1:colcon.colcon_core.package_identification:_identify(Encoder/Encoder/examples) by extensions ['python_setup_py']
[4.676s] Level 1:colcon.colcon_core.package_identification:_identify(Encoder/Encoder/examples) by extension 'python_setup_py'
[4.676s] Level 1:colcon.colcon_core.package_identification:_identify(Encoder/Encoder/examples/Basic) by extensions ['ignore', 'ignore_ament_install']
[4.676s] Level 1:colcon.colcon_core.package_identification:_identify(Encoder/Encoder/examples/Basic) by extension 'ignore'
[4.676s] Level 1:colcon.colcon_core.package_identification:_identify(Encoder/Encoder/examples/Basic) by extension 'ignore_ament_install'
[4.677s] Level 1:colcon.colcon_core.package_identification:_identify(Encoder/Encoder/examples/Basic) by extensions ['colcon_pkg']
[4.677s] Level 1:colcon.colcon_core.package_identification:_identify(Encoder/Encoder/examples/Basic) by extension 'colcon_pkg'
[4.677s] Level 1:colcon.colcon_core.package_identification:_identify(Encoder/Encoder/examples/Basic) by extensions ['colcon_meta']
[4.677s] Level 1:colcon.colcon_core.package_identification:_identify(Encoder/Encoder/examples/Basic) by extension 'colcon_meta'
[4.677s] Level 1:colcon.colcon_core.package_identification:_identify(Encoder/Encoder/examples/Basic) by extensions ['ros']
[4.677s] Level 1:colcon.colcon_core.package_identification:_identify(Encoder/Encoder/examples/Basic) by extension 'ros'
[4.677s] Level 1:colcon.colcon_core.package_identification:_identify(Encoder/Encoder/examples/Basic) by extensions ['cmake', 'python']
[4.677s] Level 1:colcon.colcon_core.package_identification:_identify(Encoder/Encoder/examples/Basic) by extension 'cmake'
[4.677s] Level 1:colcon.colcon_core.package_identification:_identify(Encoder/Encoder/examples/Basic) by extension 'python'
[4.677s] Level 1:colcon.colcon_core.package_identification:_identify(Encoder/Encoder/examples/Basic) by extensions ['python_setup_py']
[4.677s] Level 1:colcon.colcon_core.package_identification:_identify(Encoder/Encoder/examples/Basic) by extension 'python_setup_py'
[4.677s] Level 1:colcon.colcon_core.package_identification:_identify(Encoder/Encoder/examples/NoInterrupts) by extensions ['ignore', 'ignore_ament_install']
[4.677s] Level 1:colcon.colcon_core.package_identification:_identify(Encoder/Encoder/examples/NoInterrupts) by extension 'ignore'
[4.677s] Level 1:colcon.colcon_core.package_identification:_identify(Encoder/Encoder/examples/NoInterrupts) by extension 'ignore_ament_install'
[4.678s] Level 1:colcon.colcon_core.package_identification:_identify(Encoder/Encoder/examples/NoInterrupts) by extensions ['colcon_pkg']
[4.678s] Level 1:colcon.colcon_core.package_identification:_identify(Encoder/Encoder/examples/NoInterrupts) by extension 'colcon_pkg'
[4.678s] Level 1:colcon.colcon_core.package_identification:_identify(Encoder/Encoder/examples/NoInterrupts) by extensions ['colcon_meta']
[4.678s] Level 1:colcon.colcon_core.package_identification:_identify(Encoder/Encoder/examples/NoInterrupts) by extension 'colcon_meta'
[4.678s] Level 1:colcon.colcon_core.package_identification:_identify(Encoder/Encoder/examples/NoInterrupts) by extensions ['ros']
[4.678s] Level 1:colcon.colcon_core.package_identification:_identify(Encoder/Encoder/examples/NoInterrupts) by extension 'ros'
[4.678s] Level 1:colcon.colcon_core.package_identification:_identify(Encoder/Encoder/examples/NoInterrupts) by extensions ['cmake', 'python']
[4.678s] Level 1:colcon.colcon_core.package_identification:_identify(Encoder/Encoder/examples/NoInterrupts) by extension 'cmake'
[4.678s] Level 1:colcon.colcon_core.package_identification:_identify(Encoder/Encoder/examples/NoInterrupts) by extension 'python'
[4.678s] Level 1:colcon.colcon_core.package_identification:_identify(Encoder/Encoder/examples/NoInterrupts) by extensions ['python_setup_py']
[4.678s] Level 1:colcon.colcon_core.package_identification:_identify(Encoder/Encoder/examples/NoInterrupts) by extension 'python_setup_py'
[4.678s] Level 1:colcon.colcon_core.package_identification:_identify(Encoder/Encoder/examples/SpeedTest) by extensions ['ignore', 'ignore_ament_install']
[4.678s] Level 1:colcon.colcon_core.package_identification:_identify(Encoder/Encoder/examples/SpeedTest) by extension 'ignore'
[4.679s] Level 1:colcon.colcon_core.package_identification:_identify(Encoder/Encoder/examples/SpeedTest) by extension 'ignore_ament_install'
[4.679s] Level 1:colcon.colcon_core.package_identification:_identify(Encoder/Encoder/examples/SpeedTest) by extensions ['colcon_pkg']
[4.679s] Level 1:colcon.colcon_core.package_identification:_identify(Encoder/Encoder/examples/SpeedTest) by extension 'colcon_pkg'
[4.679s] Level 1:colcon.colcon_core.package_identification:_identify(Encoder/Encoder/examples/SpeedTest) by extensions ['colcon_meta']
[4.679s] Level 1:colcon.colcon_core.package_identification:_identify(Encoder/Encoder/examples/SpeedTest) by extension 'colcon_meta'
[4.679s] Level 1:colcon.colcon_core.package_identification:_identify(Encoder/Encoder/examples/SpeedTest) by extensions ['ros']
[4.679s] Level 1:colcon.colcon_core.package_identification:_identify(Encoder/Encoder/examples/SpeedTest) by extension 'ros'
[4.679s] Level 1:colcon.colcon_core.package_identification:_identify(Encoder/Encoder/examples/SpeedTest) by extensions ['cmake', 'python']
[4.679s] Level 1:colcon.colcon_core.package_identification:_identify(Encoder/Encoder/examples/SpeedTest) by extension 'cmake'
[4.679s] Level 1:colcon.colcon_core.package_identification:_identify(Encoder/Encoder/examples/SpeedTest) by extension 'python'
[4.679s] Level 1:colcon.colcon_core.package_identification:_identify(Encoder/Encoder/examples/SpeedTest) by extensions ['python_setup_py']
[4.679s] Level 1:colcon.colcon_core.package_identification:_identify(Encoder/Encoder/examples/SpeedTest) by extension 'python_setup_py'
[4.679s] Level 1:colcon.colcon_core.package_identification:_identify(Encoder/Encoder/examples/TwoKnobs) by extensions ['ignore', 'ignore_ament_install']
[4.679s] Level 1:colcon.colcon_core.package_identification:_identify(Encoder/Encoder/examples/TwoKnobs) by extension 'ignore'
[4.680s] Level 1:colcon.colcon_core.package_identification:_identify(Encoder/Encoder/examples/TwoKnobs) by extension 'ignore_ament_install'
[4.680s] Level 1:colcon.colcon_core.package_identification:_identify(Encoder/Encoder/examples/TwoKnobs) by extensions ['colcon_pkg']
[4.680s] Level 1:colcon.colcon_core.package_identification:_identify(Encoder/Encoder/examples/TwoKnobs) by extension 'colcon_pkg'
[4.680s] Level 1:colcon.colcon_core.package_identification:_identify(Encoder/Encoder/examples/TwoKnobs) by extensions ['colcon_meta']
[4.680s] Level 1:colcon.colcon_core.package_identification:_identify(Encoder/Encoder/examples/TwoKnobs) by extension 'colcon_meta'
[4.680s] Level 1:colcon.colcon_core.package_identification:_identify(Encoder/Encoder/examples/TwoKnobs) by extensions ['ros']
[4.680s] Level 1:colcon.colcon_core.package_identification:_identify(Encoder/Encoder/examples/TwoKnobs) by extension 'ros'
[4.680s] Level 1:colcon.colcon_core.package_identification:_identify(Encoder/Encoder/examples/TwoKnobs) by extensions ['cmake', 'python']
[4.680s] Level 1:colcon.colcon_core.package_identification:_identify(Encoder/Encoder/examples/TwoKnobs) by extension 'cmake'
[4.680s] Level 1:colcon.colcon_core.package_identification:_identify(Encoder/Encoder/examples/TwoKnobs) by extension 'python'
[4.680s] Level 1:colcon.colcon_core.package_identification:_identify(Encoder/Encoder/examples/TwoKnobs) by extensions ['python_setup_py']
[4.680s] Level 1:colcon.colcon_core.package_identification:_identify(Encoder/Encoder/examples/TwoKnobs) by extension 'python_setup_py'
[4.680s] Level 1:colcon.colcon_core.package_identification:_identify(Encoder/Encoder/utility) by extensions ['ignore', 'ignore_ament_install']
[4.680s] Level 1:colcon.colcon_core.package_identification:_identify(Encoder/Encoder/utility) by extension 'ignore'
[4.680s] Level 1:colcon.colcon_core.package_identification:_identify(Encoder/Encoder/utility) by extension 'ignore_ament_install'
[4.681s] Level 1:colcon.colcon_core.package_identification:_identify(Encoder/Encoder/utility) by extensions ['colcon_pkg']
[4.681s] Level 1:colcon.colcon_core.package_identification:_identify(Encoder/Encoder/utility) by extension 'colcon_pkg'
[4.681s] Level 1:colcon.colcon_core.package_identification:_identify(Encoder/Encoder/utility) by extensions ['colcon_meta']
[4.681s] Level 1:colcon.colcon_core.package_identification:_identify(Encoder/Encoder/utility) by extension 'colcon_meta'
[4.681s] Level 1:colcon.colcon_core.package_identification:_identify(Encoder/Encoder/utility) by extensions ['ros']
[4.681s] Level 1:colcon.colcon_core.package_identification:_identify(Encoder/Encoder/utility) by extension 'ros'
[4.681s] Level 1:colcon.colcon_core.package_identification:_identify(Encoder/Encoder/utility) by extensions ['cmake', 'python']
[4.681s] Level 1:colcon.colcon_core.package_identification:_identify(Encoder/Encoder/utility) by extension 'cmake'
[4.681s] Level 1:colcon.colcon_core.package_identification:_identify(Encoder/Encoder/utility) by extension 'python'
[4.681s] Level 1:colcon.colcon_core.package_identification:_identify(Encoder/Encoder/utility) by extensions ['python_setup_py']
[4.681s] Level 1:colcon.colcon_core.package_identification:_identify(Encoder/Encoder/utility) by extension 'python_setup_py'
[4.681s] Level 1:colcon.colcon_core.package_identification:_identify(Encoder/examples) by extensions ['ignore', 'ignore_ament_install']
[4.681s] Level 1:colcon.colcon_core.package_identification:_identify(Encoder/examples) by extension 'ignore'
[4.681s] Level 1:colcon.colcon_core.package_identification:_identify(Encoder/examples) by extension 'ignore_ament_install'
[4.681s] Level 1:colcon.colcon_core.package_identification:_identify(Encoder/examples) by extensions ['colcon_pkg']
[4.682s] Level 1:colcon.colcon_core.package_identification:_identify(Encoder/examples) by extension 'colcon_pkg'
[4.682s] Level 1:colcon.colcon_core.package_identification:_identify(Encoder/examples) by extensions ['colcon_meta']
[4.682s] Level 1:colcon.colcon_core.package_identification:_identify(Encoder/examples) by extension 'colcon_meta'
[4.682s] Level 1:colcon.colcon_core.package_identification:_identify(Encoder/examples) by extensions ['ros']
[4.682s] Level 1:colcon.colcon_core.package_identification:_identify(Encoder/examples) by extension 'ros'
[4.682s] Level 1:colcon.colcon_core.package_identification:_identify(Encoder/examples) by extensions ['cmake', 'python']
[4.682s] Level 1:colcon.colcon_core.package_identification:_identify(Encoder/examples) by extension 'cmake'
[4.682s] Level 1:colcon.colcon_core.package_identification:_identify(Encoder/examples) by extension 'python'
[4.682s] Level 1:colcon.colcon_core.package_identification:_identify(Encoder/examples) by extensions ['python_setup_py']
[4.682s] Level 1:colcon.colcon_core.package_identification:_identify(Encoder/examples) by extension 'python_setup_py'
[4.682s] Level 1:colcon.colcon_core.package_identification:_identify(Encoder/examples/Basic) by extensions ['ignore', 'ignore_ament_install']
[4.682s] Level 1:colcon.colcon_core.package_identification:_identify(Encoder/examples/Basic) by extension 'ignore'
[4.682s] Level 1:colcon.colcon_core.package_identification:_identify(Encoder/examples/Basic) by extension 'ignore_ament_install'
[4.682s] Level 1:colcon.colcon_core.package_identification:_identify(Encoder/examples/Basic) by extensions ['colcon_pkg']
[4.682s] Level 1:colcon.colcon_core.package_identification:_identify(Encoder/examples/Basic) by extension 'colcon_pkg'
[4.683s] Level 1:colcon.colcon_core.package_identification:_identify(Encoder/examples/Basic) by extensions ['colcon_meta']
[4.683s] Level 1:colcon.colcon_core.package_identification:_identify(Encoder/examples/Basic) by extension 'colcon_meta'
[4.683s] Level 1:colcon.colcon_core.package_identification:_identify(Encoder/examples/Basic) by extensions ['ros']
[4.683s] Level 1:colcon.colcon_core.package_identification:_identify(Encoder/examples/Basic) by extension 'ros'
[4.683s] Level 1:colcon.colcon_core.package_identification:_identify(Encoder/examples/Basic) by extensions ['cmake', 'python']
[4.683s] Level 1:colcon.colcon_core.package_identification:_identify(Encoder/examples/Basic) by extension 'cmake'
[4.683s] Level 1:colcon.colcon_core.package_identification:_identify(Encoder/examples/Basic) by extension 'python'
[4.683s] Level 1:colcon.colcon_core.package_identification:_identify(Encoder/examples/Basic) by extensions ['python_setup_py']
[4.683s] Level 1:colcon.colcon_core.package_identification:_identify(Encoder/examples/Basic) by extension 'python_setup_py'
[4.683s] Level 1:colcon.colcon_core.package_identification:_identify(Encoder/examples/NoInterrupts) by extensions ['ignore', 'ignore_ament_install']
[4.683s] Level 1:colcon.colcon_core.package_identification:_identify(Encoder/examples/NoInterrupts) by extension 'ignore'
[4.683s] Level 1:colcon.colcon_core.package_identification:_identify(Encoder/examples/NoInterrupts) by extension 'ignore_ament_install'
[4.683s] Level 1:colcon.colcon_core.package_identification:_identify(Encoder/examples/NoInterrupts) by extensions ['colcon_pkg']
[4.683s] Level 1:colcon.colcon_core.package_identification:_identify(Encoder/examples/NoInterrupts) by extension 'colcon_pkg'
[4.683s] Level 1:colcon.colcon_core.package_identification:_identify(Encoder/examples/NoInterrupts) by extensions ['colcon_meta']
[4.683s] Level 1:colcon.colcon_core.package_identification:_identify(Encoder/examples/NoInterrupts) by extension 'colcon_meta'
[4.684s] Level 1:colcon.colcon_core.package_identification:_identify(Encoder/examples/NoInterrupts) by extensions ['ros']
[4.684s] Level 1:colcon.colcon_core.package_identification:_identify(Encoder/examples/NoInterrupts) by extension 'ros'
[4.684s] Level 1:colcon.colcon_core.package_identification:_identify(Encoder/examples/NoInterrupts) by extensions ['cmake', 'python']
[4.684s] Level 1:colcon.colcon_core.package_identification:_identify(Encoder/examples/NoInterrupts) by extension 'cmake'
[4.684s] Level 1:colcon.colcon_core.package_identification:_identify(Encoder/examples/NoInterrupts) by extension 'python'
[4.684s] Level 1:colcon.colcon_core.package_identification:_identify(Encoder/examples/NoInterrupts) by extensions ['python_setup_py']
[4.684s] Level 1:colcon.colcon_core.package_identification:_identify(Encoder/examples/NoInterrupts) by extension 'python_setup_py'
[4.684s] Level 1:colcon.colcon_core.package_identification:_identify(Encoder/examples/SpeedTest) by extensions ['ignore', 'ignore_ament_install']
[4.684s] Level 1:colcon.colcon_core.package_identification:_identify(Encoder/examples/SpeedTest) by extension 'ignore'
[4.684s] Level 1:colcon.colcon_core.package_identification:_identify(Encoder/examples/SpeedTest) by extension 'ignore_ament_install'
[4.684s] Level 1:colcon.colcon_core.package_identification:_identify(Encoder/examples/SpeedTest) by extensions ['colcon_pkg']
[4.684s] Level 1:colcon.colcon_core.package_identification:_identify(Encoder/examples/SpeedTest) by extension 'colcon_pkg'
[4.684s] Level 1:colcon.colcon_core.package_identification:_identify(Encoder/examples/SpeedTest) by extensions ['colcon_meta']
[4.684s] Level 1:colcon.colcon_core.package_identification:_identify(Encoder/examples/SpeedTest) by extension 'colcon_meta'
[4.684s] Level 1:colcon.colcon_core.package_identification:_identify(Encoder/examples/SpeedTest) by extensions ['ros']
[4.684s] Level 1:colcon.colcon_core.package_identification:_identify(Encoder/examples/SpeedTest) by extension 'ros'
[4.684s] Level 1:colcon.colcon_core.package_identification:_identify(Encoder/examples/SpeedTest) by extensions ['cmake', 'python']
[4.685s] Level 1:colcon.colcon_core.package_identification:_identify(Encoder/examples/SpeedTest) by extension 'cmake'
[4.685s] Level 1:colcon.colcon_core.package_identification:_identify(Encoder/examples/SpeedTest) by extension 'python'
[4.685s] Level 1:colcon.colcon_core.package_identification:_identify(Encoder/examples/SpeedTest) by extensions ['python_setup_py']
[4.685s] Level 1:colcon.colcon_core.package_identification:_identify(Encoder/examples/SpeedTest) by extension 'python_setup_py'
[4.685s] Level 1:colcon.colcon_core.package_identification:_identify(Encoder/examples/TwoKnobs) by extensions ['ignore', 'ignore_ament_install']
[4.685s] Level 1:colcon.colcon_core.package_identification:_identify(Encoder/examples/TwoKnobs) by extension 'ignore'
[4.685s] Level 1:colcon.colcon_core.package_identification:_identify(Encoder/examples/TwoKnobs) by extension 'ignore_ament_install'
[4.685s] Level 1:colcon.colcon_core.package_identification:_identify(Encoder/examples/TwoKnobs) by extensions ['colcon_pkg']
[4.685s] Level 1:colcon.colcon_core.package_identification:_identify(Encoder/examples/TwoKnobs) by extension 'colcon_pkg'
[4.685s] Level 1:colcon.colcon_core.package_identification:_identify(Encoder/examples/TwoKnobs) by extensions ['colcon_meta']
[4.685s] Level 1:colcon.colcon_core.package_identification:_identify(Encoder/examples/TwoKnobs) by extension 'colcon_meta'
[4.685s] Level 1:colcon.colcon_core.package_identification:_identify(Encoder/examples/TwoKnobs) by extensions ['ros']
[4.685s] Level 1:colcon.colcon_core.package_identification:_identify(Encoder/examples/TwoKnobs) by extension 'ros'
[4.685s] Level 1:colcon.colcon_core.package_identification:_identify(Encoder/examples/TwoKnobs) by extensions ['cmake', 'python']
[4.685s] Level 1:colcon.colcon_core.package_identification:_identify(Encoder/examples/TwoKnobs) by extension 'cmake'
[4.685s] Level 1:colcon.colcon_core.package_identification:_identify(Encoder/examples/TwoKnobs) by extension 'python'
[4.685s] Level 1:colcon.colcon_core.package_identification:_identify(Encoder/examples/TwoKnobs) by extensions ['python_setup_py']
[4.686s] Level 1:colcon.colcon_core.package_identification:_identify(Encoder/examples/TwoKnobs) by extension 'python_setup_py'
[4.686s] Level 1:colcon.colcon_core.package_identification:_identify(Encoder/utility) by extensions ['ignore', 'ignore_ament_install']
[4.686s] Level 1:colcon.colcon_core.package_identification:_identify(Encoder/utility) by extension 'ignore'
[4.686s] Level 1:colcon.colcon_core.package_identification:_identify(Encoder/utility) by extension 'ignore_ament_install'
[4.686s] Level 1:colcon.colcon_core.package_identification:_identify(Encoder/utility) by extensions ['colcon_pkg']
[4.686s] Level 1:colcon.colcon_core.package_identification:_identify(Encoder/utility) by extension 'colcon_pkg'
[4.686s] Level 1:colcon.colcon_core.package_identification:_identify(Encoder/utility) by extensions ['colcon_meta']
[4.686s] Level 1:colcon.colcon_core.package_identification:_identify(Encoder/utility) by extension 'colcon_meta'
[4.686s] Level 1:colcon.colcon_core.package_identification:_identify(Encoder/utility) by extensions ['ros']
[4.686s] Level 1:colcon.colcon_core.package_identification:_identify(Encoder/utility) by extension 'ros'
[4.686s] Level 1:colcon.colcon_core.package_identification:_identify(Encoder/utility) by extensions ['cmake', 'python']
[4.686s] Level 1:colcon.colcon_core.package_identification:_identify(Encoder/utility) by extension 'cmake'
[4.686s] Level 1:colcon.colcon_core.package_identification:_identify(Encoder/utility) by extension 'python'
[4.686s] Level 1:colcon.colcon_core.package_identification:_identify(Encoder/utility) by extensions ['python_setup_py']
[4.686s] Level 1:colcon.colcon_core.package_identification:_identify(Encoder/utility) by extension 'python_setup_py'
[4.687s] Level 1:colcon.colcon_core.package_identification:_identify(build) by extensions ['ignore', 'ignore_ament_install']
[4.687s] Level 1:colcon.colcon_core.package_identification:_identify(build) by extension 'ignore'
[4.687s] Level 1:colcon.colcon_core.package_identification:_identify(build) ignored
[4.687s] Level 1:colcon.colcon_core.package_identification:_identify(diffdrive_arduino) by extensions ['ignore', 'ignore_ament_install']
[4.687s] Level 1:colcon.colcon_core.package_identification:_identify(diffdrive_arduino) by extension 'ignore'
[4.687s] Level 1:colcon.colcon_core.package_identification:_identify(diffdrive_arduino) by extension 'ignore_ament_install'
[4.687s] Level 1:colcon.colcon_core.package_identification:_identify(diffdrive_arduino) by extensions ['colcon_pkg']
[4.687s] Level 1:colcon.colcon_core.package_identification:_identify(diffdrive_arduino) by extension 'colcon_pkg'
[4.687s] Level 1:colcon.colcon_core.package_identification:_identify(diffdrive_arduino) by extensions ['colcon_meta']
[4.687s] Level 1:colcon.colcon_core.package_identification:_identify(diffdrive_arduino) by extension 'colcon_meta'
[4.687s] Level 1:colcon.colcon_core.package_identification:_identify(diffdrive_arduino) by extensions ['ros']
[4.687s] Level 1:colcon.colcon_core.package_identification:_identify(diffdrive_arduino) by extension 'ros'
[4.690s] DEBUG:colcon.colcon_core.package_identification:Package 'diffdrive_arduino' with type 'ros.ament_cmake' and name 'diffdrive_arduino'
[4.690s] Level 1:colcon.colcon_core.package_identification:_identify(install) by extensions ['ignore', 'ignore_ament_install']
[4.690s] Level 1:colcon.colcon_core.package_identification:_identify(install) by extension 'ignore'
[4.690s] Level 1:colcon.colcon_core.package_identification:_identify(install) ignored
[4.690s] Level 1:colcon.colcon_core.package_identification:_identify(log) by extensions ['ignore', 'ignore_ament_install']
[4.691s] Level 1:colcon.colcon_core.package_identification:_identify(log) by extension 'ignore'
[4.691s] Level 1:colcon.colcon_core.package_identification:_identify(log) ignored
[4.691s] Level 1:colcon.colcon_core.package_identification:_identify(motor control) by extensions ['ignore', 'ignore_ament_install']
[4.691s] Level 1:colcon.colcon_core.package_identification:_identify(motor control) by extension 'ignore'
[4.691s] Level 1:colcon.colcon_core.package_identification:_identify(motor control) by extension 'ignore_ament_install'
[4.691s] Level 1:colcon.colcon_core.package_identification:_identify(motor control) by extensions ['colcon_pkg']
[4.691s] Level 1:colcon.colcon_core.package_identification:_identify(motor control) by extension 'colcon_pkg'
[4.691s] Level 1:colcon.colcon_core.package_identification:_identify(motor control) by extensions ['colcon_meta']
[4.691s] Level 1:colcon.colcon_core.package_identification:_identify(motor control) by extension 'colcon_meta'
[4.691s] Level 1:colcon.colcon_core.package_identification:_identify(motor control) by extensions ['ros']
[4.691s] Level 1:colcon.colcon_core.package_identification:_identify(motor control) by extension 'ros'
[4.691s] Level 1:colcon.colcon_core.package_identification:_identify(motor control) by extensions ['cmake', 'python']
[4.691s] Level 1:colcon.colcon_core.package_identification:_identify(motor control) by extension 'cmake'
[4.691s] Level 1:colcon.colcon_core.package_identification:_identify(motor control) by extension 'python'
[4.691s] Level 1:colcon.colcon_core.package_identification:_identify(motor control) by extensions ['python_setup_py']
[4.691s] Level 1:colcon.colcon_core.package_identification:_identify(motor control) by extension 'python_setup_py'
[4.691s] Level 1:colcon.colcon_core.package_identification:_identify(motor control/src) by extensions ['ignore', 'ignore_ament_install']
[4.692s] Level 1:colcon.colcon_core.package_identification:_identify(motor control/src) by extension 'ignore'
[4.692s] Level 1:colcon.colcon_core.package_identification:_identify(motor control/src) by extension 'ignore_ament_install'
[4.692s] Level 1:colcon.colcon_core.package_identification:_identify(motor control/src) by extensions ['colcon_pkg']
[4.692s] Level 1:colcon.colcon_core.package_identification:_identify(motor control/src) by extension 'colcon_pkg'
[4.692s] Level 1:colcon.colcon_core.package_identification:_identify(motor control/src) by extensions ['colcon_meta']
[4.692s] Level 1:colcon.colcon_core.package_identification:_identify(motor control/src) by extension 'colcon_meta'
[4.692s] Level 1:colcon.colcon_core.package_identification:_identify(motor control/src) by extensions ['ros']
[4.692s] Level 1:colcon.colcon_core.package_identification:_identify(motor control/src) by extension 'ros'
[4.692s] Level 1:colcon.colcon_core.package_identification:_identify(motor control/src) by extensions ['cmake', 'python']
[4.692s] Level 1:colcon.colcon_core.package_identification:_identify(motor control/src) by extension 'cmake'
[4.692s] Level 1:colcon.colcon_core.package_identification:_identify(motor control/src) by extension 'python'
[4.692s] Level 1:colcon.colcon_core.package_identification:_identify(motor control/src) by extensions ['python_setup_py']
[4.692s] Level 1:colcon.colcon_core.package_identification:_identify(motor control/src) by extension 'python_setup_py'
[4.692s] Level 1:colcon.colcon_core.package_identification:_identify(serial) by extensions ['ignore', 'ignore_ament_install']
[4.692s] Level 1:colcon.colcon_core.package_identification:_identify(serial) by extension 'ignore'
[4.692s] Level 1:colcon.colcon_core.package_identification:_identify(serial) by extension 'ignore_ament_install'
[4.692s] Level 1:colcon.colcon_core.package_identification:_identify(serial) by extensions ['colcon_pkg']
[4.692s] Level 1:colcon.colcon_core.package_identification:_identify(serial) by extension 'colcon_pkg'
[4.693s] Level 1:colcon.colcon_core.package_identification:_identify(serial) by extensions ['colcon_meta']
[4.693s] Level 1:colcon.colcon_core.package_identification:_identify(serial) by extension 'colcon_meta'
[4.693s] Level 1:colcon.colcon_core.package_identification:_identify(serial) by extensions ['ros']
[4.693s] Level 1:colcon.colcon_core.package_identification:_identify(serial) by extension 'ros'
[4.693s] DEBUG:colcon.colcon_core.package_identification:Package 'serial' with type 'ros.ament_cmake' and name 'serial'
[4.693s] Level 1:colcon.colcon_core.package_identification:_identify(src) by extensions ['ignore', 'ignore_ament_install']
[4.693s] Level 1:colcon.colcon_core.package_identification:_identify(src) by extension 'ignore'
[4.693s] Level 1:colcon.colcon_core.package_identification:_identify(src) by extension 'ignore_ament_install'
[4.693s] Level 1:colcon.colcon_core.package_identification:_identify(src) by extensions ['colcon_pkg']
[4.694s] Level 1:colcon.colcon_core.package_identification:_identify(src) by extension 'colcon_pkg'
[4.694s] Level 1:colcon.colcon_core.package_identification:_identify(src) by extensions ['colcon_meta']
[4.694s] Level 1:colcon.colcon_core.package_identification:_identify(src) by extension 'colcon_meta'
[4.694s] Level 1:colcon.colcon_core.package_identification:_identify(src) by extensions ['ros']
[4.694s] Level 1:colcon.colcon_core.package_identification:_identify(src) by extension 'ros'
[4.694s] Level 1:colcon.colcon_core.package_identification:_identify(src) by extensions ['cmake', 'python']
[4.694s] Level 1:colcon.colcon_core.package_identification:_identify(src) by extension 'cmake'
[4.694s] Level 1:colcon.colcon_core.package_identification:_identify(src) by extension 'python'
[4.694s] Level 1:colcon.colcon_core.package_identification:_identify(src) by extensions ['python_setup_py']
[4.694s] Level 1:colcon.colcon_core.package_identification:_identify(src) by extension 'python_setup_py'
[4.694s] Level 1:colcon.colcon_core.package_identification:_identify(src/atom_qs) by extensions ['ignore', 'ignore_ament_install']
[4.694s] Level 1:colcon.colcon_core.package_identification:_identify(src/atom_qs) by extension 'ignore'
[4.694s] Level 1:colcon.colcon_core.package_identification:_identify(src/atom_qs) by extension 'ignore_ament_install'
[4.694s] Level 1:colcon.colcon_core.package_identification:_identify(src/atom_qs) by extensions ['colcon_pkg']
[4.694s] Level 1:colcon.colcon_core.package_identification:_identify(src/atom_qs) by extension 'colcon_pkg'
[4.694s] Level 1:colcon.colcon_core.package_identification:_identify(src/atom_qs) by extensions ['colcon_meta']
[4.694s] Level 1:colcon.colcon_core.package_identification:_identify(src/atom_qs) by extension 'colcon_meta'
[4.694s] Level 1:colcon.colcon_core.package_identification:_identify(src/atom_qs) by extensions ['ros']
[4.694s] Level 1:colcon.colcon_core.package_identification:_identify(src/atom_qs) by extension 'ros'
[4.717s] DEBUG:colcon.colcon_core.package_identification:Package 'src/atom_qs' with type 'ros.ament_cmake' and name 'atom_qs'
[4.717s] Level 1:colcon.colcon_core.package_discovery:discover_packages(recursive) using defaults
[4.717s] Level 1:colcon.colcon_core.package_discovery:discover_packages(ignore) discover
[4.717s] Level 1:colcon.colcon_core.package_discovery:discover_packages(ignore) using defaults
[4.717s] Level 1:colcon.colcon_core.package_discovery:discover_packages(path) discover
[4.717s] Level 1:colcon.colcon_core.package_discovery:discover_packages(path) using defaults
[4.966s] Level 1:colcon.colcon_core.package_discovery:discover_packages(prefix_path) check parameters
[4.966s] Level 1:colcon.colcon_core.package_discovery:discover_packages(prefix_path) discover
[5.137s] DEBUG:colcon.colcon_installed_package_information.package_discovery:Found 3 installed packages in /home/victoria_rotich/atom2024/install
[5.140s] DEBUG:colcon.colcon_installed_package_information.package_discovery:Found 2 installed packages in /home/victoria_rotich/cyclonedds_ws/install
[5.142s] DEBUG:colcon.colcon_installed_package_information.package_discovery:Found 5 installed packages in /home/victoria_rotich/dojo_robotics_2025/install
[5.143s] DEBUG:colcon.colcon_installed_package_information.package_discovery:Found 1 installed packages in /home/victoria_rotich/ros2_ws/install
[5.144s] DEBUG:colcon.colcon_installed_package_information.package_discovery:Found 1 installed packages in /home/victoria_rotich/dojo_robotics_2025/src/install
[5.148s] DEBUG:colcon.colcon_installed_package_information.package_discovery:Found 374 installed packages in /opt/ros/humble
[5.152s] Level 1:colcon.colcon_core.package_discovery:discover_packages(prefix_path) using defaults
[5.448s] Level 5:colcon.colcon_core.verb:set package 'atom_qs' build argument 'cmake_args' from command line to 'None'
[5.448s] Level 5:colcon.colcon_core.verb:set package 'atom_qs' build argument 'cmake_target' from command line to 'None'
[5.448s] Level 5:colcon.colcon_core.verb:set package 'atom_qs' build argument 'cmake_target_skip_unavailable' from command line to 'False'
[5.448s] Level 5:colcon.colcon_core.verb:set package 'atom_qs' build argument 'cmake_clean_cache' from command line to 'False'
[5.448s] Level 5:colcon.colcon_core.verb:set package 'atom_qs' build argument 'cmake_clean_first' from command line to 'False'
[5.448s] Level 5:colcon.colcon_core.verb:set package 'atom_qs' build argument 'cmake_force_configure' from command line to 'False'
[5.448s] Level 5:colcon.colcon_core.verb:set package 'atom_qs' build argument 'ament_cmake_args' from command line to 'None'
[5.448s] Level 5:colcon.colcon_core.verb:set package 'atom_qs' build argument 'catkin_cmake_args' from command line to 'None'
[5.448s] Level 5:colcon.colcon_core.verb:set package 'atom_qs' build argument 'catkin_skip_building_tests' from command line to 'False'
[5.448s] DEBUG:colcon.colcon_core.verb:Building package 'atom_qs' with the following arguments: {'ament_cmake_args': None, 'build_base': '/home/victoria_rotich/atom2024/build/atom_qs', 'catkin_cmake_args': None, 'catkin_skip_building_tests': False, 'cmake_args': None, 'cmake_clean_cache': False, 'cmake_clean_first': False, 'cmake_force_configure': False, 'cmake_target': None, 'cmake_target_skip_unavailable': False, 'install_base': '/home/victoria_rotich/atom2024/install/atom_qs', 'merge_install': False, 'path': '/home/victoria_rotich/atom2024/src/atom_qs', 'symlink_install': False, 'test_result_base': None}
[5.449s] Level 5:colcon.colcon_core.verb:set package 'serial' build argument 'cmake_args' from command line to 'None'
[5.449s] Level 5:colcon.colcon_core.verb:set package 'serial' build argument 'cmake_target' from command line to 'None'
[5.449s] Level 5:colcon.colcon_core.verb:set package 'serial' build argument 'cmake_target_skip_unavailable' from command line to 'False'
[5.449s] Level 5:colcon.colcon_core.verb:set package 'serial' build argument 'cmake_clean_cache' from command line to 'False'
[5.449s] Level 5:colcon.colcon_core.verb:set package 'serial' build argument 'cmake_clean_first' from command line to 'False'
[5.449s] Level 5:colcon.colcon_core.verb:set package 'serial' build argument 'cmake_force_configure' from command line to 'False'
[5.449s] Level 5:colcon.colcon_core.verb:set package 'serial' build argument 'ament_cmake_args' from command line to 'None'
[5.449s] Level 5:colcon.colcon_core.verb:set package 'serial' build argument 'catkin_cmake_args' from command line to 'None'
[5.449s] Level 5:colcon.colcon_core.verb:set package 'serial' build argument 'catkin_skip_building_tests' from command line to 'False'
[5.449s] DEBUG:colcon.colcon_core.verb:Building package 'serial' with the following arguments: {'ament_cmake_args': None, 'build_base': '/home/victoria_rotich/atom2024/build/serial', 'catkin_cmake_args': None, 'catkin_skip_building_tests': False, 'cmake_args': None, 'cmake_clean_cache': False, 'cmake_clean_first': False, 'cmake_force_configure': False, 'cmake_target': None, 'cmake_target_skip_unavailable': False, 'install_base': '/home/victoria_rotich/atom2024/install/serial', 'merge_install': False, 'path': '/home/victoria_rotich/atom2024/serial', 'symlink_install': False, 'test_result_base': None}
[5.449s] Level 5:colcon.colcon_core.verb:set package 'diffdrive_arduino' build argument 'cmake_args' from command line to 'None'
[5.449s] Level 5:colcon.colcon_core.verb:set package 'diffdrive_arduino' build argument 'cmake_target' from command line to 'None'
[5.449s] Level 5:colcon.colcon_core.verb:set package 'diffdrive_arduino' build argument 'cmake_target_skip_unavailable' from command line to 'False'
[5.449s] Level 5:colcon.colcon_core.verb:set package 'diffdrive_arduino' build argument 'cmake_clean_cache' from command line to 'False'
[5.450s] Level 5:colcon.colcon_core.verb:set package 'diffdrive_arduino' build argument 'cmake_clean_first' from command line to 'False'
[5.450s] Level 5:colcon.colcon_core.verb:set package 'diffdrive_arduino' build argument 'cmake_force_configure' from command line to 'False'
[5.450s] Level 5:colcon.colcon_core.verb:set package 'diffdrive_arduino' build argument 'ament_cmake_args' from command line to 'None'
[5.450s] Level 5:colcon.colcon_core.verb:set package 'diffdrive_arduino' build argument 'catkin_cmake_args' from command line to 'None'
[5.450s] Level 5:colcon.colcon_core.verb:set package 'diffdrive_arduino' build argument 'catkin_skip_building_tests' from command line to 'False'
[5.450s] DEBUG:colcon.colcon_core.verb:Building package 'diffdrive_arduino' with the following arguments: {'ament_cmake_args': None, 'build_base': '/home/victoria_rotich/atom2024/build/diffdrive_arduino', 'catkin_cmake_args': None, 'catkin_skip_building_tests': False, 'cmake_args': None, 'cmake_clean_cache': False, 'cmake_clean_first': False, 'cmake_force_configure': False, 'cmake_target': None, 'cmake_target_skip_unavailable': False, 'install_base': '/home/victoria_rotich/atom2024/install/diffdrive_arduino', 'merge_install': False, 'path': '/home/victoria_rotich/atom2024/diffdrive_arduino', 'symlink_install': False, 'test_result_base': None}
[5.450s] INFO:colcon.colcon_core.executor:Executing jobs using 'parallel' executor
[5.452s] DEBUG:colcon.colcon_parallel_executor.executor.parallel:run_until_complete
[5.452s] INFO:colcon.colcon_ros.task.ament_cmake.build:Building ROS package in '/home/victoria_rotich/atom2024/serial' with build type 'ament_cmake'
[5.452s] INFO:colcon.colcon_cmake.task.cmake.build:Building CMake package in '/home/victoria_rotich/atom2024/serial'
[5.503s] INFO:colcon.colcon_core.plugin_system:Skipping extension 'colcon_core.shell.bat': Not used on non-Windows systems
[5.503s] INFO:colcon.colcon_core.shell:Skip shell extension 'powershell' for command environment: Not usable outside of PowerShell
[5.503s] DEBUG:colcon.colcon_core.shell:Skip shell extension 'dsv' for command environment
[5.523s] INFO:colcon.colcon_ros.task.ament_cmake.build:Building ROS package in '/home/victoria_rotich/atom2024/src/atom_qs' with build type 'ament_cmake'
[5.524s] INFO:colcon.colcon_cmake.task.cmake.build:Building CMake package in '/home/victoria_rotich/atom2024/src/atom_qs'
[5.524s] INFO:colcon.colcon_core.shell:Skip shell extension 'powershell' for command environment: Not usable outside of PowerShell
[5.524s] DEBUG:colcon.colcon_core.shell:Skip shell extension 'dsv' for command environment
[5.576s] DEBUG:colcon.colcon_core.event_handler.log_command:Invoking command in '/home/victoria_rotich/atom2024/build/serial': CMAKE_PREFIX_PATH=${CMAKE_PREFIX_PATH}:/home/victoria_rotich/dojo_robotics_2025/install/talker:/home/victoria_rotich/dojo_robotics_2025/install/my_robot_package:/home/victoria_rotich/dojo_robotics_2025/install/listener:/home/victoria_rotich/dojo_robotics_2025/src/install/my_robot_package:/opt/ros/humble /usr/bin/cmake --build /home/victoria_rotich/atom2024/build/serial -- -j8 -l8
[5.597s] DEBUG:colcon.colcon_core.event_handler.log_command:Invoking command in '/home/victoria_rotich/atom2024/build/atom_qs': CMAKE_PREFIX_PATH=${CMAKE_PREFIX_PATH}:/home/victoria_rotich/dojo_robotics_2025/install/talker:/home/victoria_rotich/dojo_robotics_2025/install/my_robot_package:/home/victoria_rotich/dojo_robotics_2025/install/listener:/home/victoria_rotich/dojo_robotics_2025/src/install/my_robot_package:/opt/ros/humble /usr/bin/cmake --build /home/victoria_rotich/atom2024/build/atom_qs -- -j8 -l8
[6.359s] DEBUG:colcon.colcon_core.event_handler.log_command:Invoked command in '/home/victoria_rotich/atom2024/build/atom_qs' returned '0': CMAKE_PREFIX_PATH=${CMAKE_PREFIX_PATH}:/home/victoria_rotich/dojo_robotics_2025/install/talker:/home/victoria_rotich/dojo_robotics_2025/install/my_robot_package:/home/victoria_rotich/dojo_robotics_2025/install/listener:/home/victoria_rotich/dojo_robotics_2025/src/install/my_robot_package:/opt/ros/humble /usr/bin/cmake --build /home/victoria_rotich/atom2024/build/atom_qs -- -j8 -l8
[6.373s] DEBUG:colcon.colcon_core.event_handler.log_command:Invoking command in '/home/victoria_rotich/atom2024/build/atom_qs': CMAKE_PREFIX_PATH=${CMAKE_PREFIX_PATH}:/home/victoria_rotich/dojo_robotics_2025/install/talker:/home/victoria_rotich/dojo_robotics_2025/install/my_robot_package:/home/victoria_rotich/dojo_robotics_2025/install/listener:/home/victoria_rotich/dojo_robotics_2025/src/install/my_robot_package:/opt/ros/humble /usr/bin/cmake --install /home/victoria_rotich/atom2024/build/atom_qs
[6.401s] Level 1:colcon.colcon_core.environment:create_environment_scripts_only(atom_qs)
[6.402s] DEBUG:colcon.colcon_core.event_handler.log_command:Invoked command in '/home/victoria_rotich/atom2024/build/atom_qs' returned '0': CMAKE_PREFIX_PATH=${CMAKE_PREFIX_PATH}:/home/victoria_rotich/dojo_robotics_2025/install/talker:/home/victoria_rotich/dojo_robotics_2025/install/my_robot_package:/home/victoria_rotich/dojo_robotics_2025/install/listener:/home/victoria_rotich/dojo_robotics_2025/src/install/my_robot_package:/opt/ros/humble /usr/bin/cmake --install /home/victoria_rotich/atom2024/build/atom_qs
[6.457s] Level 1:colcon.colcon_core.environment:checking '/home/victoria_rotich/atom2024/install/atom_qs' for CMake module files
[6.458s] Level 1:colcon.colcon_core.environment:checking '/home/victoria_rotich/atom2024/install/atom_qs' for CMake config files
[6.458s] Level 1:colcon.colcon_core.shell:create_environment_hook('atom_qs', 'cmake_prefix_path')
[6.458s] INFO:colcon.colcon_core.shell:Creating environment hook '/home/victoria_rotich/atom2024/install/atom_qs/share/atom_qs/hook/cmake_prefix_path.ps1'
[6.493s] INFO:colcon.colcon_core.shell:Creating environment descriptor '/home/victoria_rotich/atom2024/install/atom_qs/share/atom_qs/hook/cmake_prefix_path.dsv'
[6.495s] INFO:colcon.colcon_core.shell:Creating environment hook '/home/victoria_rotich/atom2024/install/atom_qs/share/atom_qs/hook/cmake_prefix_path.sh'
[6.497s] Level 1:colcon.colcon_core.environment:checking '/home/victoria_rotich/atom2024/install/atom_qs/bin'
[6.497s] Level 1:colcon.colcon_core.environment:checking '/home/victoria_rotich/atom2024/install/atom_qs/lib/pkgconfig/atom_qs.pc'
[6.498s] Level 1:colcon.colcon_core.environment:checking '/home/victoria_rotich/atom2024/install/atom_qs/lib/python3.10/site-packages'
[6.498s] Level 1:colcon.colcon_core.environment:checking '/home/victoria_rotich/atom2024/install/atom_qs/bin'
[6.498s] INFO:colcon.colcon_core.shell:Creating package script '/home/victoria_rotich/atom2024/install/atom_qs/share/atom_qs/package.ps1'
[6.501s] INFO:colcon.colcon_core.shell:Creating package descriptor '/home/victoria_rotich/atom2024/install/atom_qs/share/atom_qs/package.dsv'
[6.505s] INFO:colcon.colcon_core.shell:Creating package script '/home/victoria_rotich/atom2024/install/atom_qs/share/atom_qs/package.sh'
[6.507s] INFO:colcon.colcon_core.shell:Creating package script '/home/victoria_rotich/atom2024/install/atom_qs/share/atom_qs/package.bash'
[6.558s] INFO:colcon.colcon_core.shell:Creating package script '/home/victoria_rotich/atom2024/install/atom_qs/share/atom_qs/package.zsh'
[6.610s] Level 1:colcon.colcon_core.environment:create_file_with_runtime_dependencies(/home/victoria_rotich/atom2024/install/atom_qs/share/colcon-core/packages/atom_qs)
[6.611s] Level 1:colcon.colcon_core.environment:create_environment_scripts_only(atom_qs)
[6.612s] Level 1:colcon.colcon_core.environment:checking '/home/victoria_rotich/atom2024/install/atom_qs' for CMake module files
[6.612s] Level 1:colcon.colcon_core.environment:checking '/home/victoria_rotich/atom2024/install/atom_qs' for CMake config files
[6.613s] Level 1:colcon.colcon_core.shell:create_environment_hook('atom_qs', 'cmake_prefix_path')
[6.613s] INFO:colcon.colcon_core.shell:Creating environment hook '/home/victoria_rotich/atom2024/install/atom_qs/share/atom_qs/hook/cmake_prefix_path.ps1'
[6.614s] INFO:colcon.colcon_core.shell:Creating environment descriptor '/home/victoria_rotich/atom2024/install/atom_qs/share/atom_qs/hook/cmake_prefix_path.dsv'
[6.614s] INFO:colcon.colcon_core.shell:Creating environment hook '/home/victoria_rotich/atom2024/install/atom_qs/share/atom_qs/hook/cmake_prefix_path.sh'
[6.615s] Level 1:colcon.colcon_core.environment:checking '/home/victoria_rotich/atom2024/install/atom_qs/bin'
[6.615s] Level 1:colcon.colcon_core.environment:checking '/home/victoria_rotich/atom2024/install/atom_qs/lib/pkgconfig/atom_qs.pc'
[6.616s] Level 1:colcon.colcon_core.environment:checking '/home/victoria_rotich/atom2024/install/atom_qs/lib/python3.10/site-packages'
[6.616s] Level 1:colcon.colcon_core.environment:checking '/home/victoria_rotich/atom2024/install/atom_qs/bin'
[6.616s] INFO:colcon.colcon_core.shell:Creating package script '/home/victoria_rotich/atom2024/install/atom_qs/share/atom_qs/package.ps1'
[6.617s] INFO:colcon.colcon_core.shell:Creating package descriptor '/home/victoria_rotich/atom2024/install/atom_qs/share/atom_qs/package.dsv'
[6.618s] INFO:colcon.colcon_core.shell:Creating package script '/home/victoria_rotich/atom2024/install/atom_qs/share/atom_qs/package.sh'
[6.618s] INFO:colcon.colcon_core.shell:Creating package script '/home/victoria_rotich/atom2024/install/atom_qs/share/atom_qs/package.bash'
[6.619s] INFO:colcon.colcon_core.shell:Creating package script '/home/victoria_rotich/atom2024/install/atom_qs/share/atom_qs/package.zsh'
[6.620s] Level 1:colcon.colcon_core.environment:create_file_with_runtime_dependencies(/home/victoria_rotich/atom2024/install/atom_qs/share/colcon-core/packages/atom_qs)
[7.300s] DEBUG:colcon.colcon_core.event_handler.log_command:Invoked command in '/home/victoria_rotich/atom2024/build/serial' returned '0': CMAKE_PREFIX_PATH=${CMAKE_PREFIX_PATH}:/home/victoria_rotich/dojo_robotics_2025/install/talker:/home/victoria_rotich/dojo_robotics_2025/install/my_robot_package:/home/victoria_rotich/dojo_robotics_2025/install/listener:/home/victoria_rotich/dojo_robotics_2025/src/install/my_robot_package:/opt/ros/humble /usr/bin/cmake --build /home/victoria_rotich/atom2024/build/serial -- -j8 -l8
[7.305s] DEBUG:colcon.colcon_core.event_handler.log_command:Invoking command in '/home/victoria_rotich/atom2024/build/serial': CMAKE_PREFIX_PATH=${CMAKE_PREFIX_PATH}:/home/victoria_rotich/dojo_robotics_2025/install/talker:/home/victoria_rotich/dojo_robotics_2025/install/my_robot_package:/home/victoria_rotich/dojo_robotics_2025/install/listener:/home/victoria_rotich/dojo_robotics_2025/src/install/my_robot_package:/opt/ros/humble /usr/bin/cmake --install /home/victoria_rotich/atom2024/build/serial
[7.321s] Level 1:colcon.colcon_core.environment:create_environment_scripts_only(serial)
[7.321s] Level 1:colcon.colcon_core.environment:checking '/home/victoria_rotich/atom2024/install/serial' for CMake module files
[7.322s] DEBUG:colcon.colcon_core.event_handler.log_command:Invoked command in '/home/victoria_rotich/atom2024/build/serial' returned '0': CMAKE_PREFIX_PATH=${CMAKE_PREFIX_PATH}:/home/victoria_rotich/dojo_robotics_2025/install/talker:/home/victoria_rotich/dojo_robotics_2025/install/my_robot_package:/home/victoria_rotich/dojo_robotics_2025/install/listener:/home/victoria_rotich/dojo_robotics_2025/src/install/my_robot_package:/opt/ros/humble /usr/bin/cmake --install /home/victoria_rotich/atom2024/build/serial
[7.322s] Level 1:colcon.colcon_core.environment:checking '/home/victoria_rotich/atom2024/install/serial' for CMake config files
[7.323s] Level 1:colcon.colcon_core.shell:create_environment_hook('serial', 'cmake_prefix_path')
[7.323s] INFO:colcon.colcon_core.shell:Creating environment hook '/home/victoria_rotich/atom2024/install/serial/share/serial/hook/cmake_prefix_path.ps1'
[7.323s] INFO:colcon.colcon_core.shell:Creating environment descriptor '/home/victoria_rotich/atom2024/install/serial/share/serial/hook/cmake_prefix_path.dsv'
[7.324s] INFO:colcon.colcon_core.shell:Creating environment hook '/home/victoria_rotich/atom2024/install/serial/share/serial/hook/cmake_prefix_path.sh'
[7.324s] Level 1:colcon.colcon_core.environment:checking '/home/victoria_rotich/atom2024/install/serial/lib'
[7.324s] Level 1:colcon.colcon_core.environment:checking '/home/victoria_rotich/atom2024/install/serial/bin'
[7.324s] Level 1:colcon.colcon_core.environment:checking '/home/victoria_rotich/atom2024/install/serial/lib/pkgconfig/serial.pc'
[7.325s] Level 1:colcon.colcon_core.environment:checking '/home/victoria_rotich/atom2024/install/serial/lib/python3.10/site-packages'
[7.325s] Level 1:colcon.colcon_core.environment:checking '/home/victoria_rotich/atom2024/install/serial/bin'
[7.325s] INFO:colcon.colcon_core.shell:Creating package script '/home/victoria_rotich/atom2024/install/serial/share/serial/package.ps1'
[7.326s] INFO:colcon.colcon_core.shell:Creating package descriptor '/home/victoria_rotich/atom2024/install/serial/share/serial/package.dsv'
[7.326s] INFO:colcon.colcon_core.shell:Creating package script '/home/victoria_rotich/atom2024/install/serial/share/serial/package.sh'
[7.326s] INFO:colcon.colcon_core.shell:Creating package script '/home/victoria_rotich/atom2024/install/serial/share/serial/package.bash'
[7.327s] INFO:colcon.colcon_core.shell:Creating package script '/home/victoria_rotich/atom2024/install/serial/share/serial/package.zsh'
[7.327s] Level 1:colcon.colcon_core.environment:create_file_with_runtime_dependencies(/home/victoria_rotich/atom2024/install/serial/share/colcon-core/packages/serial)
[7.327s] Level 1:colcon.colcon_core.environment:create_environment_scripts_only(serial)
[7.328s] Level 1:colcon.colcon_core.environment:checking '/home/victoria_rotich/atom2024/install/serial' for CMake module files
[7.328s] Level 1:colcon.colcon_core.environment:checking '/home/victoria_rotich/atom2024/install/serial' for CMake config files
[7.328s] Level 1:colcon.colcon_core.shell:create_environment_hook('serial', 'cmake_prefix_path')
[7.329s] INFO:colcon.colcon_core.shell:Creating environment hook '/home/victoria_rotich/atom2024/install/serial/share/serial/hook/cmake_prefix_path.ps1'
[7.329s] INFO:colcon.colcon_core.shell:Creating environment descriptor '/home/victoria_rotich/atom2024/install/serial/share/serial/hook/cmake_prefix_path.dsv'
[7.329s] INFO:colcon.colcon_core.shell:Creating environment hook '/home/victoria_rotich/atom2024/install/serial/share/serial/hook/cmake_prefix_path.sh'
[7.330s] Level 1:colcon.colcon_core.environment:checking '/home/victoria_rotich/atom2024/install/serial/lib'
[7.330s] Level 1:colcon.colcon_core.environment:checking '/home/victoria_rotich/atom2024/install/serial/bin'
[7.330s] Level 1:colcon.colcon_core.environment:checking '/home/victoria_rotich/atom2024/install/serial/lib/pkgconfig/serial.pc'
[7.330s] Level 1:colcon.colcon_core.environment:checking '/home/victoria_rotich/atom2024/install/serial/lib/python3.10/site-packages'
[7.330s] Level 1:colcon.colcon_core.environment:checking '/home/victoria_rotich/atom2024/install/serial/bin'
[7.331s] INFO:colcon.colcon_core.shell:Creating package script '/home/victoria_rotich/atom2024/install/serial/share/serial/package.ps1'
[7.331s] INFO:colcon.colcon_core.shell:Creating package descriptor '/home/victoria_rotich/atom2024/install/serial/share/serial/package.dsv'
[7.332s] INFO:colcon.colcon_core.shell:Creating package script '/home/victoria_rotich/atom2024/install/serial/share/serial/package.sh'
[7.332s] INFO:colcon.colcon_core.shell:Creating package script '/home/victoria_rotich/atom2024/install/serial/share/serial/package.bash'
[7.332s] INFO:colcon.colcon_core.shell:Creating package script '/home/victoria_rotich/atom2024/install/serial/share/serial/package.zsh'
[7.333s] Level 1:colcon.colcon_core.environment:create_file_with_runtime_dependencies(/home/victoria_rotich/atom2024/install/serial/share/colcon-core/packages/serial)
[7.333s] INFO:colcon.colcon_ros.task.ament_cmake.build:Building ROS package in '/home/victoria_rotich/atom2024/diffdrive_arduino' with build type 'ament_cmake'
[7.333s] INFO:colcon.colcon_cmake.task.cmake.build:Building CMake package in '/home/victoria_rotich/atom2024/diffdrive_arduino'
[7.334s] INFO:colcon.colcon_core.shell:Skip shell extension 'powershell' for command environment: Not usable outside of PowerShell
[7.334s] DEBUG:colcon.colcon_core.shell:Skip shell extension 'dsv' for command environment
[7.432s] DEBUG:colcon.colcon_core.event_handler.log_command:Invoking command in '/home/victoria_rotich/atom2024/build/diffdrive_arduino': CMAKE_PREFIX_PATH=/home/victoria_rotich/atom2024/install/serial:/home/victoria_rotich/atom2024/install/diffdrive_arduino:/home/victoria_rotich/atom2024/install/atom_qs:/home/victoria_rotich/cyclonedds_ws/install/rmw_cyclonedds_cpp:/home/victoria_rotich/cyclonedds_ws/install/cyclonedds:/home/victoria_rotich/dojo_robotics_2025/install/my_robot_pack2:/home/victoria_rotich/dojo_robotics_2025/install/cpp_pubsub:/home/victoria_rotich/ros2_ws/install/sllidar_ros2:/home/victoria_rotich/dojo_robotics_2025/install/talker:/home/victoria_rotich/dojo_robotics_2025/install/my_robot_package:/home/victoria_rotich/dojo_robotics_2025/install/listener:/home/victoria_rotich/dojo_robotics_2025/src/install/my_robot_package:/opt/ros/humble /usr/bin/cmake --build /home/victoria_rotich/atom2024/build/diffdrive_arduino -- -j8 -l8
[8.335s] DEBUG:colcon.colcon_core.event_handler.log_command:Invoked command in '/home/victoria_rotich/atom2024/build/diffdrive_arduino' returned '0': CMAKE_PREFIX_PATH=/home/victoria_rotich/atom2024/install/serial:/home/victoria_rotich/atom2024/install/diffdrive_arduino:/home/victoria_rotich/atom2024/install/atom_qs:/home/victoria_rotich/cyclonedds_ws/install/rmw_cyclonedds_cpp:/home/victoria_rotich/cyclonedds_ws/install/cyclonedds:/home/victoria_rotich/dojo_robotics_2025/install/my_robot_pack2:/home/victoria_rotich/dojo_robotics_2025/install/cpp_pubsub:/home/victoria_rotich/ros2_ws/install/sllidar_ros2:/home/victoria_rotich/dojo_robotics_2025/install/talker:/home/victoria_rotich/dojo_robotics_2025/install/my_robot_package:/home/victoria_rotich/dojo_robotics_2025/install/listener:/home/victoria_rotich/dojo_robotics_2025/src/install/my_robot_package:/opt/ros/humble /usr/bin/cmake --build /home/victoria_rotich/atom2024/build/diffdrive_arduino -- -j8 -l8
[8.340s] DEBUG:colcon.colcon_core.event_handler.log_command:Invoking command in '/home/victoria_rotich/atom2024/build/diffdrive_arduino': CMAKE_PREFIX_PATH=/home/victoria_rotich/atom2024/install/serial:/home/victoria_rotich/atom2024/install/diffdrive_arduino:/home/victoria_rotich/atom2024/install/atom_qs:/home/victoria_rotich/cyclonedds_ws/install/rmw_cyclonedds_cpp:/home/victoria_rotich/cyclonedds_ws/install/cyclonedds:/home/victoria_rotich/dojo_robotics_2025/install/my_robot_pack2:/home/victoria_rotich/dojo_robotics_2025/install/cpp_pubsub:/home/victoria_rotich/ros2_ws/install/sllidar_ros2:/home/victoria_rotich/dojo_robotics_2025/install/talker:/home/victoria_rotich/dojo_robotics_2025/install/my_robot_package:/home/victoria_rotich/dojo_robotics_2025/install/listener:/home/victoria_rotich/dojo_robotics_2025/src/install/my_robot_package:/opt/ros/humble /usr/bin/cmake --install /home/victoria_rotich/atom2024/build/diffdrive_arduino
[8.430s] Level 1:colcon.colcon_core.environment:create_environment_scripts_only(diffdrive_arduino)
[8.431s] Level 1:colcon.colcon_core.environment:checking '/home/victoria_rotich/atom2024/install/diffdrive_arduino' for CMake module files
[8.432s] DEBUG:colcon.colcon_core.event_handler.log_command:Invoked command in '/home/victoria_rotich/atom2024/build/diffdrive_arduino' returned '0': CMAKE_PREFIX_PATH=/home/victoria_rotich/atom2024/install/serial:/home/victoria_rotich/atom2024/install/diffdrive_arduino:/home/victoria_rotich/atom2024/install/atom_qs:/home/victoria_rotich/cyclonedds_ws/install/rmw_cyclonedds_cpp:/home/victoria_rotich/cyclonedds_ws/install/cyclonedds:/home/victoria_rotich/dojo_robotics_2025/install/my_robot_pack2:/home/victoria_rotich/dojo_robotics_2025/install/cpp_pubsub:/home/victoria_rotich/ros2_ws/install/sllidar_ros2:/home/victoria_rotich/dojo_robotics_2025/install/talker:/home/victoria_rotich/dojo_robotics_2025/install/my_robot_package:/home/victoria_rotich/dojo_robotics_2025/install/listener:/home/victoria_rotich/dojo_robotics_2025/src/install/my_robot_package:/opt/ros/humble /usr/bin/cmake --install /home/victoria_rotich/atom2024/build/diffdrive_arduino
[8.433s] Level 1:colcon.colcon_core.environment:checking '/home/victoria_rotich/atom2024/install/diffdrive_arduino' for CMake config files
[8.433s] Level 1:colcon.colcon_core.shell:create_environment_hook('diffdrive_arduino', 'cmake_prefix_path')
[8.434s] INFO:colcon.colcon_core.shell:Creating environment hook '/home/victoria_rotich/atom2024/install/diffdrive_arduino/share/diffdrive_arduino/hook/cmake_prefix_path.ps1'
[8.435s] INFO:colcon.colcon_core.shell:Creating environment descriptor '/home/victoria_rotich/atom2024/install/diffdrive_arduino/share/diffdrive_arduino/hook/cmake_prefix_path.dsv'
[8.436s] INFO:colcon.colcon_core.shell:Creating environment hook '/home/victoria_rotich/atom2024/install/diffdrive_arduino/share/diffdrive_arduino/hook/cmake_prefix_path.sh'
[8.437s] Level 1:colcon.colcon_core.environment:checking '/home/victoria_rotich/atom2024/install/diffdrive_arduino/lib'
[8.437s] Level 1:colcon.colcon_core.shell:create_environment_hook('diffdrive_arduino', 'ld_library_path_lib')
[8.438s] INFO:colcon.colcon_core.shell:Creating environment hook '/home/victoria_rotich/atom2024/install/diffdrive_arduino/share/diffdrive_arduino/hook/ld_library_path_lib.ps1'
[8.438s] INFO:colcon.colcon_core.shell:Creating environment descriptor '/home/victoria_rotich/atom2024/install/diffdrive_arduino/share/diffdrive_arduino/hook/ld_library_path_lib.dsv'
[8.439s] INFO:colcon.colcon_core.shell:Creating environment hook '/home/victoria_rotich/atom2024/install/diffdrive_arduino/share/diffdrive_arduino/hook/ld_library_path_lib.sh'
[8.439s] Level 1:colcon.colcon_core.environment:checking '/home/victoria_rotich/atom2024/install/diffdrive_arduino/bin'
[8.439s] Level 1:colcon.colcon_core.environment:checking '/home/victoria_rotich/atom2024/install/diffdrive_arduino/lib/pkgconfig/diffdrive_arduino.pc'
[8.440s] Level 1:colcon.colcon_core.environment:checking '/home/victoria_rotich/atom2024/install/diffdrive_arduino/lib/python3.10/site-packages'
[8.440s] Level 1:colcon.colcon_core.environment:checking '/home/victoria_rotich/atom2024/install/diffdrive_arduino/bin'
[8.440s] INFO:colcon.colcon_core.shell:Creating package script '/home/victoria_rotich/atom2024/install/diffdrive_arduino/share/diffdrive_arduino/package.ps1'
[8.441s] INFO:colcon.colcon_core.shell:Creating package descriptor '/home/victoria_rotich/atom2024/install/diffdrive_arduino/share/diffdrive_arduino/package.dsv'
[8.442s] INFO:colcon.colcon_core.shell:Creating package script '/home/victoria_rotich/atom2024/install/diffdrive_arduino/share/diffdrive_arduino/package.sh'
[8.442s] INFO:colcon.colcon_core.shell:Creating package script '/home/victoria_rotich/atom2024/install/diffdrive_arduino/share/diffdrive_arduino/package.bash'
[8.442s] INFO:colcon.colcon_core.shell:Creating package script '/home/victoria_rotich/atom2024/install/diffdrive_arduino/share/diffdrive_arduino/package.zsh'
[8.443s] Level 1:colcon.colcon_core.environment:create_file_with_runtime_dependencies(/home/victoria_rotich/atom2024/install/diffdrive_arduino/share/colcon-core/packages/diffdrive_arduino)
[8.444s] Level 1:colcon.colcon_core.environment:create_environment_scripts_only(diffdrive_arduino)
[8.444s] Level 1:colcon.colcon_core.environment:checking '/home/victoria_rotich/atom2024/install/diffdrive_arduino' for CMake module files
[8.444s] Level 1:colcon.colcon_core.environment:checking '/home/victoria_rotich/atom2024/install/diffdrive_arduino' for CMake config files
[8.445s] Level 1:colcon.colcon_core.shell:create_environment_hook('diffdrive_arduino', 'cmake_prefix_path')
[8.445s] INFO:colcon.colcon_core.shell:Creating environment hook '/home/victoria_rotich/atom2024/install/diffdrive_arduino/share/diffdrive_arduino/hook/cmake_prefix_path.ps1'
[8.445s] INFO:colcon.colcon_core.shell:Creating environment descriptor '/home/victoria_rotich/atom2024/install/diffdrive_arduino/share/diffdrive_arduino/hook/cmake_prefix_path.dsv'
[8.446s] INFO:colcon.colcon_core.shell:Creating environment hook '/home/victoria_rotich/atom2024/install/diffdrive_arduino/share/diffdrive_arduino/hook/cmake_prefix_path.sh'
[8.447s] Level 1:colcon.colcon_core.environment:checking '/home/victoria_rotich/atom2024/install/diffdrive_arduino/lib'
[8.447s] Level 1:colcon.colcon_core.shell:create_environment_hook('diffdrive_arduino', 'ld_library_path_lib')
[8.447s] INFO:colcon.colcon_core.shell:Creating environment hook '/home/victoria_rotich/atom2024/install/diffdrive_arduino/share/diffdrive_arduino/hook/ld_library_path_lib.ps1'
[8.448s] INFO:colcon.colcon_core.shell:Creating environment descriptor '/home/victoria_rotich/atom2024/install/diffdrive_arduino/share/diffdrive_arduino/hook/ld_library_path_lib.dsv'
[8.448s] INFO:colcon.colcon_core.shell:Creating environment hook '/home/victoria_rotich/atom2024/install/diffdrive_arduino/share/diffdrive_arduino/hook/ld_library_path_lib.sh'
[8.448s] Level 1:colcon.colcon_core.environment:checking '/home/victoria_rotich/atom2024/install/diffdrive_arduino/bin'
[8.448s] Level 1:colcon.colcon_core.environment:checking '/home/victoria_rotich/atom2024/install/diffdrive_arduino/lib/pkgconfig/diffdrive_arduino.pc'
[8.449s] Level 1:colcon.colcon_core.environment:checking '/home/victoria_rotich/atom2024/install/diffdrive_arduino/lib/python3.10/site-packages'
[8.449s] Level 1:colcon.colcon_core.environment:checking '/home/victoria_rotich/atom2024/install/diffdrive_arduino/bin'
[8.449s] INFO:colcon.colcon_core.shell:Creating package script '/home/victoria_rotich/atom2024/install/diffdrive_arduino/share/diffdrive_arduino/package.ps1'
[8.450s] INFO:colcon.colcon_core.shell:Creating package descriptor '/home/victoria_rotich/atom2024/install/diffdrive_arduino/share/diffdrive_arduino/package.dsv'
[8.450s] INFO:colcon.colcon_core.shell:Creating package script '/home/victoria_rotich/atom2024/install/diffdrive_arduino/share/diffdrive_arduino/package.sh'
[8.451s] INFO:colcon.colcon_core.shell:Creating package script '/home/victoria_rotich/atom2024/install/diffdrive_arduino/share/diffdrive_arduino/package.bash'
[8.452s] INFO:colcon.colcon_core.shell:Creating package script '/home/victoria_rotich/atom2024/install/diffdrive_arduino/share/diffdrive_arduino/package.zsh'
[8.452s] Level 1:colcon.colcon_core.environment:create_file_with_runtime_dependencies(/home/victoria_rotich/atom2024/install/diffdrive_arduino/share/colcon-core/packages/diffdrive_arduino)
[8.453s] DEBUG:colcon.colcon_parallel_executor.executor.parallel:closing loop
[8.454s] DEBUG:colcon.colcon_parallel_executor.executor.parallel:loop closed
[8.454s] DEBUG:colcon.colcon_parallel_executor.executor.parallel:run_until_complete finished with '0'
[8.454s] DEBUG:colcon.colcon_core.event_reactor:joining thread
[8.543s] INFO:colcon.colcon_core.plugin_system:Skipping extension 'colcon_notification.desktop_notification.notify_send': Could not find 'notify-send'
[8.543s] INFO:colcon.colcon_core.plugin_system:Skipping extension 'colcon_notification.desktop_notification.terminal_notifier': Not used on non-Darwin systems
[8.543s] INFO:colcon.colcon_core.plugin_system:Skipping extension 'colcon_notification.desktop_notification.win32': Not used on non-Windows systems
[8.543s] INFO:colcon.colcon_notification.desktop_notification:Sending desktop notification using 'notify2'
[8.544s] DEBUG:colcon.colcon_notification.desktop_notification.notify2:Failed to initialize notify2: org.freedesktop.DBus.Error.FileNotFound: Failed to connect to socket /run/user/1000/bus: No such file or directory
[8.544s] DEBUG:colcon.colcon_core.event_reactor:joined thread
[8.544s] INFO:colcon.colcon_core.shell:Creating prefix script '/home/victoria_rotich/atom2024/install/local_setup.ps1'
[8.562s] INFO:colcon.colcon_core.shell:Creating prefix util module '/home/victoria_rotich/atom2024/install/_local_setup_util_ps1.py'
[8.577s] INFO:colcon.colcon_core.shell:Creating prefix chain script '/home/victoria_rotich/atom2024/install/setup.ps1'
[8.579s] INFO:colcon.colcon_core.shell:Creating prefix script '/home/victoria_rotich/atom2024/install/local_setup.sh'
[8.586s] INFO:colcon.colcon_core.shell:Creating prefix util module '/home/victoria_rotich/atom2024/install/_local_setup_util_sh.py'
[8.587s] INFO:colcon.colcon_core.shell:Creating prefix chain script '/home/victoria_rotich/atom2024/install/setup.sh'
[8.589s] INFO:colcon.colcon_core.shell:Creating prefix script '/home/victoria_rotich/atom2024/install/local_setup.bash'
[8.604s] INFO:colcon.colcon_core.shell:Creating prefix chain script '/home/victoria_rotich/atom2024/install/setup.bash'
[8.607s] INFO:colcon.colcon_core.shell:Creating prefix script '/home/victoria_rotich/atom2024/install/local_setup.zsh'
[8.623s] INFO:colcon.colcon_core.shell:Creating prefix chain script '/home/victoria_rotich/atom2024/install/setup.zsh'
