[0.097s] Invoking command in '/home/victoria_rotich/atom2024/build/diffdrive_arduino': CMAKE_PREFIX_PATH=/home/victoria_rotich/atom2024/install/serial:/home/victoria_rotich/atom2024/install/diffdrive_arduino:/home/victoria_rotich/atom2024/install/atom_qs:/home/victoria_rotich/cyclonedds_ws/install/rmw_cyclonedds_cpp:/home/victoria_rotich/cyclonedds_ws/install/cyclonedds:/home/victoria_rotich/dojo_robotics_2025/install/my_robot_pack2:/home/victoria_rotich/dojo_robotics_2025/install/cpp_pubsub:/home/victoria_rotich/ros2_ws/install/sllidar_ros2:/home/victoria_rotich/dojo_robotics_2025/install/talker:/home/victoria_rotich/dojo_robotics_2025/install/my_robot_package:/home/victoria_rotich/dojo_robotics_2025/install/listener:/home/victoria_rotich/dojo_robotics_2025/src/install/my_robot_package:/opt/ros/humble /usr/bin/cmake --build /home/victoria_rotich/atom2024/build/diffdrive_arduino -- -j8 -l8
[0.986s] [ 85%] Built target fake_robot
[0.987s] [100%] Built target diffdrive_arduino
[1.000s] Invoked command in '/home/victoria_rotich/atom2024/build/diffdrive_arduino' returned '0': CMAKE_PREFIX_PATH=/home/victoria_rotich/atom2024/install/serial:/home/victoria_rotich/atom2024/install/diffdrive_arduino:/home/victoria_rotich/atom2024/install/atom_qs:/home/victoria_rotich/cyclonedds_ws/install/rmw_cyclonedds_cpp:/home/victoria_rotich/cyclonedds_ws/install/cyclonedds:/home/victoria_rotich/dojo_robotics_2025/install/my_robot_pack2:/home/victoria_rotich/dojo_robotics_2025/install/cpp_pubsub:/home/victoria_rotich/ros2_ws/install/sllidar_ros2:/home/victoria_rotich/dojo_robotics_2025/install/talker:/home/victoria_rotich/dojo_robotics_2025/install/my_robot_package:/home/victoria_rotich/dojo_robotics_2025/install/listener:/home/victoria_rotich/dojo_robotics_2025/src/install/my_robot_package:/opt/ros/humble /usr/bin/cmake --build /home/victoria_rotich/atom2024/build/diffdrive_arduino -- -j8 -l8
[1.005s] Invoking command in '/home/victoria_rotich/atom2024/build/diffdrive_arduino': CMAKE_PREFIX_PATH=/home/victoria_rotich/atom2024/install/serial:/home/victoria_rotich/atom2024/install/diffdrive_arduino:/home/victoria_rotich/atom2024/install/atom_qs:/home/victoria_rotich/cyclonedds_ws/install/rmw_cyclonedds_cpp:/home/victoria_rotich/cyclonedds_ws/install/cyclonedds:/home/victoria_rotich/dojo_robotics_2025/install/my_robot_pack2:/home/victoria_rotich/dojo_robotics_2025/install/cpp_pubsub:/home/victoria_rotich/ros2_ws/install/sllidar_ros2:/home/victoria_rotich/dojo_robotics_2025/install/talker:/home/victoria_rotich/dojo_robotics_2025/install/my_robot_package:/home/victoria_rotich/dojo_robotics_2025/install/listener:/home/victoria_rotich/dojo_robotics_2025/src/install/my_robot_package:/opt/ros/humble /usr/bin/cmake --install /home/victoria_rotich/atom2024/build/diffdrive_arduino
[1.013s] -- Install configuration: ""
[1.013s] -- Up-to-date: /home/victoria_rotich/atom2024/install/diffdrive_arduino/share/diffdrive_arduino/robot_hardware.xml
[1.013s] -- Up-to-date: /home/victoria_rotich/atom2024/install/diffdrive_arduino/share/diffdrive_arduino/fake_robot_hardware.xml
[1.030s] -- Up-to-date: /home/victoria_rotich/atom2024/install/diffdrive_arduino/lib/libdiffdrive_arduino.so
[1.051s] -- Up-to-date: /home/victoria_rotich/atom2024/install/diffdrive_arduino/lib/libfake_robot.so
[1.051s] -- Up-to-date: /home/victoria_rotich/atom2024/install/diffdrive_arduino/share/diffdrive_arduino/controllers
[1.051s] -- Up-to-date: /home/victoria_rotich/atom2024/install/diffdrive_arduino/share/diffdrive_arduino/controllers/robot_controller_example.yaml
[1.051s] -- Up-to-date: /home/victoria_rotich/atom2024/install/diffdrive_arduino/share/diffdrive_arduino
[1.067s] -- Up-to-date: /home/victoria_rotich/atom2024/install/diffdrive_arduino/share/diffdrive_arduino/test_robot.launch.py
[1.067s] -- Up-to-date: /home/victoria_rotich/atom2024/install/diffdrive_arduino/share/diffdrive_arduino/fake_robot.launch.py
[1.067s] -- Up-to-date: /home/victoria_rotich/atom2024/install/diffdrive_arduino/share/diffdrive_arduino/__pycache__
[1.067s] -- Up-to-date: /home/victoria_rotich/atom2024/install/diffdrive_arduino/share/diffdrive_arduino/__pycache__/test_robot.launch.cpython-310.pyc
[1.068s] -- Up-to-date: /home/victoria_rotich/atom2024/install/diffdrive_arduino/share/diffdrive_arduino/environment/library_path.sh
[1.068s] -- Up-to-date: /home/victoria_rotich/atom2024/install/diffdrive_arduino/share/diffdrive_arduino/environment/library_path.dsv
[1.068s] -- Up-to-date: /home/victoria_rotich/atom2024/install/diffdrive_arduino/share/ament_index/resource_index/package_run_dependencies/diffdrive_arduino
[1.068s] -- Up-to-date: /home/victoria_rotich/atom2024/install/diffdrive_arduino/share/ament_index/resource_index/parent_prefix_path/diffdrive_arduino
[1.068s] -- Up-to-date: /home/victoria_rotich/atom2024/install/diffdrive_arduino/share/diffdrive_arduino/environment/ament_prefix_path.sh
[1.069s] -- Up-to-date: /home/victoria_rotich/atom2024/install/diffdrive_arduino/share/diffdrive_arduino/environment/ament_prefix_path.dsv
[1.069s] -- Up-to-date: /home/victoria_rotich/atom2024/install/diffdrive_arduino/share/diffdrive_arduino/environment/path.sh
[1.069s] -- Up-to-date: /home/victoria_rotich/atom2024/install/diffdrive_arduino/share/diffdrive_arduino/environment/path.dsv
[1.069s] -- Up-to-date: /home/victoria_rotich/atom2024/install/diffdrive_arduino/share/diffdrive_arduino/local_setup.bash
[1.069s] -- Up-to-date: /home/victoria_rotich/atom2024/install/diffdrive_arduino/share/diffdrive_arduino/local_setup.sh
[1.069s] -- Up-to-date: /home/victoria_rotich/atom2024/install/diffdrive_arduino/share/diffdrive_arduino/local_setup.zsh
[1.069s] -- Up-to-date: /home/victoria_rotich/atom2024/install/diffdrive_arduino/share/diffdrive_arduino/local_setup.dsv
[1.069s] -- Installing: /home/victoria_rotich/atom2024/install/diffdrive_arduino/share/diffdrive_arduino/package.dsv
[1.093s] -- Up-to-date: /home/victoria_rotich/atom2024/install/diffdrive_arduino/share/ament_index/resource_index/packages/diffdrive_arduino
[1.093s] -- Up-to-date: /home/victoria_rotich/atom2024/install/diffdrive_arduino/share/ament_index/resource_index/hardware_interface__pluginlib__plugin/diffdrive_arduino
[1.093s] -- Up-to-date: /home/victoria_rotich/atom2024/install/diffdrive_arduino/share/diffdrive_arduino/cmake/ament_cmake_export_libraries-extras.cmake
[1.093s] -- Up-to-date: /home/victoria_rotich/atom2024/install/diffdrive_arduino/share/diffdrive_arduino/cmake/ament_cmake_export_dependencies-extras.cmake
[1.093s] -- Up-to-date: /home/victoria_rotich/atom2024/install/diffdrive_arduino/share/diffdrive_arduino/cmake/diffdrive_arduinoConfig.cmake
[1.093s] -- Up-to-date: /home/victoria_rotich/atom2024/install/diffdrive_arduino/share/diffdrive_arduino/cmake/diffdrive_arduinoConfig-version.cmake
[1.094s] -- Up-to-date: /home/victoria_rotich/atom2024/install/diffdrive_arduino/share/diffdrive_arduino/package.xml
[1.097s] Invoked command in '/home/victoria_rotich/atom2024/build/diffdrive_arduino' returned '0': CMAKE_PREFIX_PATH=/home/victoria_rotich/atom2024/install/serial:/home/victoria_rotich/atom2024/install/diffdrive_arduino:/home/victoria_rotich/atom2024/install/atom_qs:/home/victoria_rotich/cyclonedds_ws/install/rmw_cyclonedds_cpp:/home/victoria_rotich/cyclonedds_ws/install/cyclonedds:/home/victoria_rotich/dojo_robotics_2025/install/my_robot_pack2:/home/victoria_rotich/dojo_robotics_2025/install/cpp_pubsub:/home/victoria_rotich/ros2_ws/install/sllidar_ros2:/home/victoria_rotich/dojo_robotics_2025/install/talker:/home/victoria_rotich/dojo_robotics_2025/install/my_robot_package:/home/victoria_rotich/dojo_robotics_2025/install/listener:/home/victoria_rotich/dojo_robotics_2025/src/install/my_robot_package:/opt/ros/humble /usr/bin/cmake --install /home/victoria_rotich/atom2024/build/diffdrive_arduino
