[0.072s] Invoking command in '/home/victoria_rotich/atom2024/build/atom_qs': CMAKE_PREFIX_PATH=${CMAKE_PREFIX_PATH}:/home/victoria_rotich/dojo_robotics_2025/install/talker:/home/victoria_rotich/dojo_robotics_2025/install/my_robot_package:/home/victoria_rotich/dojo_robotics_2025/install/listener:/home/victoria_rotich/dojo_robotics_2025/src/install/my_robot_package:/opt/ros/humble /usr/bin/cmake --build /home/victoria_rotich/atom2024/build/atom_qs -- -j8 -l8
[0.834s] Invoked command in '/home/victoria_rotich/atom2024/build/atom_qs' returned '0': CMAKE_PREFIX_PATH=${CMAKE_PREFIX_PATH}:/home/victoria_rotich/dojo_robotics_2025/install/talker:/home/victoria_rotich/dojo_robotics_2025/install/my_robot_package:/home/victoria_rotich/dojo_robotics_2025/install/listener:/home/victoria_rotich/dojo_robotics_2025/src/install/my_robot_package:/opt/ros/humble /usr/bin/cmake --build /home/victoria_rotich/atom2024/build/atom_qs -- -j8 -l8
[0.848s] Invoking command in '/home/victoria_rotich/atom2024/build/atom_qs': CMAKE_PREFIX_PATH=${CMAKE_PREFIX_PATH}:/home/victoria_rotich/dojo_robotics_2025/install/talker:/home/victoria_rotich/dojo_robotics_2025/install/my_robot_package:/home/victoria_rotich/dojo_robotics_2025/install/listener:/home/victoria_rotich/dojo_robotics_2025/src/install/my_robot_package:/opt/ros/humble /usr/bin/cmake --install /home/victoria_rotich/atom2024/build/atom_qs
[0.856s] -- Install configuration: ""
[0.857s] -- Up-to-date: /home/victoria_rotich/atom2024/install/atom_qs/share/atom_qs/config
[0.858s] -- Up-to-date: /home/victoria_rotich/atom2024/install/atom_qs/share/atom_qs/config/empty.yaml
[0.858s] -- Up-to-date: /home/victoria_rotich/atom2024/install/atom_qs/share/atom_qs/config/gazebo_params.yaml
[0.858s] -- Up-to-date: /home/victoria_rotich/atom2024/install/atom_qs/share/atom_qs/config/view_atom.rviz
[0.858s] -- Up-to-date: /home/victoria_rotich/atom2024/install/atom_qs/share/atom_qs/config/gaz_ros2_ctl_use_sim.yaml
[0.858s] -- Up-to-date: /home/victoria_rotich/atom2024/install/atom_qs/share/atom_qs/config/mapper_params_online_async.yaml
[0.858s] -- Installing: /home/victoria_rotich/atom2024/install/atom_qs/share/atom_qs/config/twist_mux.yaml
[0.858s] -- Up-to-date: /home/victoria_rotich/atom2024/install/atom_qs/share/atom_qs/config/my_controllers.yaml
[0.859s] -- Up-to-date: /home/victoria_rotich/atom2024/install/atom_qs/share/atom_qs/config/joystick.yaml
[0.859s] -- Up-to-date: /home/victoria_rotich/atom2024/install/atom_qs/share/atom_qs/description
[0.859s] -- Up-to-date: /home/victoria_rotich/atom2024/install/atom_qs/share/atom_qs/description/ros2_control.xacro
[0.859s] -- Up-to-date: /home/victoria_rotich/atom2024/install/atom_qs/share/atom_qs/description/inertia_macros.xacro
[0.859s] -- Up-to-date: /home/victoria_rotich/atom2024/install/atom_qs/share/atom_qs/description/lidar.xacro
[0.859s] -- Up-to-date: /home/victoria_rotich/atom2024/install/atom_qs/share/atom_qs/description/robot.urdf.xacro
[0.859s] -- Up-to-date: /home/victoria_rotich/atom2024/install/atom_qs/share/atom_qs/description/robot_core.xacro
[0.859s] -- Up-to-date: /home/victoria_rotich/atom2024/install/atom_qs/share/atom_qs/description/gazebo_control.xacro
[0.860s] -- Up-to-date: /home/victoria_rotich/atom2024/install/atom_qs/share/atom_qs/launch
[0.860s] -- Up-to-date: /home/victoria_rotich/atom2024/install/atom_qs/share/atom_qs/launch/launch_sim.launch.py
[0.860s] -- Up-to-date: /home/victoria_rotich/atom2024/install/atom_qs/share/atom_qs/launch/rplidar.launch.py
[0.860s] -- Installing: /home/victoria_rotich/atom2024/install/atom_qs/share/atom_qs/launch/launch_robot.launch.py
[0.860s] -- Up-to-date: /home/victoria_rotich/atom2024/install/atom_qs/share/atom_qs/launch/joystick.launch.py
[0.860s] -- Up-to-date: /home/victoria_rotich/atom2024/install/atom_qs/share/atom_qs/launch/rsp.launch.py
[0.860s] -- Up-to-date: /home/victoria_rotich/atom2024/install/atom_qs/share/atom_qs/worlds
[0.861s] -- Up-to-date: /home/victoria_rotich/atom2024/install/atom_qs/share/atom_qs/worlds/dojo2024.world
[0.861s] -- Up-to-date: /home/victoria_rotich/atom2024/install/atom_qs/share/atom_qs/worlds/empty.world
[0.861s] -- Up-to-date: /home/victoria_rotich/atom2024/install/atom_qs/share/ament_index/resource_index/package_run_dependencies/atom_qs
[0.861s] -- Up-to-date: /home/victoria_rotich/atom2024/install/atom_qs/share/ament_index/resource_index/parent_prefix_path/atom_qs
[0.861s] -- Up-to-date: /home/victoria_rotich/atom2024/install/atom_qs/share/atom_qs/environment/ament_prefix_path.sh
[0.861s] -- Up-to-date: /home/victoria_rotich/atom2024/install/atom_qs/share/atom_qs/environment/ament_prefix_path.dsv
[0.861s] -- Up-to-date: /home/victoria_rotich/atom2024/install/atom_qs/share/atom_qs/environment/path.sh
[0.861s] -- Up-to-date: /home/victoria_rotich/atom2024/install/atom_qs/share/atom_qs/environment/path.dsv
[0.862s] -- Up-to-date: /home/victoria_rotich/atom2024/install/atom_qs/share/atom_qs/local_setup.bash
[0.862s] -- Up-to-date: /home/victoria_rotich/atom2024/install/atom_qs/share/atom_qs/local_setup.sh
[0.862s] -- Up-to-date: /home/victoria_rotich/atom2024/install/atom_qs/share/atom_qs/local_setup.zsh
[0.862s] -- Up-to-date: /home/victoria_rotich/atom2024/install/atom_qs/share/atom_qs/local_setup.dsv
[0.862s] -- Installing: /home/victoria_rotich/atom2024/install/atom_qs/share/atom_qs/package.dsv
[0.875s] -- Up-to-date: /home/victoria_rotich/atom2024/install/atom_qs/share/ament_index/resource_index/packages/atom_qs
[0.875s] -- Up-to-date: /home/victoria_rotich/atom2024/install/atom_qs/share/atom_qs/cmake/atom_qsConfig.cmake
[0.875s] -- Up-to-date: /home/victoria_rotich/atom2024/install/atom_qs/share/atom_qs/cmake/atom_qsConfig-version.cmake
[0.875s] -- Up-to-date: /home/victoria_rotich/atom2024/install/atom_qs/share/atom_qs/package.xml
[0.877s] Invoked command in '/home/victoria_rotich/atom2024/build/atom_qs' returned '0': CMAKE_PREFIX_PATH=${CMAKE_PREFIX_PATH}:/home/victoria_rotich/dojo_robotics_2025/install/talker:/home/victoria_rotich/dojo_robotics_2025/install/my_robot_package:/home/victoria_rotich/dojo_robotics_2025/install/listener:/home/victoria_rotich/dojo_robotics_2025/src/install/my_robot_package:/opt/ros/humble /usr/bin/cmake --install /home/victoria_rotich/atom2024/build/atom_qs
