[0.021s] Invoking command in '/home/victoria_rotich/atom2024/build/serial': CMAKE_PREFIX_PATH=${CMAKE_PREFIX_PATH}:/home/victoria_rotich/dojo_robotics_2025/install/talker:/home/victoria_rotich/dojo_robotics_2025/install/my_robot_package:/home/victoria_rotich/dojo_robotics_2025/install/listener:/home/victoria_rotich/dojo_robotics_2025/src/install/my_robot_package:/opt/ros/humble /usr/bin/cmake --build /home/victoria_rotich/atom2024/build/serial -- -j8 -l8
[0.065s] [35m[1mConsolidate compiler generated dependencies of target gtest[0m
[0.065s] [35m[1mConsolidate compiler generated dependencies of target gtest_main[0m
[0.068s] [35m[1mConsolidate compiler generated dependencies of target serial[0m
[0.082s] [ 14%] Built target gtest
[0.087s] [ 28%] Built target gtest_main
[0.088s] [ 57%] Built target serial
[0.111s] [35m[1mConsolidate compiler generated dependencies of target serial-test-timer[0m
[0.111s] [35m[1mConsolidate compiler generated dependencies of target serial_example[0m
[0.111s] [35m[1mConsolidate compiler generated dependencies of target serial-test[0m
[0.124s] [ 78%] Built target serial_example
[0.124s] [ 85%] Built target serial-test-timer
[0.126s] [100%] Built target serial-test
[0.140s] Invoked command in '/home/victoria_rotich/atom2024/build/serial' returned '0': CMAKE_PREFIX_PATH=${CMAKE_PREFIX_PATH}:/home/victoria_rotich/dojo_robotics_2025/install/talker:/home/victoria_rotich/dojo_robotics_2025/install/my_robot_package:/home/victoria_rotich/dojo_robotics_2025/install/listener:/home/victoria_rotich/dojo_robotics_2025/src/install/my_robot_package:/opt/ros/humble /usr/bin/cmake --build /home/victoria_rotich/atom2024/build/serial -- -j8 -l8
[0.143s] Invoking command in '/home/victoria_rotich/atom2024/build/serial': CMAKE_PREFIX_PATH=${CMAKE_PREFIX_PATH}:/home/victoria_rotich/dojo_robotics_2025/install/talker:/home/victoria_rotich/dojo_robotics_2025/install/my_robot_package:/home/victoria_rotich/dojo_robotics_2025/install/listener:/home/victoria_rotich/dojo_robotics_2025/src/install/my_robot_package:/opt/ros/humble /usr/bin/cmake --install /home/victoria_rotich/atom2024/build/serial
[0.151s] -- Install configuration: ""
[0.151s] -- Up-to-date: /home/victoria_rotich/atom2024/install/serial/lib/libserial.a
[0.151s] -- Up-to-date: /home/victoria_rotich/atom2024/install/serial/include/serial/serial.h
[0.151s] -- Up-to-date: /home/victoria_rotich/atom2024/install/serial/include/serial/v8stdint.h
[0.152s] -- Up-to-date: /home/victoria_rotich/atom2024/install/serial/share/serial/environment/library_path.sh
[0.152s] -- Up-to-date: /home/victoria_rotich/atom2024/install/serial/share/serial/environment/library_path.dsv
[0.152s] -- Up-to-date: /home/victoria_rotich/atom2024/install/serial/share/ament_index/resource_index/package_run_dependencies/serial
[0.152s] -- Up-to-date: /home/victoria_rotich/atom2024/install/serial/share/ament_index/resource_index/parent_prefix_path/serial
[0.152s] -- Up-to-date: /home/victoria_rotich/atom2024/install/serial/share/serial/environment/ament_prefix_path.sh
[0.152s] -- Up-to-date: /home/victoria_rotich/atom2024/install/serial/share/serial/environment/ament_prefix_path.dsv
[0.152s] -- Up-to-date: /home/victoria_rotich/atom2024/install/serial/share/serial/environment/path.sh
[0.153s] -- Up-to-date: /home/victoria_rotich/atom2024/install/serial/share/serial/environment/path.dsv
[0.153s] -- Up-to-date: /home/victoria_rotich/atom2024/install/serial/share/serial/local_setup.bash
[0.153s] -- Up-to-date: /home/victoria_rotich/atom2024/install/serial/share/serial/local_setup.sh
[0.153s] -- Up-to-date: /home/victoria_rotich/atom2024/install/serial/share/serial/local_setup.zsh
[0.153s] -- Up-to-date: /home/victoria_rotich/atom2024/install/serial/share/serial/local_setup.dsv
[0.153s] -- Installing: /home/victoria_rotich/atom2024/install/serial/share/serial/package.dsv
[0.153s] -- Up-to-date: /home/victoria_rotich/atom2024/install/serial/share/ament_index/resource_index/packages/serial
[0.154s] -- Up-to-date: /home/victoria_rotich/atom2024/install/serial/share/serial/cmake/ament_cmake_export_include_directories-extras.cmake
[0.154s] -- Up-to-date: /home/victoria_rotich/atom2024/install/serial/share/serial/cmake/ament_cmake_export_libraries-extras.cmake
[0.154s] -- Up-to-date: /home/victoria_rotich/atom2024/install/serial/share/serial/cmake/serialConfig.cmake
[0.154s] -- Up-to-date: /home/victoria_rotich/atom2024/install/serial/share/serial/cmake/serialConfig-version.cmake
[0.154s] -- Up-to-date: /home/victoria_rotich/atom2024/install/serial/share/serial/package.xml
[0.155s] Invoked command in '/home/victoria_rotich/atom2024/build/serial' returned '0': CMAKE_PREFIX_PATH=${CMAKE_PREFIX_PATH}:/home/victoria_rotich/dojo_robotics_2025/install/talker:/home/victoria_rotich/dojo_robotics_2025/install/my_robot_package:/home/victoria_rotich/dojo_robotics_2025/install/listener:/home/victoria_rotich/dojo_robotics_2025/src/install/my_robot_package:/opt/ros/humble /usr/bin/cmake --install /home/victoria_rotich/atom2024/build/serial
