-- Install configuration: ""
-- Up-to-date: /home/victoria_rotich/atom2024/install/atom_qs/share/atom_qs/config
-- Up-to-date: /home/victoria_rotich/atom2024/install/atom_qs/share/atom_qs/config/empty.yaml
-- Up-to-date: /home/victoria_rotich/atom2024/install/atom_qs/share/atom_qs/config/gazebo_params.yaml
-- Up-to-date: /home/victoria_rotich/atom2024/install/atom_qs/share/atom_qs/config/view_atom.rviz
-- Up-to-date: /home/victoria_rotich/atom2024/install/atom_qs/share/atom_qs/config/gaz_ros2_ctl_use_sim.yaml
-- Up-to-date: /home/victoria_rotich/atom2024/install/atom_qs/share/atom_qs/config/mapper_params_online_async.yaml
-- Installing: /home/victoria_rotich/atom2024/install/atom_qs/share/atom_qs/config/twist_mux.yaml
-- Up-to-date: /home/victoria_rotich/atom2024/install/atom_qs/share/atom_qs/config/my_controllers.yaml
-- Up-to-date: /home/victoria_rotich/atom2024/install/atom_qs/share/atom_qs/config/joystick.yaml
-- Up-to-date: /home/victoria_rotich/atom2024/install/atom_qs/share/atom_qs/description
-- Up-to-date: /home/victoria_rotich/atom2024/install/atom_qs/share/atom_qs/description/ros2_control.xacro
-- Up-to-date: /home/victoria_rotich/atom2024/install/atom_qs/share/atom_qs/description/inertia_macros.xacro
-- Up-to-date: /home/victoria_rotich/atom2024/install/atom_qs/share/atom_qs/description/lidar.xacro
-- Up-to-date: /home/victoria_rotich/atom2024/install/atom_qs/share/atom_qs/description/robot.urdf.xacro
-- Up-to-date: /home/victoria_rotich/atom2024/install/atom_qs/share/atom_qs/description/robot_core.xacro
-- Up-to-date: /home/victoria_rotich/atom2024/install/atom_qs/share/atom_qs/description/gazebo_control.xacro
-- Up-to-date: /home/victoria_rotich/atom2024/install/atom_qs/share/atom_qs/launch
-- Up-to-date: /home/victoria_rotich/atom2024/install/atom_qs/share/atom_qs/launch/launch_sim.launch.py
-- Up-to-date: /home/victoria_rotich/atom2024/install/atom_qs/share/atom_qs/launch/rplidar.launch.py
-- Up-to-date: /home/victoria_rotich/atom2024/install/atom_qs/share/atom_qs/launch/launch_robot.launch.py
-- Up-to-date: /home/victoria_rotich/atom2024/install/atom_qs/share/atom_qs/launch/joystick.launch.py
-- Up-to-date: /home/victoria_rotich/atom2024/install/atom_qs/share/atom_qs/launch/rsp.launch.py
-- Up-to-date: /home/victoria_rotich/atom2024/install/atom_qs/share/atom_qs/worlds
-- Up-to-date: /home/victoria_rotich/atom2024/install/atom_qs/share/atom_qs/worlds/dojo2024.world
-- Up-to-date: /home/victoria_rotich/atom2024/install/atom_qs/share/atom_qs/worlds/empty.world
-- Up-to-date: /home/victoria_rotich/atom2024/install/atom_qs/share/ament_index/resource_index/package_run_dependencies/atom_qs
-- Up-to-date: /home/victoria_rotich/atom2024/install/atom_qs/share/ament_index/resource_index/parent_prefix_path/atom_qs
-- Up-to-date: /home/victoria_rotich/atom2024/install/atom_qs/share/atom_qs/environment/ament_prefix_path.sh
-- Up-to-date: /home/victoria_rotich/atom2024/install/atom_qs/share/atom_qs/environment/ament_prefix_path.dsv
-- Up-to-date: /home/victoria_rotich/atom2024/install/atom_qs/share/atom_qs/environment/path.sh
-- Up-to-date: /home/victoria_rotich/atom2024/install/atom_qs/share/atom_qs/environment/path.dsv
-- Up-to-date: /home/victoria_rotich/atom2024/install/atom_qs/share/atom_qs/local_setup.bash
-- Up-to-date: /home/victoria_rotich/atom2024/install/atom_qs/share/atom_qs/local_setup.sh
-- Up-to-date: /home/victoria_rotich/atom2024/install/atom_qs/share/atom_qs/local_setup.zsh
-- Up-to-date: /home/victoria_rotich/atom2024/install/atom_qs/share/atom_qs/local_setup.dsv
-- Up-to-date: /home/victoria_rotich/atom2024/install/atom_qs/share/atom_qs/package.dsv
-- Up-to-date: /home/victoria_rotich/atom2024/install/atom_qs/share/ament_index/resource_index/packages/atom_qs
-- Up-to-date: /home/victoria_rotich/atom2024/install/atom_qs/share/atom_qs/cmake/atom_qsConfig.cmake
-- Up-to-date: /home/victoria_rotich/atom2024/install/atom_qs/share/atom_qs/cmake/atom_qsConfig-version.cmake
-- Up-to-date: /home/victoria_rotich/atom2024/install/atom_qs/share/atom_qs/package.xml
